-------------------------------------------------------------------------------
Test set: org.apache.flink.connector.jdbc.catalog.factory.JdbcCatalogFactoryTest
-------------------------------------------------------------------------------
Tests run: 1, Failures: 0, Errors: 1, Skipped: 0, Time elapsed: 8.073 s <<< FAILURE! - in org.apache.flink.connector.jdbc.catalog.factory.JdbcCatalogFactoryTest
org.apache.flink.connector.jdbc.catalog.factory.JdbcCatalogFactoryTest  Time elapsed: 8.073 s  <<< ERROR!
java.lang.IllegalStateException: 
Process [/var/folders/9v/knhh7l116z927rs422hz7g7r0000gn/T/embedded-pg/PG-73dc0043fe7bdb624d5e8726bc457b7e/bin/initdb, -A, trust, -U, postgres, -D, /var/folders/9v/knhh7l116z927rs422hz7g7r0000gn/T/epg4401151889630357785, -E, UTF-8] failed

	at com.opentable.db.postgres.embedded.EmbeddedPostgres.system(EmbeddedPostgres.java:602)
	at com.opentable.db.postgres.embedded.EmbeddedPostgres.initdb(EmbeddedPostgres.java:221)
	at com.opentable.db.postgres.embedded.EmbeddedPostgres.<init>(EmbeddedPostgres.java:142)
	at com.opentable.db.postgres.embedded.EmbeddedPostgres$Builder.start(EmbeddedPostgres.java:554)
	at com.opentable.db.postgres.junit.SingleInstancePostgresRule.pg(SingleInstancePostgresRule.java:46)
	at com.opentable.db.postgres.junit.SingleInstancePostgresRule.before(SingleInstancePostgresRule.java:39)
	at org.junit.rules.ExternalResource$1.evaluate(ExternalResource.java:50)
	at org.junit.rules.RunRules.evaluate(RunRules.java:20)
	at org.junit.runners.ParentRunner$3.evaluate(ParentRunner.java:306)
	at org.junit.runners.ParentRunner.run(ParentRunner.java:413)
	at org.junit.runner.JUnitCore.run(JUnitCore.java:137)
	at org.junit.runner.JUnitCore.run(JUnitCore.java:115)
	at org.junit.vintage.engine.execution.RunnerExecutor.execute(RunnerExecutor.java:43)
	at java.util.stream.ForEachOps$ForEachOp$OfRef.accept(ForEachOps.java:184)
	at java.util.stream.ReferencePipeline$3$1.accept(ReferencePipeline.java:193)
	at java.util.Iterator.forEachRemaining(Iterator.java:116)
	at java.util.Spliterators$IteratorSpliterator.forEachRemaining(Spliterators.java:1801)
	at java.util.stream.AbstractPipeline.copyInto(AbstractPipeline.java:482)
	at java.util.stream.AbstractPipeline.wrapAndCopyInto(AbstractPipeline.java:472)
	at java.util.stream.ForEachOps$ForEachOp.evaluateSequential(ForEachOps.java:151)
	at java.util.stream.ForEachOps$ForEachOp$OfRef.evaluateSequential(ForEachOps.java:174)
	at java.util.stream.AbstractPipeline.evaluate(AbstractPipeline.java:234)
	at java.util.stream.ReferencePipeline.forEach(ReferencePipeline.java:418)
	at org.junit.vintage.engine.VintageTestEngine.executeAllChildren(VintageTestEngine.java:82)
	at org.junit.vintage.engine.VintageTestEngine.execute(VintageTestEngine.java:73)
	at org.junit.platform.launcher.core.DefaultLauncher.execute(DefaultLauncher.java:220)
	at org.junit.platform.launcher.core.DefaultLauncher.lambda$execute$6(DefaultLauncher.java:188)
	at org.junit.platform.launcher.core.DefaultLauncher.withInterceptedStreams(DefaultLauncher.java:202)
	at org.junit.platform.launcher.core.DefaultLauncher.execute(DefaultLauncher.java:181)
	at org.junit.platform.launcher.core.DefaultLauncher.execute(DefaultLauncher.java:128)
	at org.apache.maven.surefire.junitplatform.JUnitPlatformProvider.invokeAllTests(JUnitPlatformProvider.java:150)
	at org.apache.maven.surefire.junitplatform.JUnitPlatformProvider.invoke(JUnitPlatformProvider.java:120)
	at org.apache.maven.surefire.booter.ForkedBooter.invokeProviderInSameClassLoader(ForkedBooter.java:384)
	at org.apache.maven.surefire.booter.ForkedBooter.runSuitesInProcess(ForkedBooter.java:345)
	at org.apache.maven.surefire.booter.ForkedBooter.execute(ForkedBooter.java:126)
	at org.apache.maven.surefire.booter.ForkedBooter.main(ForkedBooter.java:418)

