<?xml version="1.0" encoding="UTF-8"?>
<testsuite xmlns:xsi="http://www.w3.org/2001/XMLSchema-instance" xsi:noNamespaceSchemaLocation="https://maven.apache.org/surefire/maven-surefire-plugin/xsd/surefire-test-report.xsd" name="org.apache.flink.table.types.DataTypesTest" time="0.09" tests="255" errors="0" skipped="0" failures="0">
  <properties>
[...]
</properties>
  <testcase name="testChildren[0: CHAR{2}]" classname="org.apache.flink.table.types.DataTypesTest" time="0"/>
  <testcase name="testUnresolvedString[0: CHAR{2}]" classname="org.apache.flink.table.types.DataTypesTest" time="0"/>
  <testcase name="testLogicalType[0: CHAR{2}]" classname="org.apache.flink.table.types.DataTypesTest" time="0.004"/>
  <testcase name="testConversionClass[0: CHAR{2}]" classname="org.apache.flink.table.types.DataTypesTest" time="0"/>
  <testcase name="testResolvedDataType[0: CHAR{2}]" classname="org.apache.flink.table.types.DataTypesTest" time="0.001"/>
  <testcase name="testChildren[1: VARCHAR{2}]" classname="org.apache.flink.table.types.DataTypesTest" time="0"/>
  <testcase name="testUnresolvedString[1: VARCHAR{2}]" classname="org.apache.flink.table.types.DataTypesTest" time="0"/>
  <testcase name="testLogicalType[1: VARCHAR{2}]" classname="org.apache.flink.table.types.DataTypesTest" time="0"/>
  <testcase name="testConversionClass[1: VARCHAR{2}]" classname="org.apache.flink.table.types.DataTypesTest" time="0"/>
  <testcase name="testResolvedDataType[1: VARCHAR{2}]" classname="org.apache.flink.table.types.DataTypesTest" time="0"/>
  <testcase name="testChildren[2: STRING]" classname="org.apache.flink.table.types.DataTypesTest" time="0"/>
  <testcase name="testUnresolvedString[2: STRING]" classname="org.apache.flink.table.types.DataTypesTest" time="0.001"/>
  <testcase name="testLogicalType[2: STRING]" classname="org.apache.flink.table.types.DataTypesTest" time="0"/>
  <testcase name="testConversionClass[2: STRING]" classname="org.apache.flink.table.types.DataTypesTest" time="0"/>
  <testcase name="testResolvedDataType[2: STRING]" classname="org.apache.flink.table.types.DataTypesTest" time="0"/>
  <testcase name="testChildren[3: BOOLEAN]" classname="org.apache.flink.table.types.DataTypesTest" time="0"/>
  <testcase name="testUnresolvedString[3: BOOLEAN]" classname="org.apache.flink.table.types.DataTypesTest" time="0"/>
  <testcase name="testLogicalType[3: BOOLEAN]" classname="org.apache.flink.table.types.DataTypesTest" time="0"/>
  <testcase name="testConversionClass[3: BOOLEAN]" classname="org.apache.flink.table.types.DataTypesTest" time="0"/>
  <testcase name="testResolvedDataType[3: BOOLEAN]" classname="org.apache.flink.table.types.DataTypesTest" time="0"/>
  <testcase name="testChildren[4: BINARY{42}]" classname="org.apache.flink.table.types.DataTypesTest" time="0"/>
  <testcase name="testUnresolvedString[4: BINARY{42}]" classname="org.apache.flink.table.types.DataTypesTest" time="0"/>
  <testcase name="testLogicalType[4: BINARY{42}]" classname="org.apache.flink.table.types.DataTypesTest" time="0"/>
  <testcase name="testConversionClass[4: BINARY{42}]" classname="org.apache.flink.table.types.DataTypesTest" time="0"/>
  <testcase name="testResolvedDataType[4: BINARY{42}]" classname="org.apache.flink.table.types.DataTypesTest" time="0"/>
  <testcase name="testChildren[5: VARBINARY{42}]" classname="org.apache.flink.table.types.DataTypesTest" time="0"/>
  <testcase name="testUnresolvedString[5: VARBINARY{42}]" classname="org.apache.flink.table.types.DataTypesTest" time="0"/>
  <testcase name="testLogicalType[5: VARBINARY{42}]" classname="org.apache.flink.table.types.DataTypesTest" time="0"/>
  <testcase name="testConversionClass[5: VARBINARY{42}]" classname="org.apache.flink.table.types.DataTypesTest" time="0.001"/>
  <testcase name="testResolvedDataType[5: VARBINARY{42}]" classname="org.apache.flink.table.types.DataTypesTest" time="0"/>
  <testcase name="testChildren[6: BYTES]" classname="org.apache.flink.table.types.DataTypesTest" time="0.001"/>
  <testcase name="testUnresolvedString[6: BYTES]" classname="org.apache.flink.table.types.DataTypesTest" time="0"/>
  <testcase name="testLogicalType[6: BYTES]" classname="org.apache.flink.table.types.DataTypesTest" time="0"/>
  <testcase name="testConversionClass[6: BYTES]" classname="org.apache.flink.table.types.DataTypesTest" time="0"/>
  <testcase name="testResolvedDataType[6: BYTES]" classname="org.apache.flink.table.types.DataTypesTest" time="0"/>
  <testcase name="testChildren[7: DECIMAL{10, 10}]" classname="org.apache.flink.table.types.DataTypesTest" time="0.001"/>
  <testcase name="testUnresolvedString[7: DECIMAL{10, 10}]" classname="org.apache.flink.table.types.DataTypesTest" time="0"/>
  <testcase name="testLogicalType[7: DECIMAL{10, 10}]" classname="org.apache.flink.table.types.DataTypesTest" time="0.001"/>
  <testcase name="testConversionClass[7: DECIMAL{10, 10}]" classname="org.apache.flink.table.types.DataTypesTest" time="0"/>
  <testcase name="testResolvedDataType[7: DECIMAL{10, 10}]" classname="org.apache.flink.table.types.DataTypesTest" time="0"/>
  <testcase name="testChildren[8: TINYINT]" classname="org.apache.flink.table.types.DataTypesTest" time="0"/>
  <testcase name="testUnresolvedString[8: TINYINT]" classname="org.apache.flink.table.types.DataTypesTest" time="0"/>
  <testcase name="testLogicalType[8: TINYINT]" classname="org.apache.flink.table.types.DataTypesTest" time="0"/>
  <testcase name="testConversionClass[8: TINYINT]" classname="org.apache.flink.table.types.DataTypesTest" time="0"/>
  <testcase name="testResolvedDataType[8: TINYINT]" classname="org.apache.flink.table.types.DataTypesTest" time="0"/>
  <testcase name="testChildren[9: SMALLINT]" classname="org.apache.flink.table.types.DataTypesTest" time="0.001"/>
  <testcase name="testUnresolvedString[9: SMALLINT]" classname="org.apache.flink.table.types.DataTypesTest" time="0"/>
  <testcase name="testLogicalType[9: SMALLINT]" classname="org.apache.flink.table.types.DataTypesTest" time="0"/>
  <testcase name="testConversionClass[9: SMALLINT]" classname="org.apache.flink.table.types.DataTypesTest" time="0"/>
  <testcase name="testResolvedDataType[9: SMALLINT]" classname="org.apache.flink.table.types.DataTypesTest" time="0"/>
  <testcase name="testChildren[10: INT]" classname="org.apache.flink.table.types.DataTypesTest" time="0"/>
  <testcase name="testUnresolvedString[10: INT]" classname="org.apache.flink.table.types.DataTypesTest" time="0"/>
  <testcase name="testLogicalType[10: INT]" classname="org.apache.flink.table.types.DataTypesTest" time="0"/>
  <testcase name="testConversionClass[10: INT]" classname="org.apache.flink.table.types.DataTypesTest" time="0"/>
  <testcase name="testResolvedDataType[10: INT]" classname="org.apache.flink.table.types.DataTypesTest" time="0"/>
  <testcase name="testChildren[11: BIGINT]" classname="org.apache.flink.table.types.DataTypesTest" time="0"/>
  <testcase name="testUnresolvedString[11: BIGINT]" classname="org.apache.flink.table.types.DataTypesTest" time="0"/>
  <testcase name="testLogicalType[11: BIGINT]" classname="org.apache.flink.table.types.DataTypesTest" time="0"/>
  <testcase name="testConversionClass[11: BIGINT]" classname="org.apache.flink.table.types.DataTypesTest" time="0"/>
  <testcase name="testResolvedDataType[11: BIGINT]" classname="org.apache.flink.table.types.DataTypesTest" time="0"/>
  <testcase name="testChildren[12: FLOAT]" classname="org.apache.flink.table.types.DataTypesTest" time="0"/>
  <testcase name="testUnresolvedString[12: FLOAT]" classname="org.apache.flink.table.types.DataTypesTest" time="0"/>
  <testcase name="testLogicalType[12: FLOAT]" classname="org.apache.flink.table.types.DataTypesTest" time="0"/>
  <testcase name="testConversionClass[12: FLOAT]" classname="org.apache.flink.table.types.DataTypesTest" time="0"/>
  <testcase name="testResolvedDataType[12: FLOAT]" classname="org.apache.flink.table.types.DataTypesTest" time="0"/>
  <testcase name="testChildren[13: DOUBLE]" classname="org.apache.flink.table.types.DataTypesTest" time="0"/>
  <testcase name="testUnresolvedString[13: DOUBLE]" classname="org.apache.flink.table.types.DataTypesTest" time="0"/>
  <testcase name="testLogicalType[13: DOUBLE]" classname="org.apache.flink.table.types.DataTypesTest" time="0"/>
  <testcase name="testConversionClass[13: DOUBLE]" classname="org.apache.flink.table.types.DataTypesTest" time="0.001"/>
  <testcase name="testResolvedDataType[13: DOUBLE]" classname="org.apache.flink.table.types.DataTypesTest" time="0"/>
  <testcase name="testChildren[14: DATE]" classname="org.apache.flink.table.types.DataTypesTest" time="0"/>
  <testcase name="testUnresolvedString[14: DATE]" classname="org.apache.flink.table.types.DataTypesTest" time="0"/>
  <testcase name="testLogicalType[14: DATE]" classname="org.apache.flink.table.types.DataTypesTest" time="0.001"/>
  <testcase name="testConversionClass[14: DATE]" classname="org.apache.flink.table.types.DataTypesTest" time="0"/>
  <testcase name="testResolvedDataType[14: DATE]" classname="org.apache.flink.table.types.DataTypesTest" time="0"/>
  <testcase name="testChildren[15: TIME{3}]" classname="org.apache.flink.table.types.DataTypesTest" time="0"/>
  <testcase name="testUnresolvedString[15: TIME{3}]" classname="org.apache.flink.table.types.DataTypesTest" time="0"/>
  <testcase name="testLogicalType[15: TIME{3}]" classname="org.apache.flink.table.types.DataTypesTest" time="0.001"/>
  <testcase name="testConversionClass[15: TIME{3}]" classname="org.apache.flink.table.types.DataTypesTest" time="0"/>
  <testcase name="testResolvedDataType[15: TIME{3}]" classname="org.apache.flink.table.types.DataTypesTest" time="0"/>
  <testcase name="testChildren[16: TIME{0}]" classname="org.apache.flink.table.types.DataTypesTest" time="0.001"/>
  <testcase name="testUnresolvedString[16: TIME{0}]" classname="org.apache.flink.table.types.DataTypesTest" time="0"/>
  <testcase name="testLogicalType[16: TIME{0}]" classname="org.apache.flink.table.types.DataTypesTest" time="0"/>
  <testcase name="testConversionClass[16: TIME{0}]" classname="org.apache.flink.table.types.DataTypesTest" time="0"/>
  <testcase name="testResolvedDataType[16: TIME{0}]" classname="org.apache.flink.table.types.DataTypesTest" time="0"/>
  <testcase name="testChildren[17: TIMESTAMP{3}]" classname="org.apache.flink.table.types.DataTypesTest" time="0"/>
  <testcase name="testUnresolvedString[17: TIMESTAMP{3}]" classname="org.apache.flink.table.types.DataTypesTest" time="0.001"/>
  <testcase name="testLogicalType[17: TIMESTAMP{3}]" classname="org.apache.flink.table.types.DataTypesTest" time="0.001"/>
  <testcase name="testConversionClass[17: TIMESTAMP{3}]" classname="org.apache.flink.table.types.DataTypesTest" time="0.001"/>
  <testcase name="testResolvedDataType[17: TIMESTAMP{3}]" classname="org.apache.flink.table.types.DataTypesTest" time="0"/>
  <testcase name="testChildren[18: TIMESTAMP{6}]" classname="org.apache.flink.table.types.DataTypesTest" time="0"/>
  <testcase name="testUnresolvedString[18: TIMESTAMP{6}]" classname="org.apache.flink.table.types.DataTypesTest" time="0"/>
  <testcase name="testLogicalType[18: TIMESTAMP{6}]" classname="org.apache.flink.table.types.DataTypesTest" time="0"/>
  <testcase name="testConversionClass[18: TIMESTAMP{6}]" classname="org.apache.flink.table.types.DataTypesTest" time="0"/>
  <testcase name="testResolvedDataType[18: TIMESTAMP{6}]" classname="org.apache.flink.table.types.DataTypesTest" time="0"/>
  <testcase name="testChildren[19: TIMESTAMP{3} WITH TIME ZONE]" classname="org.apache.flink.table.types.DataTypesTest" time="0"/>
  <testcase name="testUnresolvedString[19: TIMESTAMP{3} WITH TIME ZONE]" classname="org.apache.flink.table.types.DataTypesTest" time="0.002"/>
  <testcase name="testLogicalType[19: TIMESTAMP{3} WITH TIME ZONE]" classname="org.apache.flink.table.types.DataTypesTest" time="0"/>
  <testcase name="testConversionClass[19: TIMESTAMP{3} WITH TIME ZONE]" classname="org.apache.flink.table.types.DataTypesTest" time="0"/>
  <testcase name="testResolvedDataType[19: TIMESTAMP{3} WITH TIME ZONE]" classname="org.apache.flink.table.types.DataTypesTest" time="0"/>
  <testcase name="testChildren[20: TIMESTAMP{6} WITH TIME ZONE]" classname="org.apache.flink.table.types.DataTypesTest" time="0"/>
  <testcase name="testUnresolvedString[20: TIMESTAMP{6} WITH TIME ZONE]" classname="org.apache.flink.table.types.DataTypesTest" time="0"/>
  <testcase name="testLogicalType[20: TIMESTAMP{6} WITH TIME ZONE]" classname="org.apache.flink.table.types.DataTypesTest" time="0.001"/>
  <testcase name="testConversionClass[20: TIMESTAMP{6} WITH TIME ZONE]" classname="org.apache.flink.table.types.DataTypesTest" time="0"/>
  <testcase name="testResolvedDataType[20: TIMESTAMP{6} WITH TIME ZONE]" classname="org.apache.flink.table.types.DataTypesTest" time="0"/>
  <testcase name="testChildren[21: TIMESTAMP_LTZ{3}]" classname="org.apache.flink.table.types.DataTypesTest" time="0"/>
  <testcase name="testUnresolvedString[21: TIMESTAMP_LTZ{3}]" classname="org.apache.flink.table.types.DataTypesTest" time="0"/>
  <testcase name="testLogicalType[21: TIMESTAMP_LTZ{3}]" classname="org.apache.flink.table.types.DataTypesTest" time="0"/>
  <testcase name="testConversionClass[21: TIMESTAMP_LTZ{3}]" classname="org.apache.flink.table.types.DataTypesTest" time="0"/>
  <testcase name="testResolvedDataType[21: TIMESTAMP_LTZ{3}]" classname="org.apache.flink.table.types.DataTypesTest" time="0"/>
  <testcase name="testChildren[22: TIMESTAMP_LTZ{6}]" classname="org.apache.flink.table.types.DataTypesTest" time="0"/>
  <testcase name="testUnresolvedString[22: TIMESTAMP_LTZ{6}]" classname="org.apache.flink.table.types.DataTypesTest" time="0"/>
  <testcase name="testLogicalType[22: TIMESTAMP_LTZ{6}]" classname="org.apache.flink.table.types.DataTypesTest" time="0"/>
  <testcase name="testConversionClass[22: TIMESTAMP_LTZ{6}]" classname="org.apache.flink.table.types.DataTypesTest" time="0"/>
  <testcase name="testResolvedDataType[22: TIMESTAMP_LTZ{6}]" classname="org.apache.flink.table.types.DataTypesTest" time="0"/>
  <testcase name="testChildren[23: TIMESTAMP_LTZ{3}]" classname="org.apache.flink.table.types.DataTypesTest" time="0"/>
  <testcase name="testUnresolvedString[23: TIMESTAMP_LTZ{3}]" classname="org.apache.flink.table.types.DataTypesTest" time="0"/>
  <testcase name="testLogicalType[23: TIMESTAMP_LTZ{3}]" classname="org.apache.flink.table.types.DataTypesTest" time="0"/>
  <testcase name="testConversionClass[23: TIMESTAMP_LTZ{3}]" classname="org.apache.flink.table.types.DataTypesTest" time="0"/>
  <testcase name="testResolvedDataType[23: TIMESTAMP_LTZ{3}]" classname="org.apache.flink.table.types.DataTypesTest" time="0"/>
  <testcase name="testChildren[24: TIMESTAMP_LTZ{6}]" classname="org.apache.flink.table.types.DataTypesTest" time="0"/>
  <testcase name="testUnresolvedString[24: TIMESTAMP_LTZ{6}]" classname="org.apache.flink.table.types.DataTypesTest" time="0.001"/>
  <testcase name="testLogicalType[24: TIMESTAMP_LTZ{6}]" classname="org.apache.flink.table.types.DataTypesTest" time="0"/>
  <testcase name="testConversionClass[24: TIMESTAMP_LTZ{6}]" classname="org.apache.flink.table.types.DataTypesTest" time="0"/>
  <testcase name="testResolvedDataType[24: TIMESTAMP_LTZ{6}]" classname="org.apache.flink.table.types.DataTypesTest" time="0"/>
  <testcase name="testChildren[25: INTERVAL MINUTE TO SECOND{3}]" classname="org.apache.flink.table.types.DataTypesTest" time="0"/>
  <testcase name="testUnresolvedString[25: INTERVAL MINUTE TO SECOND{3}]" classname="org.apache.flink.table.types.DataTypesTest" time="0"/>
  <testcase name="testLogicalType[25: INTERVAL MINUTE TO SECOND{3}]" classname="org.apache.flink.table.types.DataTypesTest" time="0"/>
  <testcase name="testConversionClass[25: INTERVAL MINUTE TO SECOND{3}]" classname="org.apache.flink.table.types.DataTypesTest" time="0"/>
  <testcase name="testResolvedDataType[25: INTERVAL MINUTE TO SECOND{3}]" classname="org.apache.flink.table.types.DataTypesTest" time="0"/>
  <testcase name="testChildren[26: INTERVAL MONTH]" classname="org.apache.flink.table.types.DataTypesTest" time="0"/>
  <testcase name="testUnresolvedString[26: INTERVAL MONTH]" classname="org.apache.flink.table.types.DataTypesTest" time="0"/>
  <testcase name="testLogicalType[26: INTERVAL MONTH]" classname="org.apache.flink.table.types.DataTypesTest" time="0"/>
  <testcase name="testConversionClass[26: INTERVAL MONTH]" classname="org.apache.flink.table.types.DataTypesTest" time="0"/>
  <testcase name="testResolvedDataType[26: INTERVAL MONTH]" classname="org.apache.flink.table.types.DataTypesTest" time="0"/>
  <testcase name="testChildren[27: ARRAY&lt;ARRAY&lt;INT&gt;&gt;]" classname="org.apache.flink.table.types.DataTypesTest" time="0"/>
  <testcase name="testUnresolvedString[27: ARRAY&lt;ARRAY&lt;INT&gt;&gt;]" classname="org.apache.flink.table.types.DataTypesTest" time="0"/>
  <testcase name="testLogicalType[27: ARRAY&lt;ARRAY&lt;INT&gt;&gt;]" classname="org.apache.flink.table.types.DataTypesTest" time="0"/>
  <testcase name="testConversionClass[27: ARRAY&lt;ARRAY&lt;INT&gt;&gt;]" classname="org.apache.flink.table.types.DataTypesTest" time="0"/>
  <testcase name="testResolvedDataType[27: ARRAY&lt;ARRAY&lt;INT&gt;&gt;]" classname="org.apache.flink.table.types.DataTypesTest" time="0"/>
  <testcase name="testChildren[28: ARRAY&lt;ARRAY&lt;INT NOT NULL&gt;&gt;]" classname="org.apache.flink.table.types.DataTypesTest" time="0.001"/>
  <testcase name="testUnresolvedString[28: ARRAY&lt;ARRAY&lt;INT NOT NULL&gt;&gt;]" classname="org.apache.flink.table.types.DataTypesTest" time="0"/>
  <testcase name="testLogicalType[28: ARRAY&lt;ARRAY&lt;INT NOT NULL&gt;&gt;]" classname="org.apache.flink.table.types.DataTypesTest" time="0"/>
  <testcase name="testConversionClass[28: ARRAY&lt;ARRAY&lt;INT NOT NULL&gt;&gt;]" classname="org.apache.flink.table.types.DataTypesTest" time="0"/>
  <testcase name="testResolvedDataType[28: ARRAY&lt;ARRAY&lt;INT NOT NULL&gt;&gt;]" classname="org.apache.flink.table.types.DataTypesTest" time="0"/>
  <testcase name="testChildren[29: MULTISET&lt;MULTISET&lt;INT&gt;&gt;]" classname="org.apache.flink.table.types.DataTypesTest" time="0"/>
  <testcase name="testUnresolvedString[29: MULTISET&lt;MULTISET&lt;INT&gt;&gt;]" classname="org.apache.flink.table.types.DataTypesTest" time="0"/>
  <testcase name="testLogicalType[29: MULTISET&lt;MULTISET&lt;INT&gt;&gt;]" classname="org.apache.flink.table.types.DataTypesTest" time="0"/>
  <testcase name="testConversionClass[29: MULTISET&lt;MULTISET&lt;INT&gt;&gt;]" classname="org.apache.flink.table.types.DataTypesTest" time="0"/>
  <testcase name="testResolvedDataType[29: MULTISET&lt;MULTISET&lt;INT&gt;&gt;]" classname="org.apache.flink.table.types.DataTypesTest" time="0"/>
  <testcase name="testChildren[30: MAP&lt;INT, SMALLINT&gt;]" classname="org.apache.flink.table.types.DataTypesTest" time="0"/>
  <testcase name="testUnresolvedString[30: MAP&lt;INT, SMALLINT&gt;]" classname="org.apache.flink.table.types.DataTypesTest" time="0"/>
  <testcase name="testLogicalType[30: MAP&lt;INT, SMALLINT&gt;]" classname="org.apache.flink.table.types.DataTypesTest" time="0"/>
  <testcase name="testConversionClass[30: MAP&lt;INT, SMALLINT&gt;]" classname="org.apache.flink.table.types.DataTypesTest" time="0"/>
  <testcase name="testResolvedDataType[30: MAP&lt;INT, SMALLINT&gt;]" classname="org.apache.flink.table.types.DataTypesTest" time="0"/>
  <testcase name="testChildren[31: ROW&lt;`field1` CHAR{2}, `field2` BOOLEAN&gt;]" classname="org.apache.flink.table.types.DataTypesTest" time="0"/>
  <testcase name="testUnresolvedString[31: ROW&lt;`field1` CHAR{2}, `field2` BOOLEAN&gt;]" classname="org.apache.flink.table.types.DataTypesTest" time="0"/>
  <testcase name="testLogicalType[31: ROW&lt;`field1` CHAR{2}, `field2` BOOLEAN&gt;]" classname="org.apache.flink.table.types.DataTypesTest" time="0.002"/>
  <testcase name="testConversionClass[31: ROW&lt;`field1` CHAR{2}, `field2` BOOLEAN&gt;]" classname="org.apache.flink.table.types.DataTypesTest" time="0"/>
  <testcase name="testResolvedDataType[31: ROW&lt;`field1` CHAR{2}, `field2` BOOLEAN&gt;]" classname="org.apache.flink.table.types.DataTypesTest" time="0"/>
  <testcase name="testChildren[32: ROW&lt;`f0` INT, `f1` FLOAT&gt;]" classname="org.apache.flink.table.types.DataTypesTest" time="0"/>
  <testcase name="testUnresolvedString[32: ROW&lt;`f0` INT, `f1` FLOAT&gt;]" classname="org.apache.flink.table.types.DataTypesTest" time="0"/>
  <testcase name="testLogicalType[32: ROW&lt;`f0` INT, `f1` FLOAT&gt;]" classname="org.apache.flink.table.types.DataTypesTest" time="0.001"/>
  <testcase name="testConversionClass[32: ROW&lt;`f0` INT, `f1` FLOAT&gt;]" classname="org.apache.flink.table.types.DataTypesTest" time="0"/>
  <testcase name="testResolvedDataType[32: ROW&lt;`f0` INT, `f1` FLOAT&gt;]" classname="org.apache.flink.table.types.DataTypesTest" time="0"/>
  <testcase name="testChildren[33: NULL]" classname="org.apache.flink.table.types.DataTypesTest" time="0"/>
  <testcase name="testUnresolvedString[33: NULL]" classname="org.apache.flink.table.types.DataTypesTest" time="0"/>
  <testcase name="testLogicalType[33: NULL]" classname="org.apache.flink.table.types.DataTypesTest" time="0"/>
  <testcase name="testConversionClass[33: NULL]" classname="org.apache.flink.table.types.DataTypesTest" time="0"/>
  <testcase name="testResolvedDataType[33: NULL]" classname="org.apache.flink.table.types.DataTypesTest" time="0"/>
  <testcase name="testChildren[34: RAW{&apos;java.lang.Void&apos;, &apos;...&apos;}]" classname="org.apache.flink.table.types.DataTypesTest" time="0"/>
  <testcase name="testUnresolvedString[34: RAW{&apos;java.lang.Void&apos;, &apos;...&apos;}]" classname="org.apache.flink.table.types.DataTypesTest" time="0"/>
  <testcase name="testLogicalType[34: RAW{&apos;java.lang.Void&apos;, &apos;...&apos;}]" classname="org.apache.flink.table.types.DataTypesTest" time="0"/>
  <testcase name="testConversionClass[34: RAW{&apos;java.lang.Void&apos;, &apos;...&apos;}]" classname="org.apache.flink.table.types.DataTypesTest" time="0"/>
  <testcase name="testResolvedDataType[34: RAW{&apos;java.lang.Void&apos;, &apos;...&apos;}]" classname="org.apache.flink.table.types.DataTypesTest" time="0"/>
  <testcase name="testChildren[35: [RAW{&apos;java.lang.Void&apos;, &apos;?&apos;}]]" classname="org.apache.flink.table.types.DataTypesTest" time="0"/>
  <testcase name="testUnresolvedString[35: [RAW{&apos;java.lang.Void&apos;, &apos;?&apos;}]]" classname="org.apache.flink.table.types.DataTypesTest" time="0"/>
  <testcase name="testLogicalType[35: [RAW{&apos;java.lang.Void&apos;, &apos;?&apos;}]]" classname="org.apache.flink.table.types.DataTypesTest" time="0"/>
  <testcase name="testConversionClass[35: [RAW{&apos;java.lang.Void&apos;, &apos;?&apos;}]]" classname="org.apache.flink.table.types.DataTypesTest" time="0"/>
  <testcase name="testResolvedDataType[35: [RAW{&apos;java.lang.Void&apos;, &apos;?&apos;}]]" classname="org.apache.flink.table.types.DataTypesTest" time="0"/>
  <testcase name="testChildren[36: [INT]]" classname="org.apache.flink.table.types.DataTypesTest" time="0"/>
  <testcase name="testUnresolvedString[36: [INT]]" classname="org.apache.flink.table.types.DataTypesTest" time="0"/>
  <testcase name="testLogicalType[36: [INT]]" classname="org.apache.flink.table.types.DataTypesTest" time="0.005"/>
  <testcase name="testConversionClass[36: [INT]]" classname="org.apache.flink.table.types.DataTypesTest" time="0"/>
  <testcase name="testResolvedDataType[36: [INT]]" classname="org.apache.flink.table.types.DataTypesTest" time="0"/>
  <testcase name="testChildren[37: [&apos;java.lang.Integer&apos;]]" classname="org.apache.flink.table.types.DataTypesTest" time="0"/>
  <testcase name="testUnresolvedString[37: [&apos;java.lang.Integer&apos;]]" classname="org.apache.flink.table.types.DataTypesTest" time="0"/>
  <testcase name="testLogicalType[37: [&apos;java.lang.Integer&apos;]]" classname="org.apache.flink.table.types.DataTypesTest" time="0"/>
  <testcase name="testConversionClass[37: [&apos;java.lang.Integer&apos;]]" classname="org.apache.flink.table.types.DataTypesTest" time="0"/>
  <testcase name="testResolvedDataType[37: [&apos;java.lang.Integer&apos;]]" classname="org.apache.flink.table.types.DataTypesTest" time="0"/>
  <testcase name="testChildren[38: [&apos;java.sql.Timestamp&apos;]]" classname="org.apache.flink.table.types.DataTypesTest" time="0"/>
  <testcase name="testUnresolvedString[38: [&apos;java.sql.Timestamp&apos;]]" classname="org.apache.flink.table.types.DataTypesTest" time="0"/>
  <testcase name="testLogicalType[38: [&apos;java.sql.Timestamp&apos;]]" classname="org.apache.flink.table.types.DataTypesTest" time="0"/>
  <testcase name="testConversionClass[38: [&apos;java.sql.Timestamp&apos;]]" classname="org.apache.flink.table.types.DataTypesTest" time="0"/>
  <testcase name="testResolvedDataType[38: [&apos;java.sql.Timestamp&apos;]]" classname="org.apache.flink.table.types.DataTypesTest" time="0.001"/>
  <testcase name="testChildren[39: [&apos;java.sql.Timestamp&apos;]]" classname="org.apache.flink.table.types.DataTypesTest" time="0"/>
  <testcase name="testUnresolvedString[39: [&apos;java.sql.Timestamp&apos;]]" classname="org.apache.flink.table.types.DataTypesTest" time="0"/>
  <testcase name="testLogicalType[39: [&apos;java.sql.Timestamp&apos;]]" classname="org.apache.flink.table.types.DataTypesTest" time="0"/>
  <testcase name="testConversionClass[39: [&apos;java.sql.Timestamp&apos;]]" classname="org.apache.flink.table.types.DataTypesTest" time="0"/>
  <testcase name="testResolvedDataType[39: [&apos;java.sql.Timestamp&apos;]]" classname="org.apache.flink.table.types.DataTypesTest" time="0"/>
  <testcase name="testChildren[40: [MAP&lt;[INT], [STRING]&gt;]]" classname="org.apache.flink.table.types.DataTypesTest" time="0"/>
  <testcase name="testUnresolvedString[40: [MAP&lt;[INT], [STRING]&gt;]]" classname="org.apache.flink.table.types.DataTypesTest" time="0.002"/>
  <testcase name="testLogicalType[40: [MAP&lt;[INT], [STRING]&gt;]]" classname="org.apache.flink.table.types.DataTypesTest" time="0.002"/>
  <testcase name="testConversionClass[40: [MAP&lt;[INT], [STRING]&gt;]]" classname="org.apache.flink.table.types.DataTypesTest" time="0"/>
  <testcase name="testResolvedDataType[40: [MAP&lt;[INT], [STRING]&gt;]]" classname="org.apache.flink.table.types.DataTypesTest" time="0"/>
  <testcase name="testChildren[41: [MAP&lt;[INT], STRING NOT NULL&gt;]]" classname="org.apache.flink.table.types.DataTypesTest" time="0"/>
  <testcase name="testUnresolvedString[41: [MAP&lt;[INT], STRING NOT NULL&gt;]]" classname="org.apache.flink.table.types.DataTypesTest" time="0"/>
  <testcase name="testLogicalType[41: [MAP&lt;[INT], STRING NOT NULL&gt;]]" classname="org.apache.flink.table.types.DataTypesTest" time="0"/>
  <testcase name="testConversionClass[41: [MAP&lt;[INT], STRING NOT NULL&gt;]]" classname="org.apache.flink.table.types.DataTypesTest" time="0"/>
  <testcase name="testResolvedDataType[41: [MAP&lt;[INT], STRING NOT NULL&gt;]]" classname="org.apache.flink.table.types.DataTypesTest" time="0"/>
  <testcase name="testChildren[42: [MULTISET&lt;[STRING]&gt;]]" classname="org.apache.flink.table.types.DataTypesTest" time="0"/>
  <testcase name="testUnresolvedString[42: [MULTISET&lt;[STRING]&gt;]]" classname="org.apache.flink.table.types.DataTypesTest" time="0.001"/>
  <testcase name="testLogicalType[42: [MULTISET&lt;[STRING]&gt;]]" classname="org.apache.flink.table.types.DataTypesTest" time="0"/>
  <testcase name="testConversionClass[42: [MULTISET&lt;[STRING]&gt;]]" classname="org.apache.flink.table.types.DataTypesTest" time="0"/>
  <testcase name="testResolvedDataType[42: [MULTISET&lt;[STRING]&gt;]]" classname="org.apache.flink.table.types.DataTypesTest" time="0"/>
  <testcase name="testChildren[43: [ARRAY&lt;[STRING]&gt;]]" classname="org.apache.flink.table.types.DataTypesTest" time="0"/>
  <testcase name="testUnresolvedString[43: [ARRAY&lt;[STRING]&gt;]]" classname="org.apache.flink.table.types.DataTypesTest" time="0"/>
  <testcase name="testLogicalType[43: [ARRAY&lt;[STRING]&gt;]]" classname="org.apache.flink.table.types.DataTypesTest" time="0"/>
  <testcase name="testConversionClass[43: [ARRAY&lt;[STRING]&gt;]]" classname="org.apache.flink.table.types.DataTypesTest" time="0"/>
  <testcase name="testResolvedDataType[43: [ARRAY&lt;[STRING]&gt;]]" classname="org.apache.flink.table.types.DataTypesTest" time="0.001"/>
  <testcase name="testChildren[44: [ARRAY&lt;[INT]&gt;]]" classname="org.apache.flink.table.types.DataTypesTest" time="0"/>
  <testcase name="testUnresolvedString[44: [ARRAY&lt;[INT]&gt;]]" classname="org.apache.flink.table.types.DataTypesTest" time="0"/>
  <testcase name="testLogicalType[44: [ARRAY&lt;[INT]&gt;]]" classname="org.apache.flink.table.types.DataTypesTest" time="0.001"/>
  <testcase name="testConversionClass[44: [ARRAY&lt;[INT]&gt;]]" classname="org.apache.flink.table.types.DataTypesTest" time="0.002"/>
  <testcase name="testResolvedDataType[44: [ARRAY&lt;[INT]&gt;]]" classname="org.apache.flink.table.types.DataTypesTest" time="0"/>
  <testcase name="testChildren[45: [ROW&lt;field1 [CHAR{2}], field2 BOOLEAN&gt;]]" classname="org.apache.flink.table.types.DataTypesTest" time="0"/>
  <testcase name="testUnresolvedString[45: [ROW&lt;field1 [CHAR{2}], field2 BOOLEAN&gt;]]" classname="org.apache.flink.table.types.DataTypesTest" time="0.001"/>
  <testcase name="testLogicalType[45: [ROW&lt;field1 [CHAR{2}], field2 BOOLEAN&gt;]]" classname="org.apache.flink.table.types.DataTypesTest" time="0"/>
  <testcase name="testConversionClass[45: [ROW&lt;field1 [CHAR{2}], field2 BOOLEAN&gt;]]" classname="org.apache.flink.table.types.DataTypesTest" time="0"/>
  <testcase name="testResolvedDataType[45: [ROW&lt;field1 [CHAR{2}], field2 BOOLEAN&gt;]]" classname="org.apache.flink.table.types.DataTypesTest" time="0.001"/>
  <testcase name="testChildren[46: [ROW&lt;f0 [CHAR{2}], f1 BOOLEAN&gt;]]" classname="org.apache.flink.table.types.DataTypesTest" time="0"/>
  <testcase name="testUnresolvedString[46: [ROW&lt;f0 [CHAR{2}], f1 BOOLEAN&gt;]]" classname="org.apache.flink.table.types.DataTypesTest" time="0"/>
  <testcase name="testLogicalType[46: [ROW&lt;f0 [CHAR{2}], f1 BOOLEAN&gt;]]" classname="org.apache.flink.table.types.DataTypesTest" time="0"/>
  <testcase name="testConversionClass[46: [ROW&lt;f0 [CHAR{2}], f1 BOOLEAN&gt;]]" classname="org.apache.flink.table.types.DataTypesTest" time="0"/>
  <testcase name="testResolvedDataType[46: [ROW&lt;f0 [CHAR{2}], f1 BOOLEAN&gt;]]" classname="org.apache.flink.table.types.DataTypesTest" time="0"/>
  <testcase name="testChildren[47: [ARRAY&lt;[ROW&lt;f0 [ARRAY&lt;INT&gt;], f1 ARRAY&lt;INT&gt;&gt;]&gt;]]" classname="org.apache.flink.table.types.DataTypesTest" time="0"/>
  <testcase name="testUnresolvedString[47: [ARRAY&lt;[ROW&lt;f0 [ARRAY&lt;INT&gt;], f1 ARRAY&lt;INT&gt;&gt;]&gt;]]" classname="org.apache.flink.table.types.DataTypesTest" time="0"/>
  <testcase name="testLogicalType[47: [ARRAY&lt;[ROW&lt;f0 [ARRAY&lt;INT&gt;], f1 ARRAY&lt;INT&gt;&gt;]&gt;]]" classname="org.apache.flink.table.types.DataTypesTest" time="0"/>
  <testcase name="testConversionClass[47: [ARRAY&lt;[ROW&lt;f0 [ARRAY&lt;INT&gt;], f1 ARRAY&lt;INT&gt;&gt;]&gt;]]" classname="org.apache.flink.table.types.DataTypesTest" time="0"/>
  <testcase name="testResolvedDataType[47: [ARRAY&lt;[ROW&lt;f0 [ARRAY&lt;INT&gt;], f1 ARRAY&lt;INT&gt;&gt;]&gt;]]" classname="org.apache.flink.table.types.DataTypesTest" time="0.001"/>
  <testcase name="testChildren[48: [RAW{&apos;java.lang.Object&apos;, &apos;?&apos;}]]" classname="org.apache.flink.table.types.DataTypesTest" time="0"/>
  <testcase name="testUnresolvedString[48: [RAW{&apos;java.lang.Object&apos;, &apos;?&apos;}]]" classname="org.apache.flink.table.types.DataTypesTest" time="0"/>
  <testcase name="testLogicalType[48: [RAW{&apos;java.lang.Object&apos;, &apos;?&apos;}]]" classname="org.apache.flink.table.types.DataTypesTest" time="0"/>
  <testcase name="testConversionClass[48: [RAW{&apos;java.lang.Object&apos;, &apos;?&apos;}]]" classname="org.apache.flink.table.types.DataTypesTest" time="0"/>
  <testcase name="testResolvedDataType[48: [RAW{&apos;java.lang.Object&apos;, &apos;?&apos;}]]" classname="org.apache.flink.table.types.DataTypesTest" time="0"/>
  <testcase name="testChildren[49: [&apos;org.apache.flink.table.types.DataTypesTest$SimplePojo&apos;]]" classname="org.apache.flink.table.types.DataTypesTest" time="0"/>
  <testcase name="testUnresolvedString[49: [&apos;org.apache.flink.table.types.DataTypesTest$SimplePojo&apos;]]" classname="org.apache.flink.table.types.DataTypesTest" time="0.001"/>
  <testcase name="testLogicalType[49: [&apos;org.apache.flink.table.types.DataTypesTest$SimplePojo&apos;]]" classname="org.apache.flink.table.types.DataTypesTest" time="0"/>
  <testcase name="testConversionClass[49: [&apos;org.apache.flink.table.types.DataTypesTest$SimplePojo&apos;]]" classname="org.apache.flink.table.types.DataTypesTest" time="0"/>
  <testcase name="testResolvedDataType[49: [&apos;org.apache.flink.table.types.DataTypesTest$SimplePojo&apos;]]" classname="org.apache.flink.table.types.DataTypesTest" time="0.015"/>
  <testcase name="testChildren[50: [&apos;EnumTypeInfo&lt;java.time.DayOfWeek&gt;&apos;]]" classname="org.apache.flink.table.types.DataTypesTest" time="0"/>
  <testcase name="testUnresolvedString[50: [&apos;EnumTypeInfo&lt;java.time.DayOfWeek&gt;&apos;]]" classname="org.apache.flink.table.types.DataTypesTest" time="0"/>
  <testcase name="testLogicalType[50: [&apos;EnumTypeInfo&lt;java.time.DayOfWeek&gt;&apos;]]" classname="org.apache.flink.table.types.DataTypesTest" time="0"/>
  <testcase name="testConversionClass[50: [&apos;EnumTypeInfo&lt;java.time.DayOfWeek&gt;&apos;]]" classname="org.apache.flink.table.types.DataTypesTest" time="0"/>
  <testcase name="testResolvedDataType[50: [&apos;EnumTypeInfo&lt;java.time.DayOfWeek&gt;&apos;]]" classname="org.apache.flink.table.types.DataTypesTest" time="0.002"/>
</testsuite>