<?xml version="1.0" encoding="UTF-8"?>
<testsuite xmlns:xsi="http://www.w3.org/2001/XMLSchema-instance" xsi:noNamespaceSchemaLocation="https://maven.apache.org/surefire/maven-surefire-plugin/xsd/surefire-test-report.xsd" name="org.apache.flink.table.types.extraction.DataTypeExtractorTest" time="0.121" tests="50" errors="0" skipped="0" failures="0">
  <properties>
[...]
</properties>
  <testcase name="testExtraction[0: Expected data type: INT]" classname="org.apache.flink.table.types.extraction.DataTypeExtractorTest" time="0"/>
  <testcase name="testExtraction[1: Expected data type: BYTES]" classname="org.apache.flink.table.types.extraction.DataTypeExtractorTest" time="0"/>
  <testcase name="testExtraction[2: Expected data type: BIGINT]" classname="org.apache.flink.table.types.extraction.DataTypeExtractorTest" time="0.006"/>
  <testcase name="testExtraction[3: Expected error: Values of &apos;java.math.BigDecimal&apos; need fixed precision and scale.]" classname="org.apache.flink.table.types.extraction.DataTypeExtractorTest" time="0"/>
  <testcase name="testExtraction[4: Expected error: Cannot extract a data type from a pure &apos;java.lang.Object&apos; class. Usually, this indicates that class information is missing or got lost. Please specify a more concrete class or treat it as a RAW type.]" classname="org.apache.flink.table.types.extraction.DataTypeExtractorTest" time="0"/>
  <testcase name="testExtraction[5: Expected error: Cannot extract a data type from a pure &apos;org.apache.flink.types.Row&apos; class. Please use annotations to define field names and field types.]" classname="org.apache.flink.table.types.extraction.DataTypeExtractorTest" time="0"/>
  <testcase name="testExtraction[6: Expected error: Cannot extract a data type from an internal &apos;org.apache.flink.table.data.RowData&apos; class without further information. Please use annotations to define the full logical type.]" classname="org.apache.flink.table.types.extraction.DataTypeExtractorTest" time="0"/>
  <testcase name="testExtraction[7: Expected data type: DECIMAL{5, 3}]" classname="org.apache.flink.table.types.extraction.DataTypeExtractorTest" time="0"/>
  <testcase name="testExtraction[8: Expected data type: DECIMAL{5, 3}]" classname="org.apache.flink.table.types.extraction.DataTypeExtractorTest" time="0.001"/>
  <testcase name="testExtraction[9: Expected data type: TIMESTAMP{9}]" classname="org.apache.flink.table.types.extraction.DataTypeExtractorTest" time="0"/>
  <testcase name="testExtraction[10: Expected data type: TIMESTAMP{0}]" classname="org.apache.flink.table.types.extraction.DataTypeExtractorTest" time="0.001"/>
  <testcase name="testExtraction[11: Expected data type: TIMESTAMP{6}]" classname="org.apache.flink.table.types.extraction.DataTypeExtractorTest" time="0"/>
  <testcase name="testExtraction[12: Expected data type: INTERVAL SECOND{3}]" classname="org.apache.flink.table.types.extraction.DataTypeExtractorTest" time="0"/>
  <testcase name="testExtraction[13: Expected data type: INTERVAL YEAR{2} TO MONTH]" classname="org.apache.flink.table.types.extraction.DataTypeExtractorTest" time="0.001"/>
  <testcase name="testExtraction[14: Expected data type: INTERVAL MONTH]" classname="org.apache.flink.table.types.extraction.DataTypeExtractorTest" time="0"/>
  <testcase name="testExtraction[15: RAW with default serializer]" classname="org.apache.flink.table.types.extraction.DataTypeExtractorTest" time="0.003"/>
  <testcase name="testExtraction[16: RAW with custom serializer]" classname="org.apache.flink.table.types.extraction.DataTypeExtractorTest" time="0.001"/>
  <testcase name="testExtraction[17: RAW with different conversion class]" classname="org.apache.flink.table.types.extraction.DataTypeExtractorTest" time="0"/>
  <testcase name="testExtraction[18: RAW with more specific conversion class]" classname="org.apache.flink.table.types.extraction.DataTypeExtractorTest" time="0"/>
  <testcase name="testExtraction[19: Expected data type: MAP&lt;BIGINT, BOOLEAN&gt;]" classname="org.apache.flink.table.types.extraction.DataTypeExtractorTest" time="0"/>
  <testcase name="testExtraction[20: Expected data type: ARRAY&lt;INT&gt;]" classname="org.apache.flink.table.types.extraction.DataTypeExtractorTest" time="0.001"/>
  <testcase name="testExtraction[21: Expected error: Could not extract a data type from &apos;java.util.HashMap&lt;java.lang.Integer, java.lang.String&gt;&apos;. Interpreting it as a structured type was also not successful.]" classname="org.apache.flink.table.types.extraction.DataTypeExtractorTest" time="0.003"/>
  <testcase name="testExtraction[22: ARRAY type with List conversion class]" classname="org.apache.flink.table.types.extraction.DataTypeExtractorTest" time="0"/>
  <testcase name="testExtraction[23: Expected data type: *org.apache.flink.table.types.extraction.DataTypeExtractorTest$SimplePojo&lt;`intField` INT, `primitiveBooleanField` BOOLEAN NOT NULL, `primitiveIntField` INT NOT NULL, `stringField` STRING&gt;*]" classname="org.apache.flink.table.types.extraction.DataTypeExtractorTest" time="0.001"/>
  <testcase name="testExtraction[24: Expected data type: *org.apache.flink.table.types.extraction.DataTypeExtractorTest$ComplexPojo&lt;`mapField` MAP&lt;STRING, INT&gt;, `simplePojoField` *org.apache.flink.table.types.extraction.DataTypeExtractorTest$SimplePojo&lt;`intField` INT, `primitiveBooleanField` BOOLEAN NOT NULL, `primitiveIntField` INT NOT NULL, `stringField` STRING&gt;*, `someObject` RAW{&apos;java.lang.Object&apos;, &apos;...&apos;}&gt;*]" classname="org.apache.flink.table.types.extraction.DataTypeExtractorTest" time="0.001"/>
  <testcase name="testExtraction[25: Expected error: Unresolved type variable &apos;S&apos;. A data type cannot be extracted from a type variable. The original content might have been erased due to Java type erasure.]" classname="org.apache.flink.table.types.extraction.DataTypeExtractorTest" time="0.001"/>
  <testcase name="testExtraction[26: Expected data type: *org.apache.flink.table.types.extraction.DataTypeExtractorTest$ComplexPojoWithGeneric&lt;`mapField` MAP&lt;STRING, INT&gt;, `simplePojoField` *org.apache.flink.table.types.extraction.DataTypeExtractorTest$SimplePojoWithGeneric&lt;`intField` INT, `primitiveBooleanField` BOOLEAN NOT NULL, `primitiveIntField` INT NOT NULL, `stringField` STRING&gt;*, `someObject` RAW{&apos;java.lang.Object&apos;, &apos;...&apos;}&gt;*]" classname="org.apache.flink.table.types.extraction.DataTypeExtractorTest" time="0.001"/>
  <testcase name="testExtraction[27: Expected data type: STRING]" classname="org.apache.flink.table.types.extraction.DataTypeExtractorTest" time="0"/>
  <testcase name="testExtraction[28: Expected data type: *org.apache.flink.table.types.extraction.DataTypeExtractorTest$SimplePojoWithGenericHierarchy&lt;`intField` INT, `primitiveBooleanField` BOOLEAN NOT NULL, `primitiveIntField` INT NOT NULL, `stringField` STRING&gt;*]" classname="org.apache.flink.table.types.extraction.DataTypeExtractorTest" time="0.001"/>
  <testcase name="testExtraction[29: Expected data type: *org.apache.flink.table.types.extraction.DataTypeExtractorTest$ComplexPojoWithGettersAndSetters&lt;`mapField` MAP&lt;STRING, INT&gt;, `simplePojoField` *org.apache.flink.table.types.extraction.DataTypeExtractorTest$SimplePojo&lt;`intField` INT, `primitiveBooleanField` BOOLEAN NOT NULL, `primitiveIntField` INT NOT NULL, `stringField` STRING&gt;*, `someObject` RAW{&apos;java.lang.Object&apos;, &apos;...&apos;}&gt;*]" classname="org.apache.flink.table.types.extraction.DataTypeExtractorTest" time="0.001"/>
  <testcase name="testExtraction[30: Expected error: Field &apos;stringField&apos; of class &apos;org.apache.flink.table.types.extraction.DataTypeExtractorTest$SimplePojoWithMissingSetter&apos; is mutable but is neither publicly accessible nor does it have a corresponding setter method.]" classname="org.apache.flink.table.types.extraction.DataTypeExtractorTest" time="0"/>
  <testcase name="testExtraction[31: Expected error: Field &apos;stringField&apos; of class &apos;org.apache.flink.table.types.extraction.DataTypeExtractorTest$SimplePojoWithMissingGetter&apos; is neither publicly accessible nor does it have a corresponding getter method.]" classname="org.apache.flink.table.types.extraction.DataTypeExtractorTest" time="0"/>
  <testcase name="testExtraction[32: Expected data type: *org.apache.flink.table.types.extraction.DataTypeExtractorTest$SimplePojoWithAssigningConstructor&lt;`intField` INT, `primitiveBooleanField` BOOLEAN NOT NULL, `primitiveIntField` INT NOT NULL, `stringField` STRING&gt;*]" classname="org.apache.flink.table.types.extraction.DataTypeExtractorTest" time="0.001"/>
  <testcase name="testExtraction[33: Expected data type: *org.apache.flink.table.types.extraction.DataTypeExtractorTest$PojoWithCustomFieldOrder&lt;`z` BIGINT, `y` BOOLEAN, `x` INT&gt;*]" classname="org.apache.flink.table.types.extraction.DataTypeExtractorTest" time="0.001"/>
  <testcase name="testExtraction[34: Expected data type: *org.apache.flink.api.java.tuple.Tuple2&lt;`f0` INT, `f1` *org.apache.flink.api.java.tuple.Tuple2&lt;`f0` STRING, `f1` BOOLEAN&gt;*&gt;*]" classname="org.apache.flink.table.types.extraction.DataTypeExtractorTest" time="0.004"/>
  <testcase name="testExtraction[35: Expected data type: *org.apache.flink.table.types.extraction.DataTypeExtractorTest$SimplePojoWithManyAnnotations&lt;`intField` INT, `primitiveBooleanField` BOOLEAN NOT NULL, `primitiveIntField` INT NOT NULL, `stringField` STRING&gt;*]" classname="org.apache.flink.table.types.extraction.DataTypeExtractorTest" time="0.005"/>
  <testcase name="testExtraction[36: Expected data type: *org.apache.flink.table.types.extraction.DataTypeExtractorTest$ComplexPojoWithManyAnnotations&lt;`mapField` MAP&lt;STRING, INT&gt;, `simplePojoField` *org.apache.flink.table.types.extraction.DataTypeExtractorTest$SimplePojo&lt;`intField` INT, `primitiveBooleanField` BOOLEAN NOT NULL, `primitiveIntField` INT NOT NULL, `stringField` STRING&gt;*, `someObject` RAW{&apos;java.lang.Object&apos;, &apos;...&apos;}&gt;*]" classname="org.apache.flink.table.types.extraction.DataTypeExtractorTest" time="0.003"/>
  <testcase name="testExtraction[37: Expected data type: ARRAY&lt;INT NOT NULL&gt;]" classname="org.apache.flink.table.types.extraction.DataTypeExtractorTest" time="0.002"/>
  <testcase name="testExtraction[38: Expected data type: INT]" classname="org.apache.flink.table.types.extraction.DataTypeExtractorTest" time="0.01"/>
  <testcase name="testExtraction[39: Expected data type: INT]" classname="org.apache.flink.table.types.extraction.DataTypeExtractorTest" time="0.005"/>
  <testcase name="testExtraction[40: Structured type with invalid constructor]" classname="org.apache.flink.table.types.extraction.DataTypeExtractorTest" time="0.002"/>
  <testcase name="testExtraction[41: Structured type with self reference]" classname="org.apache.flink.table.types.extraction.DataTypeExtractorTest" time="0.001"/>
  <testcase name="testExtraction[42: Structured type with self reference that is avoided using RAW]" classname="org.apache.flink.table.types.extraction.DataTypeExtractorTest" time="0.005"/>
  <testcase name="testExtraction[43: Data view with invalid list element]" classname="org.apache.flink.table.types.extraction.DataTypeExtractorTest" time="0.028"/>
  <testcase name="testExtraction[44: Data view with default extraction]" classname="org.apache.flink.table.types.extraction.DataTypeExtractorTest" time="0.004"/>
  <testcase name="testExtraction[45: Data view with custom extraction for list view]" classname="org.apache.flink.table.types.extraction.DataTypeExtractorTest" time="0.002"/>
  <testcase name="testExtraction[46: Data view with custom extraction for map view]" classname="org.apache.flink.table.types.extraction.DataTypeExtractorTest" time="0.003"/>
  <testcase name="testExtraction[47: Invalid data view]" classname="org.apache.flink.table.types.extraction.DataTypeExtractorTest" time="0.001"/>
  <testcase name="testExtraction[48: Assigning constructor for tuples]" classname="org.apache.flink.table.types.extraction.DataTypeExtractorTest" time="0.008"/>
  <testcase name="testExtraction[49: Expected data type: *org.apache.flink.table.types.extraction.DataTypeExtractorTest$PojoWithUnderscore&lt;`int_field` INT, `string_field` STRING&gt;*]" classname="org.apache.flink.table.types.extraction.DataTypeExtractorTest" time="0.002"/>
</testsuite>