<?xml version="1.0" encoding="UTF-8"?>
<testsuite xmlns:xsi="http://www.w3.org/2001/XMLSchema-instance" xsi:noNamespaceSchemaLocation="https://maven.apache.org/surefire/maven-surefire-plugin/xsd/surefire-test-report.xsd" name="org.apache.flink.sql.parser.hive.FlinkHiveSqlParserImplTest" time="0.462" tests="54" errors="0" skipped="3" failures="0">
  <properties>
[...]
</properties>
  <testcase name="testUnparseableIntervalQualifiers" classname="org.apache.flink.sql.parser.hive.FlinkHiveSqlParserImplTest" time="0.554"/>
  <testcase name="testStringLiteral" classname="org.apache.flink.sql.parser.hive.FlinkHiveSqlParserImplTest" time="0.073"/>
  <testcase name="testIllegalUnicodeEscape" classname="org.apache.flink.sql.parser.hive.FlinkHiveSqlParserImplTest" time="0.186"/>
  <testcase name="testArrayElement" classname="org.apache.flink.sql.parser.hive.FlinkHiveSqlParserImplTest" time="0.041"/>
  <testcase name="testHyphenatedTableName" classname="org.apache.flink.sql.parser.hive.FlinkHiveSqlParserImplTest" time="0.106"/>
  <testcase name="testValuesExplicitRow" classname="org.apache.flink.sql.parser.hive.FlinkHiveSqlParserImplTest" time="0.01"/>
  <testcase name="testUnionOfNonQueryFails" classname="org.apache.flink.sql.parser.hive.FlinkHiveSqlParserImplTest" time="0.008"/>
  <testcase name="testOuterApplyFunctionFails" classname="org.apache.flink.sql.parser.hive.FlinkHiveSqlParserImplTest" time="0.007"/>
  <testcase name="testWithNestedFails" classname="org.apache.flink.sql.parser.hive.FlinkHiveSqlParserImplTest" time="0.009"/>
  <testcase name="testTabStop" classname="org.apache.flink.sql.parser.hive.FlinkHiveSqlParserImplTest" time="0.022"/>
  <testcase name="testUnparseableIntervalQualifiers2" classname="org.apache.flink.sql.parser.hive.FlinkHiveSqlParserImplTest" time="0.047"/>
  <testcase name="testExplicitTableOrdered" classname="org.apache.flink.sql.parser.hive.FlinkHiveSqlParserImplTest" time="0.005"/>
  <testcase name="testIsDistinctFrom" classname="org.apache.flink.sql.parser.hive.FlinkHiveSqlParserImplTest" time="0.018"/>
  <testcase name="testDerivedColumnListInJoin" classname="org.apache.flink.sql.parser.hive.FlinkHiveSqlParserImplTest" time="0.009"/>
  <testcase name="testBooleanPrecedenceAndAssociativity" classname="org.apache.flink.sql.parser.hive.FlinkHiveSqlParserImplTest" time="0.013"/>
  <testcase name="testSchemaTableStar" classname="org.apache.flink.sql.parser.hive.FlinkHiveSqlParserImplTest" time="0.013"/>
  <testcase name="testJoinOnParenthesesPlus" classname="org.apache.flink.sql.parser.hive.FlinkHiveSqlParserImplTest" time="0"/>
  <testcase name="testDeleteWhere" classname="org.apache.flink.sql.parser.hive.FlinkHiveSqlParserImplTest" time="0.006"/>
  <testcase name="testGeometry" classname="org.apache.flink.sql.parser.hive.FlinkHiveSqlParserImplTest" time="0.008"/>
  <testcase name="testExtract" classname="org.apache.flink.sql.parser.hive.FlinkHiveSqlParserImplTest" time="0.035"/>
  <testcase name="testMergeTableRefSource" classname="org.apache.flink.sql.parser.hive.FlinkHiveSqlParserImplTest" time="0.018"/>
  <testcase name="testFunctionDefaultArgument" classname="org.apache.flink.sql.parser.hive.FlinkHiveSqlParserImplTest" time="0.068"/>
  <testcase name="testTimestampAdd" classname="org.apache.flink.sql.parser.hive.FlinkHiveSqlParserImplTest" time="0.02"/>
  <testcase name="testLimitWithoutOrder" classname="org.apache.flink.sql.parser.hive.FlinkHiveSqlParserImplTest" time="0.01"/>
  <testcase name="testNewSpecification" classname="org.apache.flink.sql.parser.hive.FlinkHiveSqlParserImplTest" time="0.029"/>
  <testcase name="testJsonStorageSize" classname="org.apache.flink.sql.parser.hive.FlinkHiveSqlParserImplTest" time="0.011"/>
  <testcase name="testEmbeddedCall" classname="org.apache.flink.sql.parser.hive.FlinkHiveSqlParserImplTest" time="0">
    <skipped message="void org.apache.calcite.sql.parser.SqlParserTest.testEmbeddedCall() is @Disabled"/>
  </testcase>
  <testcase name="testEmbeddedDate" classname="org.apache.flink.sql.parser.hive.FlinkHiveSqlParserImplTest" time="0.035"/>
  <testcase name="testEmbeddedTime" classname="org.apache.flink.sql.parser.hive.FlinkHiveSqlParserImplTest" time="0.015"/>
  <testcase name="testCompoundStar" classname="org.apache.flink.sql.parser.hive.FlinkHiveSqlParserImplTest" time="0.013"/>
  <testcase name="testExistsInWhere" classname="org.apache.flink.sql.parser.hive.FlinkHiveSqlParserImplTest" time="0.031"/>
  <testcase name="testMatchRecognizeMeasures1" classname="org.apache.flink.sql.parser.hive.FlinkHiveSqlParserImplTest" time="0.035"/>
  <testcase name="testMatchRecognizeMeasures2" classname="org.apache.flink.sql.parser.hive.FlinkHiveSqlParserImplTest" time="0.01"/>
  <testcase name="testMatchRecognizeMeasures3" classname="org.apache.flink.sql.parser.hive.FlinkHiveSqlParserImplTest" time="0.035"/>
  <testcase name="testMatchRecognizeMeasures4" classname="org.apache.flink.sql.parser.hive.FlinkHiveSqlParserImplTest" time="0.021"/>
  <testcase name="testMatchRecognizeMeasures5" classname="org.apache.flink.sql.parser.hive.FlinkHiveSqlParserImplTest" time="0.017"/>
  <testcase name="testMatchRecognizeMeasures6" classname="org.apache.flink.sql.parser.hive.FlinkHiveSqlParserImplTest" time="0.042"/>
  <testcase name="testFunctionInFunction" classname="org.apache.flink.sql.parser.hive.FlinkHiveSqlParserImplTest" time="0.005"/>
  <testcase name="testOverlay" classname="org.apache.flink.sql.parser.hive.FlinkHiveSqlParserImplTest" time="0.017"/>
  <testcase name="testParseNumber" classname="org.apache.flink.sql.parser.hive.FlinkHiveSqlParserImplTest" time="0.046"/>
  <testcase name="testDescriptor" classname="org.apache.flink.sql.parser.hive.FlinkHiveSqlParserImplTest" time="0.049"/>
  <testcase name="testIsBooleanPrecedenceAndAssociativity" classname="org.apache.flink.sql.parser.hive.FlinkHiveSqlParserImplTest" time="0.023"/>
  <testcase name="testRowValueExpression" classname="org.apache.flink.sql.parser.hive.FlinkHiveSqlParserImplTest" time="0.042"/>
  <testcase name="testSubMultisetrOf" classname="org.apache.flink.sql.parser.hive.FlinkHiveSqlParserImplTest" time="0.017"/>
  <testcase name="testSqlInlineComment" classname="org.apache.flink.sql.parser.hive.FlinkHiveSqlParserImplTest" time="0.01"/>
  <testcase name="testAll" classname="org.apache.flink.sql.parser.hive.FlinkHiveSqlParserImplTest" time="0.031"/>
  <testcase name="testFoo" classname="org.apache.flink.sql.parser.hive.FlinkHiveSqlParserImplTest" time="0.001"/>
  <testcase name="testNot" classname="org.apache.flink.sql.parser.hive.FlinkHiveSqlParserImplTest" time="0.004"/>
  <testcase name="testRow" classname="org.apache.flink.sql.parser.hive.FlinkHiveSqlParserImplTest" time="0.104"/>
  <testcase name="testEmbeddedTimestamp" classname="org.apache.flink.sql.parser.hive.FlinkHiveSqlParserImplTest" time="0.005"/>
  <testcase name="testOuterApplySubQuery" classname="org.apache.flink.sql.parser.hive.FlinkHiveSqlParserImplTest" time="0.015"/>
  <testcase name="testCaseExpression" classname="org.apache.flink.sql.parser.hive.FlinkHiveSqlParserImplTest" time="0.082"/>
  <testcase name="testStmtListWithSelectAndSemicolon" classname="org.apache.flink.sql.parser.hive.FlinkHiveSqlParserImplTest" time="0.007"/>
  <testcase name="testCollectionTableWithCursorParam" classname="org.apache.flink.sql.parser.hive.FlinkHiveSqlParserImplTest" time="0.008"/>
  <testcase name="testTimeDate" classname="org.apache.flink.sql.parser.hive.FlinkHiveSqlParserImplTest" time="0.134"/>
  <testcase name="testAllList" classname="org.apache.flink.sql.parser.hive.FlinkHiveSqlParserImplTest" time="0.007"/>
  <testcase name="testMultilineComment" classname="org.apache.flink.sql.parser.hive.FlinkHiveSqlParserImplTest" time="0.024"/>
  <testcase name="testDerivedColumnListNoAs" classname="org.apache.flink.sql.parser.hive.FlinkHiveSqlParserImplTest" time="0">
    <skipped message="void org.apache.calcite.sql.parser.SqlParserTest.testDerivedColumnListNoAs() is @Disabled"/>
  </testcase>
  <testcase name="testSqlInsertSqlBasicCallToString" classname="org.apache.flink.sql.parser.hive.FlinkHiveSqlParserImplTest" time="0.032"/>
  <testcase name="testStmtListWithTwoSelectSemicolon" classname="org.apache.flink.sql.parser.hive.FlinkHiveSqlParserImplTest" time="0.003"/>
  <testcase name="testJsonKeys" classname="org.apache.flink.sql.parser.hive.FlinkHiveSqlParserImplTest" time="0.015"/>
  <testcase name="testJsonType" classname="org.apache.flink.sql.parser.hive.FlinkHiveSqlParserImplTest" time="0.005"/>
  <testcase name="testPrecedenceSetOps" classname="org.apache.flink.sql.parser.hive.FlinkHiveSqlParserImplTest" time="0.008"/>
  <testcase name="testStmtListWithSemiColonInComment" classname="org.apache.flink.sql.parser.hive.FlinkHiveSqlParserImplTest" time="0.006"/>
  <testcase name="testCatalogSchemaTableStar" classname="org.apache.flink.sql.parser.hive.FlinkHiveSqlParserImplTest" time="0.007"/>
  <testcase name="testSelectStream" classname="org.apache.flink.sql.parser.hive.FlinkHiveSqlParserImplTest" time="0.005"/>
  <testcase name="testContinuedLiteralAlias" classname="org.apache.flink.sql.parser.hive.FlinkHiveSqlParserImplTest" time="0.025"/>
  <testcase name="testMergeSelectSource2" classname="org.apache.flink.sql.parser.hive.FlinkHiveSqlParserImplTest" time="0.018"/>
  <testcase name="testApply" classname="org.apache.flink.sql.parser.hive.FlinkHiveSqlParserImplTest" time="0.014"/>
  <testcase name="testArrayElementWithDot" classname="org.apache.flink.sql.parser.hive.FlinkHiveSqlParserImplTest" time="0.016"/>
  <testcase name="testFloor" classname="org.apache.flink.sql.parser.hive.FlinkHiveSqlParserImplTest" time="0.052"/>
  <testcase name="testGroup" classname="org.apache.flink.sql.parser.hive.FlinkHiveSqlParserImplTest" time="0.007"/>
  <testcase name="testHoist" classname="org.apache.flink.sql.parser.hive.FlinkHiveSqlParserImplTest" time="0.074"/>
  <testcase name="testLimit" classname="org.apache.flink.sql.parser.hive.FlinkHiveSqlParserImplTest" time="0.015"/>
  <testcase name="testOrder" classname="org.apache.flink.sql.parser.hive.FlinkHiveSqlParserImplTest" time="0.005"/>
  <testcase name="testPivot" classname="org.apache.flink.sql.parser.hive.FlinkHiveSqlParserImplTest" time="0.022"/>
  <testcase name="testUnion" classname="org.apache.flink.sql.parser.hive.FlinkHiveSqlParserImplTest" time="0.008"/>
  <testcase name="testPivotErrorExpressionInCompositeFor" classname="org.apache.flink.sql.parser.hive.FlinkHiveSqlParserImplTest" time="0.008"/>
  <testcase name="testWhere" classname="org.apache.flink.sql.parser.hive.FlinkHiveSqlParserImplTest" time="0.009"/>
  <testcase name="testWith2" classname="org.apache.flink.sql.parser.hive.FlinkHiveSqlParserImplTest" time="0.005"/>
  <testcase name="testCast" classname="org.apache.flink.sql.parser.hive.FlinkHiveSqlParserImplTest" time="0.022"/>
  <testcase name="testCeil" classname="org.apache.flink.sql.parser.hive.FlinkHiveSqlParserImplTest" time="0.081"/>
  <testcase name="testOver" classname="org.apache.flink.sql.parser.hive.FlinkHiveSqlParserImplTest" time="0.049"/>
  <testcase name="testSome" classname="org.apache.flink.sql.parser.hive.FlinkHiveSqlParserImplTest" time="0.083"/>
  <testcase name="testStar" classname="org.apache.flink.sql.parser.hive.FlinkHiveSqlParserImplTest" time="0.003"/>
  <testcase name="testTrim" classname="org.apache.flink.sql.parser.hive.FlinkHiveSqlParserImplTest" time="0.022"/>
  <testcase name="testWith" classname="org.apache.flink.sql.parser.hive.FlinkHiveSqlParserImplTest" time="0.008"/>
  <testcase name="testQueryHint" classname="org.apache.flink.sql.parser.hive.FlinkHiveSqlParserImplTest" time="0.019"/>
  <testcase name="testDerivedColumnList" classname="org.apache.flink.sql.parser.hive.FlinkHiveSqlParserImplTest" time="0.014"/>
  <testcase name="testSelectAll" classname="org.apache.flink.sql.parser.hive.FlinkHiveSqlParserImplTest" time="0.006"/>
  <testcase name="testFullOuterJoin" classname="org.apache.flink.sql.parser.hive.FlinkHiveSqlParserImplTest" time="0.003"/>
  <testcase name="testNullTreatment" classname="org.apache.flink.sql.parser.hive.FlinkHiveSqlParserImplTest" time="0.025"/>
  <testcase name="testFunctionWithDistinct" classname="org.apache.flink.sql.parser.hive.FlinkHiveSqlParserImplTest" time="0.008"/>
  <testcase name="testParenthesizedSubQueries" classname="org.apache.flink.sql.parser.hive.FlinkHiveSqlParserImplTest" time="0.017"/>
  <testcase name="testNaturalCrossJoin" classname="org.apache.flink.sql.parser.hive.FlinkHiveSqlParserImplTest" time="0.004"/>
  <testcase name="testBitStringNotImplemented" classname="org.apache.flink.sql.parser.hive.FlinkHiveSqlParserImplTest" time="0.09"/>
  <testcase name="testLimitStartCount" classname="org.apache.flink.sql.parser.hive.FlinkHiveSqlParserImplTest" time="0.015"/>
  <testcase name="testNoUnintendedNewReservedKeywords" classname="org.apache.flink.sql.parser.hive.FlinkHiveSqlParserImplTest" time="0">
    <skipped message="Assumption failed: don&apos;t run this test for sub-classes" type="org.opentest4j.TestAbortedException">org.opentest4j.TestAbortedException: Assumption failed: don't run this test for sub-classes
	at org.junit.jupiter.api.Assumptions.throwTestAbortedException(Assumptions.java:256)
	at org.junit.jupiter.api.Assumptions.assumeTrue(Assumptions.java:115)
	at org.apache.calcite.sql.parser.SqlParserTest.testNoUnintendedNewReservedKeywords(SqlParserTest.java:7701)
	at sun.reflect.NativeMethodAccessorImpl.invoke0(Native Method)
	at sun.reflect.NativeMethodAccessorImpl.invoke(NativeMethodAccessorImpl.java:62)
	at sun.reflect.DelegatingMethodAccessorImpl.invoke(DelegatingMethodAccessorImpl.java:43)
	at java.lang.reflect.Method.invoke(Method.java:498)
	at org.junit.platform.commons.util.ReflectionUtils.invokeMethod(ReflectionUtils.java:688)
	at org.junit.jupiter.engine.execution.MethodInvocation.proceed(MethodInvocation.java:60)
	at org.junit.jupiter.engine.execution.InvocationInterceptorChain$ValidatingInvocation.proceed(InvocationInterceptorChain.java:131)
	at org.junit.jupiter.engine.extension.TimeoutExtension.intercept(TimeoutExtension.java:149)
	at org.junit.jupiter.engine.extension.TimeoutExtension.interceptTestableMethod(TimeoutExtension.java:140)
	at org.junit.jupiter.engine.extension.TimeoutExtension.interceptTestMethod(TimeoutExtension.java:84)
	at org.junit.jupiter.engine.execution.ExecutableInvoker$ReflectiveInterceptorCall.lambda$ofVoidMethod$0(ExecutableInvoker.java:115)
	at org.junit.jupiter.engine.execution.ExecutableInvoker.lambda$invoke$0(ExecutableInvoker.java:105)
	at org.junit.jupiter.engine.execution.InvocationInterceptorChain$InterceptedInvocation.proceed(InvocationInterceptorChain.java:106)
	at org.junit.jupiter.engine.execution.InvocationInterceptorChain.proceed(InvocationInterceptorChain.java:64)
	at org.junit.jupiter.engine.execution.InvocationInterceptorChain.chainAndInvoke(InvocationInterceptorChain.java:45)
	at org.junit.jupiter.engine.execution.InvocationInterceptorChain.invoke(InvocationInterceptorChain.java:37)
	at org.junit.jupiter.engine.execution.ExecutableInvoker.invoke(ExecutableInvoker.java:104)
	at org.junit.jupiter.engine.execution.ExecutableInvoker.invoke(ExecutableInvoker.java:98)
	at org.junit.jupiter.engine.descriptor.TestMethodTestDescriptor.lambda$invokeTestMethod$6(TestMethodTestDescriptor.java:210)
	at org.junit.platform.engine.support.hierarchical.ThrowableCollector.execute(ThrowableCollector.java:73)
	at org.junit.jupiter.engine.descriptor.TestMethodTestDescriptor.invokeTestMethod(TestMethodTestDescriptor.java:206)
	at org.junit.jupiter.engine.descriptor.TestMethodTestDescriptor.execute(TestMethodTestDescriptor.java:131)
	at org.junit.jupiter.engine.descriptor.TestMethodTestDescriptor.execute(TestMethodTestDescriptor.java:65)
	at org.junit.platform.engine.support.hierarchical.NodeTestTask.lambda$executeRecursively$5(NodeTestTask.java:139)
	at org.junit.platform.engine.support.hierarchical.ThrowableCollector.execute(ThrowableCollector.java:73)
	at org.junit.platform.engine.support.hierarchical.NodeTestTask.lambda$executeRecursively$7(NodeTestTask.java:129)
	at org.junit.platform.engine.support.hierarchical.Node.around(Node.java:137)
	at org.junit.platform.engine.support.hierarchical.NodeTestTask.lambda$executeRecursively$8(NodeTestTask.java:127)
	at org.junit.platform.engine.support.hierarchical.ThrowableCollector.execute(ThrowableCollector.java:73)
	at org.junit.platform.engine.support.hierarchical.NodeTestTask.executeRecursively(NodeTestTask.java:126)
	at org.junit.platform.engine.support.hierarchical.NodeTestTask.execute(NodeTestTask.java:84)
	at java.util.ArrayList.forEach(ArrayList.java:1259)
	at org.junit.platform.engine.support.hierarchical.SameThreadHierarchicalTestExecutorService.invokeAll(SameThreadHierarchicalTestExecutorService.java:38)
	at org.junit.platform.engine.support.hierarchical.NodeTestTask.lambda$executeRecursively$5(NodeTestTask.java:143)
	at org.junit.platform.engine.support.hierarchical.ThrowableCollector.execute(ThrowableCollector.java:73)
	at org.junit.platform.engine.support.hierarchical.NodeTestTask.lambda$executeRecursively$7(NodeTestTask.java:129)
	at org.junit.platform.engine.support.hierarchical.Node.around(Node.java:137)
	at org.junit.platform.engine.support.hierarchical.NodeTestTask.lambda$executeRecursively$8(NodeTestTask.java:127)
	at org.junit.platform.engine.support.hierarchical.ThrowableCollector.execute(ThrowableCollector.java:73)
	at org.junit.platform.engine.support.hierarchical.NodeTestTask.executeRecursively(NodeTestTask.java:126)
	at org.junit.platform.engine.support.hierarchical.NodeTestTask.execute(NodeTestTask.java:84)
	at java.util.ArrayList.forEach(ArrayList.java:1259)
	at org.junit.platform.engine.support.hierarchical.SameThreadHierarchicalTestExecutorService.invokeAll(SameThreadHierarchicalTestExecutorService.java:38)
	at org.junit.platform.engine.support.hierarchical.NodeTestTask.lambda$executeRecursively$5(NodeTestTask.java:143)
	at org.junit.platform.engine.support.hierarchical.ThrowableCollector.execute(ThrowableCollector.java:73)
	at org.junit.platform.engine.support.hierarchical.NodeTestTask.lambda$executeRecursively$7(NodeTestTask.java:129)
	at org.junit.platform.engine.support.hierarchical.Node.around(Node.java:137)
	at org.junit.platform.engine.support.hierarchical.NodeTestTask.lambda$executeRecursively$8(NodeTestTask.java:127)
	at org.junit.platform.engine.support.hierarchical.ThrowableCollector.execute(ThrowableCollector.java:73)
	at org.junit.platform.engine.support.hierarchical.NodeTestTask.executeRecursively(NodeTestTask.java:126)
	at org.junit.platform.engine.support.hierarchical.NodeTestTask.execute(NodeTestTask.java:84)
	at org.junit.platform.engine.support.hierarchical.SameThreadHierarchicalTestExecutorService.submit(SameThreadHierarchicalTestExecutorService.java:32)
	at org.junit.platform.engine.support.hierarchical.HierarchicalTestExecutor.execute(HierarchicalTestExecutor.java:57)
	at org.junit.platform.engine.support.hierarchical.HierarchicalTestEngine.execute(HierarchicalTestEngine.java:51)
	at org.junit.platform.launcher.core.DefaultLauncher.execute(DefaultLauncher.java:220)
	at org.junit.platform.launcher.core.DefaultLauncher.lambda$execute$6(DefaultLauncher.java:188)
	at org.junit.platform.launcher.core.DefaultLauncher.withInterceptedStreams(DefaultLauncher.java:202)
	at org.junit.platform.launcher.core.DefaultLauncher.execute(DefaultLauncher.java:181)
	at org.junit.platform.launcher.core.DefaultLauncher.execute(DefaultLauncher.java:128)
	at org.apache.maven.surefire.junitplatform.JUnitPlatformProvider.invokeAllTests(JUnitPlatformProvider.java:150)
	at org.apache.maven.surefire.junitplatform.JUnitPlatformProvider.invoke(JUnitPlatformProvider.java:120)
	at org.apache.maven.surefire.booter.ForkedBooter.invokeProviderInSameClassLoader(ForkedBooter.java:384)
	at org.apache.maven.surefire.booter.ForkedBooter.runSuitesInProcess(ForkedBooter.java:345)
	at org.apache.maven.surefire.booter.ForkedBooter.execute(ForkedBooter.java:126)
	at org.apache.maven.surefire.booter.ForkedBooter.main(ForkedBooter.java:418)
</skipped>
  </testcase>
  <testcase name="testSelectFromBareExplicitTableFails" classname="org.apache.flink.sql.parser.hive.FlinkHiveSqlParserImplTest" time="0.005"/>
  <testcase name="testSelectStreamDistinct" classname="org.apache.flink.sql.parser.hive.FlinkHiveSqlParserImplTest" time="0.002"/>
  <testcase name="testInsertExtendedColumnList" classname="org.apache.flink.sql.parser.hive.FlinkHiveSqlParserImplTest" time="0.006"/>
  <testcase name="testBackTickQuery" classname="org.apache.flink.sql.parser.hive.FlinkHiveSqlParserImplTest" time="0.012"/>
  <testcase name="testAs" classname="org.apache.flink.sql.parser.hive.FlinkHiveSqlParserImplTest" time="0.016"/>
  <testcase name="testParseNumberFails" classname="org.apache.flink.sql.parser.hive.FlinkHiveSqlParserImplTest" time="0.002"/>
  <testcase name="testMergeTableRefSource2" classname="org.apache.flink.sql.parser.hive.FlinkHiveSqlParserImplTest" time="0.005"/>
  <testcase name="testColumnAliasWithoutAs" classname="org.apache.flink.sql.parser.hive.FlinkHiveSqlParserImplTest" time="0.002"/>
  <testcase name="testTableExtend" classname="org.apache.flink.sql.parser.hive.FlinkHiveSqlParserImplTest" time="0.005"/>
  <testcase name="testInsertUnion" classname="org.apache.flink.sql.parser.hive.FlinkHiveSqlParserImplTest" time="0.006"/>
  <testcase name="testExplicitTable" classname="org.apache.flink.sql.parser.hive.FlinkHiveSqlParserImplTest" time="0.005"/>
  <testcase name="testCollectionTableWithColumnListParam" classname="org.apache.flink.sql.parser.hive.FlinkHiveSqlParserImplTest" time="0.006"/>
  <testcase name="testIntervalLiterals" classname="org.apache.flink.sql.parser.hive.FlinkHiveSqlParserImplTest" time="0.184"/>
  <testcase name="testInQueryWithComma" classname="org.apache.flink.sql.parser.hive.FlinkHiveSqlParserImplTest" time="0.01"/>
  <testcase name="testStmtListWithTwoSelect" classname="org.apache.flink.sql.parser.hive.FlinkHiveSqlParserImplTest" time="0.003"/>
  <testcase name="testMultisetExcept" classname="org.apache.flink.sql.parser.hive.FlinkHiveSqlParserImplTest" time="0.012"/>
  <testcase name="testIntervalExpression" classname="org.apache.flink.sql.parser.hive.FlinkHiveSqlParserImplTest" time="0.023"/>
  <testcase name="testSelectIsNotDdl" classname="org.apache.flink.sql.parser.hive.FlinkHiveSqlParserImplTest" time="0.001"/>
  <testcase name="testJsonExists" classname="org.apache.flink.sql.parser.hive.FlinkHiveSqlParserImplTest" time="0.005"/>
  <testcase name="testQuotedFunction" classname="org.apache.flink.sql.parser.hive.FlinkHiveSqlParserImplTest" time="0.006"/>
  <testcase name="testBetween" classname="org.apache.flink.sql.parser.hive.FlinkHiveSqlParserImplTest" time="0.059"/>
  <testcase name="testExceptionCleanup" classname="org.apache.flink.sql.parser.hive.FlinkHiveSqlParserImplTest" time="0.003"/>
  <testcase name="testUpdateExtendedColumnList" classname="org.apache.flink.sql.parser.hive.FlinkHiveSqlParserImplTest" time="0.009"/>
  <testcase name="testColumnAliasWithAs" classname="org.apache.flink.sql.parser.hive.FlinkHiveSqlParserImplTest" time="0.003"/>
  <testcase name="testMultisetCast" classname="org.apache.flink.sql.parser.hive.FlinkHiveSqlParserImplTest" time="0.003"/>
  <testcase name="testSelectWithoutFromWhereFails" classname="org.apache.flink.sql.parser.hive.FlinkHiveSqlParserImplTest" time="0.001"/>
  <testcase name="testScalarQueryInSelect" classname="org.apache.flink.sql.parser.hive.FlinkHiveSqlParserImplTest" time="0.003"/>
  <testcase name="testUpdateCaseSensitiveExtendedColumnList" classname="org.apache.flink.sql.parser.hive.FlinkHiveSqlParserImplTest" time="0.004"/>
  <testcase name="testLimitOffsetWithoutOrder" classname="org.apache.flink.sql.parser.hive.FlinkHiveSqlParserImplTest" time="0.005"/>
  <testcase name="testJsonLength" classname="org.apache.flink.sql.parser.hive.FlinkHiveSqlParserImplTest" time="0.007"/>
  <testcase name="testSelectList3" classname="org.apache.flink.sql.parser.hive.FlinkHiveSqlParserImplTest" time="0.008"/>
  <testcase name="testSelectList4" classname="org.apache.flink.sql.parser.hive.FlinkHiveSqlParserImplTest" time="0.003"/>
  <testcase name="testStmtListWithSelectDeleteUpdate" classname="org.apache.flink.sql.parser.hive.FlinkHiveSqlParserImplTest" time="0.008"/>
  <testcase name="testRowWithDot" classname="org.apache.flink.sql.parser.hive.FlinkHiveSqlParserImplTest" time="0.013"/>
  <testcase name="testJsonArray" classname="org.apache.flink.sql.parser.hive.FlinkHiveSqlParserImplTest" time="0.007"/>
  <testcase name="testLateral" classname="org.apache.flink.sql.parser.hive.FlinkHiveSqlParserImplTest" time="0.018"/>
  <testcase name="testJsonDepth" classname="org.apache.flink.sql.parser.hive.FlinkHiveSqlParserImplTest" time="0.003"/>
  <testcase name="testStringLiteralDoubleQuoted" classname="org.apache.flink.sql.parser.hive.FlinkHiveSqlParserImplTest" time="0.029"/>
  <testcase name="testJsonQuery" classname="org.apache.flink.sql.parser.hive.FlinkHiveSqlParserImplTest" time="0.009"/>
  <testcase name="testIllegalCursors" classname="org.apache.flink.sql.parser.hive.FlinkHiveSqlParserImplTest" time="0.009"/>
  <testcase name="testJsonValue" classname="org.apache.flink.sql.parser.hive.FlinkHiveSqlParserImplTest" time="0.026"/>
  <testcase name="testInListEmptyFails" classname="org.apache.flink.sql.parser.hive.FlinkHiveSqlParserImplTest" time="0.014"/>
  <testcase name="testTableSample" classname="org.apache.flink.sql.parser.hive.FlinkHiveSqlParserImplTest" time="0.076"/>
  <testcase name="testMatchRecognize1" classname="org.apache.flink.sql.parser.hive.FlinkHiveSqlParserImplTest" time="0.017"/>
  <testcase name="testMatchRecognize2" classname="org.apache.flink.sql.parser.hive.FlinkHiveSqlParserImplTest" time="0.005"/>
  <testcase name="testMatchRecognize3" classname="org.apache.flink.sql.parser.hive.FlinkHiveSqlParserImplTest" time="0.008"/>
  <testcase name="testMatchRecognize4" classname="org.apache.flink.sql.parser.hive.FlinkHiveSqlParserImplTest" time="0.005"/>
  <testcase name="testMatchRecognize5" classname="org.apache.flink.sql.parser.hive.FlinkHiveSqlParserImplTest" time="0.011"/>
  <testcase name="testMatchRecognize6" classname="org.apache.flink.sql.parser.hive.FlinkHiveSqlParserImplTest" time="0.034"/>
  <testcase name="testMatchRecognize7" classname="org.apache.flink.sql.parser.hive.FlinkHiveSqlParserImplTest" time="0.016"/>
  <testcase name="testMatchRecognize8" classname="org.apache.flink.sql.parser.hive.FlinkHiveSqlParserImplTest" time="0.005"/>
  <testcase name="testMatchRecognize9" classname="org.apache.flink.sql.parser.hive.FlinkHiveSqlParserImplTest" time="0.003"/>
  <testcase name="testJsonObject" classname="org.apache.flink.sql.parser.hive.FlinkHiveSqlParserImplTest" time="0.035"/>
  <testcase name="testSelectFromExplicitTable" classname="org.apache.flink.sql.parser.hive.FlinkHiveSqlParserImplTest" time="0.003"/>
  <testcase name="testGroupByCube" classname="org.apache.flink.sql.parser.hive.FlinkHiveSqlParserImplTest" time="0.006"/>
  <testcase name="testStmtListWithSelectDelete" classname="org.apache.flink.sql.parser.hive.FlinkHiveSqlParserImplTest" time="0.003"/>
  <testcase name="testCrossOuterApply" classname="org.apache.flink.sql.parser.hive.FlinkHiveSqlParserImplTest" time="0.016"/>
  <testcase name="testAggregateFilter" classname="org.apache.flink.sql.parser.hive.FlinkHiveSqlParserImplTest" time="0.003"/>
  <testcase name="testTimestampDiff" classname="org.apache.flink.sql.parser.hive.FlinkHiveSqlParserImplTest" time="0.005"/>
  <testcase name="testJsonPretty" classname="org.apache.flink.sql.parser.hive.FlinkHiveSqlParserImplTest" time="0.002"/>
  <testcase name="testJsonRemove" classname="org.apache.flink.sql.parser.hive.FlinkHiveSqlParserImplTest" time="0.001"/>
  <testcase name="testFullInnerJoinFails" classname="org.apache.flink.sql.parser.hive.FlinkHiveSqlParserImplTest" time="0.012"/>
  <testcase name="testUpsertSelect" classname="org.apache.flink.sql.parser.hive.FlinkHiveSqlParserImplTest" time="0.005"/>
  <testcase name="testConfigureFromDialect" classname="org.apache.flink.sql.parser.hive.FlinkHiveSqlParserImplTest" time="0.022"/>
  <testcase name="testSqlOptions" classname="org.apache.flink.sql.parser.hive.FlinkHiveSqlParserImplTest" time="0.018"/>
  <testcase name="testCastToInterval" classname="org.apache.flink.sql.parser.hive.FlinkHiveSqlParserImplTest" time="0.015"/>
  <testcase name="testTableHintsInDelete" classname="org.apache.flink.sql.parser.hive.FlinkHiveSqlParserImplTest" time="0.016"/>
  <testcase name="testMinusIsReserved" classname="org.apache.flink.sql.parser.hive.FlinkHiveSqlParserImplTest" time="0.004"/>
  <testcase name="testCoalesce" classname="org.apache.flink.sql.parser.hive.FlinkHiveSqlParserImplTest" time="0.003"/>
  <testcase name="testJdbcFunctionCall" classname="org.apache.flink.sql.parser.hive.FlinkHiveSqlParserImplTest" time="0.04"/>
  <testcase name="testLiteral" classname="org.apache.flink.sql.parser.hive.FlinkHiveSqlParserImplTest" time="0.015"/>
  <testcase name="testAliasedStar" classname="org.apache.flink.sql.parser.hive.FlinkHiveSqlParserImplTest" time="0.003"/>
  <testcase name="testUpsertValues" classname="org.apache.flink.sql.parser.hive.FlinkHiveSqlParserImplTest" time="0.004"/>
  <testcase name="testMatchRecognizeRowsPerMatch1" classname="org.apache.flink.sql.parser.hive.FlinkHiveSqlParserImplTest" time="0.013"/>
  <testcase name="testMatchRecognizeRowsPerMatch2" classname="org.apache.flink.sql.parser.hive.FlinkHiveSqlParserImplTest" time="0.007"/>
  <testcase name="testOuterJoinNoiseWord" classname="org.apache.flink.sql.parser.hive.FlinkHiveSqlParserImplTest" time="0.006"/>
  <testcase name="testCollectionTableWithLateral2" classname="org.apache.flink.sql.parser.hive.FlinkHiveSqlParserImplTest" time="0.005"/>
  <testcase name="testCollectionTableWithLateral3" classname="org.apache.flink.sql.parser.hive.FlinkHiveSqlParserImplTest" time="0.004"/>
  <testcase name="testFunctionCallWithDot" classname="org.apache.flink.sql.parser.hive.FlinkHiveSqlParserImplTest" time="0.002"/>
  <testcase name="testReverseSolidus" classname="org.apache.flink.sql.parser.hive.FlinkHiveSqlParserImplTest" time="0.001"/>
  <testcase name="testTimestampAddAndDiff" classname="org.apache.flink.sql.parser.hive.FlinkHiveSqlParserImplTest" time="0.046"/>
  <testcase name="testLikeAndSimilar" classname="org.apache.flink.sql.parser.hive.FlinkHiveSqlParserImplTest" time="0.372"/>
  <testcase name="testMiscIntervalQualifier" classname="org.apache.flink.sql.parser.hive.FlinkHiveSqlParserImplTest" time="0.03"/>
  <testcase name="testPrecedence2b" classname="org.apache.flink.sql.parser.hive.FlinkHiveSqlParserImplTest" time="0.002"/>
  <testcase name="testCharLength" classname="org.apache.flink.sql.parser.hive.FlinkHiveSqlParserImplTest" time="0.203"/>
  <testcase name="testStmtListWithSelect" classname="org.apache.flink.sql.parser.hive.FlinkHiveSqlParserImplTest" time="0.008"/>
  <testcase name="testStmtListWithSemiColonInWhere" classname="org.apache.flink.sql.parser.hive.FlinkHiveSqlParserImplTest" time="0.008"/>
  <testcase name="testMemberFunction" classname="org.apache.flink.sql.parser.hive.FlinkHiveSqlParserImplTest" time="0.009"/>
  <testcase name="testVisitSqlInsertWithSqlShuttle" classname="org.apache.flink.sql.parser.hive.FlinkHiveSqlParserImplTest" time="0.003"/>
  <testcase name="testSelectDistinct" classname="org.apache.flink.sql.parser.hive.FlinkHiveSqlParserImplTest" time="0.003"/>
  <testcase name="testOrderInternal" classname="org.apache.flink.sql.parser.hive.FlinkHiveSqlParserImplTest" time="0.037"/>
  <testcase name="testPrecedence0" classname="org.apache.flink.sql.parser.hive.FlinkHiveSqlParserImplTest" time="0.002"/>
  <testcase name="testPrecedence1" classname="org.apache.flink.sql.parser.hive.FlinkHiveSqlParserImplTest" time="0.003"/>
  <testcase name="testPrecedence2" classname="org.apache.flink.sql.parser.hive.FlinkHiveSqlParserImplTest" time="0.001"/>
  <testcase name="testPrecedence3" classname="org.apache.flink.sql.parser.hive.FlinkHiveSqlParserImplTest" time="0.011"/>
  <testcase name="testPrecedence4" classname="org.apache.flink.sql.parser.hive.FlinkHiveSqlParserImplTest" time="0.008"/>
  <testcase name="testPrecedence5" classname="org.apache.flink.sql.parser.hive.FlinkHiveSqlParserImplTest" time="0.006"/>
  <testcase name="testMatchRecognizeDefineClause" classname="org.apache.flink.sql.parser.hive.FlinkHiveSqlParserImplTest" time="0.008"/>
  <testcase name="testElementFunc" classname="org.apache.flink.sql.parser.hive.FlinkHiveSqlParserImplTest" time="0.002"/>
  <testcase name="testOrderUnion" classname="org.apache.flink.sql.parser.hive.FlinkHiveSqlParserImplTest" time="0.003"/>
  <testcase name="testOrderOffsetFetch" classname="org.apache.flink.sql.parser.hive.FlinkHiveSqlParserImplTest" time="0.012"/>
  <testcase name="testMapItemPrecedence" classname="org.apache.flink.sql.parser.hive.FlinkHiveSqlParserImplTest" time="0.005"/>
  <testcase name="testArithmeticOperators" classname="org.apache.flink.sql.parser.hive.FlinkHiveSqlParserImplTest" time="0.018"/>
  <testcase name="testMemberOf" classname="org.apache.flink.sql.parser.hive.FlinkHiveSqlParserImplTest" time="0.007"/>
  <testcase name="testStmtListWithoutSemiColon1" classname="org.apache.flink.sql.parser.hive.FlinkHiveSqlParserImplTest" time="0.01"/>
  <testcase name="testStmtListWithoutSemiColon2" classname="org.apache.flink.sql.parser.hive.FlinkHiveSqlParserImplTest" time="0.005"/>
  <testcase name="testUnicodeEscapedLiteral" classname="org.apache.flink.sql.parser.hive.FlinkHiveSqlParserImplTest" time="0.006"/>
  <testcase name="testStmtListWithInsertSelectInsert" classname="org.apache.flink.sql.parser.hive.FlinkHiveSqlParserImplTest" time="0.003"/>
  <testcase name="testInsertCaseSensitiveExtendedColumnList" classname="org.apache.flink.sql.parser.hive.FlinkHiveSqlParserImplTest" time="0.003"/>
  <testcase name="testJoinCross" classname="org.apache.flink.sql.parser.hive.FlinkHiveSqlParserImplTest" time="0.002"/>
  <testcase name="testInvalidHintFormat" classname="org.apache.flink.sql.parser.hive.FlinkHiveSqlParserImplTest" time="0.007"/>
  <testcase name="testSingleQuotedAlias" classname="org.apache.flink.sql.parser.hive.FlinkHiveSqlParserImplTest" time="0.028"/>
  <testcase name="testJoinQuery" classname="org.apache.flink.sql.parser.hive.FlinkHiveSqlParserImplTest" time="0.003"/>
  <testcase name="testJoinUsing" classname="org.apache.flink.sql.parser.hive.FlinkHiveSqlParserImplTest" time="0.002"/>
  <testcase name="testAddCarets" classname="org.apache.flink.sql.parser.hive.FlinkHiveSqlParserImplTest" time="0"/>
  <testcase name="testSelectWithoutFromHavingFails" classname="org.apache.flink.sql.parser.hive.FlinkHiveSqlParserImplTest" time="0.001"/>
  <testcase name="testCardinalityFunc" classname="org.apache.flink.sql.parser.hive.FlinkHiveSqlParserImplTest" time="0.001"/>
  <testcase name="testMatchRecognize10" classname="org.apache.flink.sql.parser.hive.FlinkHiveSqlParserImplTest" time="0.001"/>
  <testcase name="testMatchRecognize11" classname="org.apache.flink.sql.parser.hive.FlinkHiveSqlParserImplTest" time="0.006"/>
  <testcase name="testSelectWithoutFromGroupByFails" classname="org.apache.flink.sql.parser.hive.FlinkHiveSqlParserImplTest" time="0.002"/>
  <testcase name="testMatchRecognizeDefineClause2" classname="org.apache.flink.sql.parser.hive.FlinkHiveSqlParserImplTest" time="0.003"/>
  <testcase name="testMatchRecognizeDefineClause3" classname="org.apache.flink.sql.parser.hive.FlinkHiveSqlParserImplTest" time="0.001"/>
  <testcase name="testMatchRecognizeDefineClause4" classname="org.apache.flink.sql.parser.hive.FlinkHiveSqlParserImplTest" time="0"/>
  <testcase name="testSelectDistinctWithoutFrom" classname="org.apache.flink.sql.parser.hive.FlinkHiveSqlParserImplTest" time="0.005"/>
  <testcase name="testWithinGroupClause1" classname="org.apache.flink.sql.parser.hive.FlinkHiveSqlParserImplTest" time="0.004"/>
  <testcase name="testWithinGroupClause2" classname="org.apache.flink.sql.parser.hive.FlinkHiveSqlParserImplTest" time="0.002"/>
  <testcase name="testWithinGroupClause3" classname="org.apache.flink.sql.parser.hive.FlinkHiveSqlParserImplTest" time="0.001"/>
  <testcase name="testWithinGroupClause4" classname="org.apache.flink.sql.parser.hive.FlinkHiveSqlParserImplTest" time="0.001"/>
  <testcase name="testWithinGroupClause5" classname="org.apache.flink.sql.parser.hive.FlinkHiveSqlParserImplTest" time="0.001"/>
  <testcase name="testTableHintsInUpdate" classname="org.apache.flink.sql.parser.hive.FlinkHiveSqlParserImplTest" time="0.002"/>
  <testcase name="testMetadata" classname="org.apache.flink.sql.parser.hive.FlinkHiveSqlParserImplTest" time="0"/>
  <testcase name="testCollectionTableWithLateral" classname="org.apache.flink.sql.parser.hive.FlinkHiveSqlParserImplTest" time="0.003"/>
  <testcase name="testStarAsFails" classname="org.apache.flink.sql.parser.hive.FlinkHiveSqlParserImplTest" time="0.001"/>
  <testcase name="testMatchRecognizePatternSkip1" classname="org.apache.flink.sql.parser.hive.FlinkHiveSqlParserImplTest" time="0.008"/>
  <testcase name="testMatchRecognizePatternSkip2" classname="org.apache.flink.sql.parser.hive.FlinkHiveSqlParserImplTest" time="0.007"/>
  <testcase name="testMatchRecognizePatternSkip3" classname="org.apache.flink.sql.parser.hive.FlinkHiveSqlParserImplTest" time="0.005"/>
  <testcase name="testMatchRecognizePatternSkip4" classname="org.apache.flink.sql.parser.hive.FlinkHiveSqlParserImplTest" time="0.003"/>
  <testcase name="testMatchRecognizePatternSkip5" classname="org.apache.flink.sql.parser.hive.FlinkHiveSqlParserImplTest" time="0.008"/>
  <testcase name="testMatchRecognizePatternSkip6" classname="org.apache.flink.sql.parser.hive.FlinkHiveSqlParserImplTest" time="0.004"/>
  <testcase name="testLongIdentifiers" classname="org.apache.flink.sql.parser.hive.FlinkHiveSqlParserImplTest" time="0.019"/>
  <testcase name="testHexAndBinaryString" classname="org.apache.flink.sql.parser.hive.FlinkHiveSqlParserImplTest" time="0.017"/>
  <testcase name="testScalarQueryInWhere" classname="org.apache.flink.sql.parser.hive.FlinkHiveSqlParserImplTest" time="0.004"/>
  <testcase name="testCaseExpressionFails" classname="org.apache.flink.sql.parser.hive.FlinkHiveSqlParserImplTest" time="0.003"/>
  <testcase name="testIntervalPluralUnits" classname="org.apache.flink.sql.parser.hive.FlinkHiveSqlParserImplTest" time="0.028"/>
  <testcase name="testMapItem" classname="org.apache.flink.sql.parser.hive.FlinkHiveSqlParserImplTest" time="0.002"/>
  <testcase name="testOrderIllegalInExpression" classname="org.apache.flink.sql.parser.hive.FlinkHiveSqlParserImplTest" time="0.006"/>
  <testcase name="testQueryInIllegalContext" classname="org.apache.flink.sql.parser.hive.FlinkHiveSqlParserImplTest" time="0.004"/>
  <testcase name="testDateMinusDate" classname="org.apache.flink.sql.parser.hive.FlinkHiveSqlParserImplTest" time="0.016"/>
  <testcase name="testMapValueConstructor" classname="org.apache.flink.sql.parser.hive.FlinkHiveSqlParserImplTest" time="0.005"/>
  <testcase name="testIsBooleans" classname="org.apache.flink.sql.parser.hive.FlinkHiveSqlParserImplTest" time="0.01"/>
  <testcase name="testJoinOnParentheses" classname="org.apache.flink.sql.parser.hive.FlinkHiveSqlParserImplTest" time="0.001"/>
  <testcase name="testGroupEmpty" classname="org.apache.flink.sql.parser.hive.FlinkHiveSqlParserImplTest" time="0.006"/>
  <testcase name="testOperateOnColumn" classname="org.apache.flink.sql.parser.hive.FlinkHiveSqlParserImplTest" time="0.002"/>
  <testcase name="testOrderNullsFirst" classname="org.apache.flink.sql.parser.hive.FlinkHiveSqlParserImplTest" time="0.001"/>
  <testcase name="testQuotesInString" classname="org.apache.flink.sql.parser.hive.FlinkHiveSqlParserImplTest" time="0.004"/>
  <testcase name="testWindowInSubQuery" classname="org.apache.flink.sql.parser.hive.FlinkHiveSqlParserImplTest" time="0.006"/>
  <testcase name="testEmptyValues" classname="org.apache.flink.sql.parser.hive.FlinkHiveSqlParserImplTest" time="0.006"/>
  <testcase name="testSubQueryInJoin" classname="org.apache.flink.sql.parser.hive.FlinkHiveSqlParserImplTest" time="0.001"/>
  <testcase name="testTemporalTable" classname="org.apache.flink.sql.parser.hive.FlinkHiveSqlParserImplTest" time="0.03"/>
  <testcase name="testInnerOuterJoinFails" classname="org.apache.flink.sql.parser.hive.FlinkHiveSqlParserImplTest" time="0.011"/>
  <testcase name="testMultisetMixed" classname="org.apache.flink.sql.parser.hive.FlinkHiveSqlParserImplTest" time="0.02"/>
  <testcase name="testHyphenatedColumnName" classname="org.apache.flink.sql.parser.hive.FlinkHiveSqlParserImplTest" time="0.006"/>
  <testcase name="testMultisetUnion" classname="org.apache.flink.sql.parser.hive.FlinkHiveSqlParserImplTest" time="0.002"/>
  <testcase name="testTableHintsInMerge" classname="org.apache.flink.sql.parser.hive.FlinkHiveSqlParserImplTest" time="0.139"/>
  <testcase name="testTableHintsInQuery" classname="org.apache.flink.sql.parser.hive.FlinkHiveSqlParserImplTest" time="0.058"/>
  <testcase name="testReplace" classname="org.apache.flink.sql.parser.hive.FlinkHiveSqlParserImplTest" time="0.006"/>
  <testcase name="testSomeEveryAndIntersectionAggQuery" classname="org.apache.flink.sql.parser.hive.FlinkHiveSqlParserImplTest" time="0.009"/>
  <testcase name="testDateLiteral" classname="org.apache.flink.sql.parser.hive.FlinkHiveSqlParserImplTest" time="0.029"/>
  <testcase name="testAsAliases" classname="org.apache.flink.sql.parser.hive.FlinkHiveSqlParserImplTest" time="0.036"/>
  <testcase name="testConvertAndTranslate" classname="org.apache.flink.sql.parser.hive.FlinkHiveSqlParserImplTest" time="0.022"/>
  <testcase name="testInsertCaseSensitiveColumnList" classname="org.apache.flink.sql.parser.hive.FlinkHiveSqlParserImplTest" time="0.005"/>
  <testcase name="testJoinAssociativity" classname="org.apache.flink.sql.parser.hive.FlinkHiveSqlParserImplTest" time="0">
    <skipped message="void org.apache.calcite.sql.parser.SqlParserTest.testJoinAssociativity() is @Disabled"/>
  </testcase>
  <testcase name="testCastAsRowType" classname="org.apache.flink.sql.parser.hive.FlinkHiveSqlParserImplTest" time="0.03"/>
  <testcase name="testBetweenAnd" classname="org.apache.flink.sql.parser.hive.FlinkHiveSqlParserImplTest" time="0.02"/>
  <testcase name="testCollectionTable" classname="org.apache.flink.sql.parser.hive.FlinkHiveSqlParserImplTest" time="0.011"/>
  <testcase name="testParensInFrom" classname="org.apache.flink.sql.parser.hive.FlinkHiveSqlParserImplTest" time="0.02"/>
  <testcase name="testPivotWithoutValues" classname="org.apache.flink.sql.parser.hive.FlinkHiveSqlParserImplTest" time="0.007"/>
  <testcase name="testUnnestWithOrdinality" classname="org.apache.flink.sql.parser.hive.FlinkHiveSqlParserImplTest" time="0.011"/>
  <testcase name="testGroupingSets" classname="org.apache.flink.sql.parser.hive.FlinkHiveSqlParserImplTest" time="0.019"/>
  <testcase name="testWindowReference" classname="org.apache.flink.sql.parser.hive.FlinkHiveSqlParserImplTest" time="0.004"/>
  <testcase name="testParseWithReader" classname="org.apache.flink.sql.parser.hive.FlinkHiveSqlParserImplTest" time="0.026"/>
  <testcase name="testGroupByCube2" classname="org.apache.flink.sql.parser.hive.FlinkHiveSqlParserImplTest" time="0.004"/>
  <testcase name="testMatchRecognizeWithin" classname="org.apache.flink.sql.parser.hive.FlinkHiveSqlParserImplTest" time="0.012"/>
  <testcase name="testOuterApply" classname="org.apache.flink.sql.parser.hive.FlinkHiveSqlParserImplTest" time="0.007"/>
  <testcase name="testExplicitTableInJoin" classname="org.apache.flink.sql.parser.hive.FlinkHiveSqlParserImplTest" time="0.005"/>
  <testcase name="testMinusPrefixInExpression" classname="org.apache.flink.sql.parser.hive.FlinkHiveSqlParserImplTest" time="0.001"/>
  <testcase name="testLessThanAssociativity" classname="org.apache.flink.sql.parser.hive.FlinkHiveSqlParserImplTest" time="0.037"/>
  <testcase name="testGroupByRollup" classname="org.apache.flink.sql.parser.hive.FlinkHiveSqlParserImplTest" time="0.012"/>
  <testcase name="testBetweenAnd2" classname="org.apache.flink.sql.parser.hive.FlinkHiveSqlParserImplTest" time="0.003"/>
  <testcase name="testWindowSpec" classname="org.apache.flink.sql.parser.hive.FlinkHiveSqlParserImplTest" time="0.047"/>
  <testcase name="testDefault" classname="org.apache.flink.sql.parser.hive.FlinkHiveSqlParserImplTest" time="0.067"/>
  <testcase name="testIntersect" classname="org.apache.flink.sql.parser.hive.FlinkHiveSqlParserImplTest" time="0.012"/>
  <testcase name="testIsNotDistinct" classname="org.apache.flink.sql.parser.hive.FlinkHiveSqlParserImplTest" time="0.009"/>
  <testcase name="testSubstring" classname="org.apache.flink.sql.parser.hive.FlinkHiveSqlParserImplTest" time="0.003"/>
  <testcase name="testProcedureCall" classname="org.apache.flink.sql.parser.hive.FlinkHiveSqlParserImplTest" time="0.012"/>
  <testcase name="testGrouping" classname="org.apache.flink.sql.parser.hive.FlinkHiveSqlParserImplTest" time="0.006"/>
  <testcase name="testOverlaps" classname="org.apache.flink.sql.parser.hive.FlinkHiveSqlParserImplTest" time="0.058"/>
  <testcase name="testPivotComposite" classname="org.apache.flink.sql.parser.hive.FlinkHiveSqlParserImplTest" time="0.008"/>
  <testcase name="testConcat" classname="org.apache.flink.sql.parser.hive.FlinkHiveSqlParserImplTest" time="0.007"/>
  <testcase name="testDelete" classname="org.apache.flink.sql.parser.hive.FlinkHiveSqlParserImplTest" time="0.004"/>
  <testcase name="testJsonObjectAgg" classname="org.apache.flink.sql.parser.hive.FlinkHiveSqlParserImplTest" time="0.012"/>
  <testcase name="testBangEqualIsBad" classname="org.apache.flink.sql.parser.hive.FlinkHiveSqlParserImplTest" time="0.013"/>
  <testcase name="testCastToVarchar" classname="org.apache.flink.sql.parser.hive.FlinkHiveSqlParserImplTest" time="0.007"/>
  <testcase name="testExcept" classname="org.apache.flink.sql.parser.hive.FlinkHiveSqlParserImplTest" time="0.011"/>
  <testcase name="testExists" classname="org.apache.flink.sql.parser.hive.FlinkHiveSqlParserImplTest" time="0.02"/>
  <testcase name="testFunctionNamedArgument" classname="org.apache.flink.sql.parser.hive.FlinkHiveSqlParserImplTest" time="0.009"/>
  <testcase name="testMergeSelectSource" classname="org.apache.flink.sql.parser.hive.FlinkHiveSqlParserImplTest" time="0.012"/>
  <testcase name="testInsertColumnList" classname="org.apache.flink.sql.parser.hive.FlinkHiveSqlParserImplTest" time="0.003"/>
  <testcase name="testJsonArrayAgg1" classname="org.apache.flink.sql.parser.hive.FlinkHiveSqlParserImplTest" time="0.008"/>
  <testcase name="testJsonArrayAgg2" classname="org.apache.flink.sql.parser.hive.FlinkHiveSqlParserImplTest" time="0.004"/>
  <testcase name="testMultiset" classname="org.apache.flink.sql.parser.hive.FlinkHiveSqlParserImplTest" time="0.006"/>
  <testcase name="testArrayValueConstructor" classname="org.apache.flink.sql.parser.hive.FlinkHiveSqlParserImplTest" time="0.006"/>
  <testcase name="testWithNestedInSubQuery" classname="org.apache.flink.sql.parser.hive.FlinkHiveSqlParserImplTest" time="0.002"/>
  <testcase name="testInList" classname="org.apache.flink.sql.parser.hive.FlinkHiveSqlParserImplTest" time="0.003"/>
  <testcase name="testIsASet" classname="org.apache.flink.sql.parser.hive.FlinkHiveSqlParserImplTest" time="0.003"/>
  <testcase name="testJsonPredicate" classname="org.apache.flink.sql.parser.hive.FlinkHiveSqlParserImplTest" time="0.023"/>
  <testcase name="testWindowSpecPartial" classname="org.apache.flink.sql.parser.hive.FlinkHiveSqlParserImplTest" time="0.01"/>
  <testcase name="testPosition" classname="org.apache.flink.sql.parser.hive.FlinkHiveSqlParserImplTest" time="0.003"/>
  <testcase name="testJoinOn" classname="org.apache.flink.sql.parser.hive.FlinkHiveSqlParserImplTest" time="0.005"/>
  <testcase name="testFromValues" classname="org.apache.flink.sql.parser.hive.FlinkHiveSqlParserImplTest" time="0.003"/>
  <testcase name="testStringLiteralChain" classname="org.apache.flink.sql.parser.hive.FlinkHiveSqlParserImplTest" time="0.014"/>
  <testcase name="testStringLiteralFails" classname="org.apache.flink.sql.parser.hive.FlinkHiveSqlParserImplTest" time="0.024"/>
  <testcase name="testInQuery" classname="org.apache.flink.sql.parser.hive.FlinkHiveSqlParserImplTest" time="0.007"/>
  <testcase name="testInSetop" classname="org.apache.flink.sql.parser.hive.FlinkHiveSqlParserImplTest" time="0.004"/>
  <testcase name="testWithValues" classname="org.apache.flink.sql.parser.hive.FlinkHiveSqlParserImplTest" time="0.005"/>
  <testcase name="testInvalidToken" classname="org.apache.flink.sql.parser.hive.FlinkHiveSqlParserImplTest" time="0.008"/>
  <testcase name="testFromWithAs" classname="org.apache.flink.sql.parser.hive.FlinkHiveSqlParserImplTest" time="0.004"/>
  <testcase name="testContinuedLiteral" classname="org.apache.flink.sql.parser.hive.FlinkHiveSqlParserImplTest" time="0.011"/>
  <testcase name="testNotExists" classname="org.apache.flink.sql.parser.hive.FlinkHiveSqlParserImplTest" time="0.003"/>
  <testcase name="testWithFails" classname="org.apache.flink.sql.parser.hive.FlinkHiveSqlParserImplTest" time="0.002"/>
  <testcase name="testWithUnion" classname="org.apache.flink.sql.parser.hive.FlinkHiveSqlParserImplTest" time="0.003"/>
  <testcase name="testSelectWithoutFrom" classname="org.apache.flink.sql.parser.hive.FlinkHiveSqlParserImplTest" time="0.001"/>
  <testcase name="testNullIf" classname="org.apache.flink.sql.parser.hive.FlinkHiveSqlParserImplTest" time="0.025"/>
  <testcase name="testFromValuesWithoutParens" classname="org.apache.flink.sql.parser.hive.FlinkHiveSqlParserImplTest" time="0.007"/>
  <testcase name="testInsertValuesRawDefault" classname="org.apache.flink.sql.parser.hive.FlinkHiveSqlParserImplTest" time="0.004"/>
  <testcase name="testEmbeddedFunction" classname="org.apache.flink.sql.parser.hive.FlinkHiveSqlParserImplTest" time="0">
    <skipped message="void org.apache.calcite.sql.parser.SqlParserTest.testEmbeddedFunction() is @Disabled"/>
  </testcase>
  <testcase name="testPeriod" classname="org.apache.flink.sql.parser.hive.FlinkHiveSqlParserImplTest" time="0.002"/>
  <testcase name="testPivot2" classname="org.apache.flink.sql.parser.hive.FlinkHiveSqlParserImplTest" time="0.004"/>
  <testcase name="testSelectWithoutFrom2" classname="org.apache.flink.sql.parser.hive.FlinkHiveSqlParserImplTest" time="0.001"/>
  <testcase name="testDateTimeCast" classname="org.apache.flink.sql.parser.hive.FlinkHiveSqlParserImplTest" time="0.003"/>
  <testcase name="testMixedFrom" classname="org.apache.flink.sql.parser.hive.FlinkHiveSqlParserImplTest" time="0.009"/>
  <testcase name="testMixedStar" classname="org.apache.flink.sql.parser.hive.FlinkHiveSqlParserImplTest" time="0.007"/>
  <testcase name="testIntervalOperators" classname="org.apache.flink.sql.parser.hive.FlinkHiveSqlParserImplTest" time="0.012"/>
  <testcase name="testCastFails" classname="org.apache.flink.sql.parser.hive.FlinkHiveSqlParserImplTest" time="0.006"/>
  <testcase name="testHavingBeforeGroupFails" classname="org.apache.flink.sql.parser.hive.FlinkHiveSqlParserImplTest" time="0.006"/>
  <testcase name="testUnicodeLiteral" classname="org.apache.flink.sql.parser.hive.FlinkHiveSqlParserImplTest" time="0.008"/>
  <testcase name="testHavingAfterGroup" classname="org.apache.flink.sql.parser.hive.FlinkHiveSqlParserImplTest" time="0.007"/>
  <testcase name="testInsertSelect" classname="org.apache.flink.sql.parser.hive.FlinkHiveSqlParserImplTest" time="0.002"/>
  <testcase name="testUnnest" classname="org.apache.flink.sql.parser.hive.FlinkHiveSqlParserImplTest" time="0.019"/>
  <testcase name="testUpdate" classname="org.apache.flink.sql.parser.hive.FlinkHiveSqlParserImplTest" time="0.002"/>
  <testcase name="testValues" classname="org.apache.flink.sql.parser.hive.FlinkHiveSqlParserImplTest" time="0.001"/>
  <testcase name="testInsertValuesDefault" classname="org.apache.flink.sql.parser.hive.FlinkHiveSqlParserImplTest" time="0.002"/>
  <testcase name="testIntervalArithmetics" classname="org.apache.flink.sql.parser.hive.FlinkHiveSqlParserImplTest" time="0.011"/>
  <testcase name="testLimitUnion" classname="org.apache.flink.sql.parser.hive.FlinkHiveSqlParserImplTest" time="0.002"/>
  <testcase name="testInsertValues" classname="org.apache.flink.sql.parser.hive.FlinkHiveSqlParserImplTest" time="0.004"/>
  <testcase name="testTranslate3" classname="org.apache.flink.sql.parser.hive.FlinkHiveSqlParserImplTest" time="0.001"/>
  <testcase name="testFromStarFails" classname="org.apache.flink.sql.parser.hive.FlinkHiveSqlParserImplTest" time="0.016"/>
  <testcase name="testNestedSelect" classname="org.apache.flink.sql.parser.hive.FlinkHiveSqlParserImplTest" time="0"/>
  <testcase name="testJsonValueExpressionOperator" classname="org.apache.flink.sql.parser.hive.FlinkHiveSqlParserImplTest" time="0.009"/>
  <testcase name="testBackTickIdentifier" classname="org.apache.flink.sql.parser.hive.FlinkHiveSqlParserImplTest" time="0.047"/>
  <testcase name="testPivotErrorExpressionInFor" classname="org.apache.flink.sql.parser.hive.FlinkHiveSqlParserImplTest" time="0.002"/>
  <testcase name="testSelectList" classname="org.apache.flink.sql.parser.hive.FlinkHiveSqlParserImplTest" time="0.003"/>
  <testcase name="testLiteralCollate" classname="org.apache.flink.sql.parser.hive.FlinkHiveSqlParserImplTest" time="0"/>
  <testcase name="testHavingNoGroup" classname="org.apache.flink.sql.parser.hive.FlinkHiveSqlParserImplTest" time="0.017"/>
  <testcase name="testIdentifier" classname="org.apache.flink.sql.parser.hive.FlinkHiveSqlParserImplTest" time="0.03"/>
  <testcase name="testMultisetIntersect" classname="org.apache.flink.sql.parser.hive.FlinkHiveSqlParserImplTest" time="0.006"/>
  <testcase name="testOuterApplyValues" classname="org.apache.flink.sql.parser.hive.FlinkHiveSqlParserImplTest" time="0.004"/>
  <testcase name="testBracketIdentifier" classname="org.apache.flink.sql.parser.hive.FlinkHiveSqlParserImplTest" time="0.013"/>
  <testcase name="testMatchRecognizeSubset1" classname="org.apache.flink.sql.parser.hive.FlinkHiveSqlParserImplTest" time="0.004"/>
  <testcase name="testMatchRecognizeSubset2" classname="org.apache.flink.sql.parser.hive.FlinkHiveSqlParserImplTest" time="0.013"/>
  <testcase name="testMatchRecognizeSubset3" classname="org.apache.flink.sql.parser.hive.FlinkHiveSqlParserImplTest" time="0.006"/>
  <testcase name="testSplitIdentifier" classname="org.apache.flink.sql.parser.hive.FlinkHiveSqlParserImplTest" time="0.018"/>
  <testcase name="testHexAndBinaryStringFails" classname="org.apache.flink.sql.parser.hive.FlinkHiveSqlParserImplTest" time="0.111"/>
  <testcase name="testEqualNotEqual" classname="org.apache.flink.sql.parser.hive.FlinkHiveSqlParserImplTest" time="0.024"/>
  <testcase name="testSequence" classname="org.apache.flink.sql.parser.hive.FlinkHiveSqlParserImplTest" time="0.021"/>
  <testcase name="testCastAsCollectionType" classname="org.apache.flink.sql.parser.hive.FlinkHiveSqlParserImplTest" time="0.011"/>
  <testcase name="testUnionOrder" classname="org.apache.flink.sql.parser.hive.FlinkHiveSqlParserImplTest" time="0.003"/>
  <testcase name="testQueryInFrom" classname="org.apache.flink.sql.parser.hive.FlinkHiveSqlParserImplTest" time="0.01"/>
  <testcase name="testFunction" classname="org.apache.flink.sql.parser.hive.FlinkHiveSqlParserImplTest" time="0.027"/>
  <testcase name="testSetMinus" classname="org.apache.flink.sql.parser.hive.FlinkHiveSqlParserImplTest" time="0.033"/>
  <testcase name="testIntervalCompare" classname="org.apache.flink.sql.parser.hive.FlinkHiveSqlParserImplTest" time="0.029"/>
  <testcase name="testAlterFileFormat" classname="org.apache.flink.sql.parser.hive.FlinkHiveSqlParserImplTest" time="0.044"/>
  <testcase name="testDropPartition" classname="org.apache.flink.sql.parser.hive.FlinkHiveSqlParserImplTest" time="0.01"/>
  <testcase name="testAlterTableLocation" classname="org.apache.flink.sql.parser.hive.FlinkHiveSqlParserImplTest" time="0.002"/>
  <testcase name="testUseDatabase" classname="org.apache.flink.sql.parser.hive.FlinkHiveSqlParserImplTest" time="0.005"/>
  <testcase name="testDescribeTable" classname="org.apache.flink.sql.parser.hive.FlinkHiveSqlParserImplTest" time="0.012"/>
  <testcase name="testUseCatalog" classname="org.apache.flink.sql.parser.hive.FlinkHiveSqlParserImplTest" time="0.006"/>
  <testcase name="testExplain" classname="org.apache.flink.sql.parser.hive.FlinkHiveSqlParserImplTest" time="0.014"/>
  <testcase name="testExplainJsonFormat" classname="org.apache.flink.sql.parser.hive.FlinkHiveSqlParserImplTest" time="0"/>
  <testcase name="testUnloadModule" classname="org.apache.flink.sql.parser.hive.FlinkHiveSqlParserImplTest" time="0.005"/>
  <testcase name="testDropFunction" classname="org.apache.flink.sql.parser.hive.FlinkHiveSqlParserImplTest" time="0.008"/>
  <testcase name="testCreateTable" classname="org.apache.flink.sql.parser.hive.FlinkHiveSqlParserImplTest" time="0.109"/>
  <testcase name="testUseModules" classname="org.apache.flink.sql.parser.hive.FlinkHiveSqlParserImplTest" time="0.016"/>
  <testcase name="testLoadModule" classname="org.apache.flink.sql.parser.hive.FlinkHiveSqlParserImplTest" time="0.002"/>
  <testcase name="testDropDatabase" classname="org.apache.flink.sql.parser.hive.FlinkHiveSqlParserImplTest" time="0.003"/>
  <testcase name="testShowCurrentCatalog" classname="org.apache.flink.sql.parser.hive.FlinkHiveSqlParserImplTest" time="0.004"/>
  <testcase name="testAddPartition" classname="org.apache.flink.sql.parser.hive.FlinkHiveSqlParserImplTest" time="0.008"/>
  <testcase name="testAlterPartitionRename" classname="org.apache.flink.sql.parser.hive.FlinkHiveSqlParserImplTest" time="0.001"/>
  <testcase name="testAlterTableSerDe" classname="org.apache.flink.sql.parser.hive.FlinkHiveSqlParserImplTest" time="0.002"/>
  <testcase name="testAlterView" classname="org.apache.flink.sql.parser.hive.FlinkHiveSqlParserImplTest" time="0.019"/>
  <testcase name="testDescribeSchema" classname="org.apache.flink.sql.parser.hive.FlinkHiveSqlParserImplTest" time="0">
    <skipped/>
  </testcase>
  <testcase name="testAddReplaceColumn" classname="org.apache.flink.sql.parser.hive.FlinkHiveSqlParserImplTest" time="0.008"/>
  <testcase name="testDescribeDatabase" classname="org.apache.flink.sql.parser.hive.FlinkHiveSqlParserImplTest" time="0.006"/>
  <testcase name="testTableHintsInInsert" classname="org.apache.flink.sql.parser.hive.FlinkHiveSqlParserImplTest" time="0">
    <skipped/>
  </testcase>
  <testcase name="testExplainWithImpl" classname="org.apache.flink.sql.parser.hive.FlinkHiveSqlParserImplTest" time="0"/>
  <testcase name="testExplainWithType" classname="org.apache.flink.sql.parser.hive.FlinkHiveSqlParserImplTest" time="0"/>
  <testcase name="testShowTables" classname="org.apache.flink.sql.parser.hive.FlinkHiveSqlParserImplTest" time="0.004"/>
  <testcase name="testDropTable" classname="org.apache.flink.sql.parser.hive.FlinkHiveSqlParserImplTest" time="0.004"/>
  <testcase name="testDescribeCatalog" classname="org.apache.flink.sql.parser.hive.FlinkHiveSqlParserImplTest" time="0.002"/>
  <testcase name="testShowCatalogs" classname="org.apache.flink.sql.parser.hive.FlinkHiveSqlParserImplTest" time="0.004"/>
  <testcase name="testDropView" classname="org.apache.flink.sql.parser.hive.FlinkHiveSqlParserImplTest" time="0.002"/>
  <testcase name="testShowJars" classname="org.apache.flink.sql.parser.hive.FlinkHiveSqlParserImplTest" time="0.004"/>
  <testcase name="testShowPartitions" classname="org.apache.flink.sql.parser.hive.FlinkHiveSqlParserImplTest" time="0.005"/>
  <testcase name="testCreateCatalog" classname="org.apache.flink.sql.parser.hive.FlinkHiveSqlParserImplTest" time="0.005"/>
  <testcase name="testChangeColumn" classname="org.apache.flink.sql.parser.hive.FlinkHiveSqlParserImplTest" time="0.009"/>
  <testcase name="testAlterTableProperties" classname="org.apache.flink.sql.parser.hive.FlinkHiveSqlParserImplTest" time="0.001"/>
  <testcase name="testCreateView" classname="org.apache.flink.sql.parser.hive.FlinkHiveSqlParserImplTest" time="0.012"/>
  <testcase name="testExplainWithoutImpl" classname="org.apache.flink.sql.parser.hive.FlinkHiveSqlParserImplTest" time="0"/>
  <testcase name="testShowDatabases" classname="org.apache.flink.sql.parser.hive.FlinkHiveSqlParserImplTest" time="0.003"/>
  <testcase name="testShowModules" classname="org.apache.flink.sql.parser.hive.FlinkHiveSqlParserImplTest" time="0.003"/>
  <testcase name="testCreateFunction" classname="org.apache.flink.sql.parser.hive.FlinkHiveSqlParserImplTest" time="0.003"/>
  <testcase name="testShowFunctions" classname="org.apache.flink.sql.parser.hive.FlinkHiveSqlParserImplTest" time="0.004"/>
  <testcase name="testAddJar" classname="org.apache.flink.sql.parser.hive.FlinkHiveSqlParserImplTest" time="0.003"/>
  <testcase name="testExplainAsXml" classname="org.apache.flink.sql.parser.hive.FlinkHiveSqlParserImplTest" time="0.001"/>
  <testcase name="testExplainAsJson" classname="org.apache.flink.sql.parser.hive.FlinkHiveSqlParserImplTest" time="0"/>
  <testcase name="testInsert" classname="org.apache.flink.sql.parser.hive.FlinkHiveSqlParserImplTest" time="0.004"/>
  <testcase name="testCreateDatabase" classname="org.apache.flink.sql.parser.hive.FlinkHiveSqlParserImplTest" time="0.003"/>
  <testcase name="testAlterDatabase" classname="org.apache.flink.sql.parser.hive.FlinkHiveSqlParserImplTest" time="0.007"/>
  <testcase name="testExplainInsert" classname="org.apache.flink.sql.parser.hive.FlinkHiveSqlParserImplTest" time="0.002"/>
  <testcase name="testShowCurrentDatabase" classname="org.apache.flink.sql.parser.hive.FlinkHiveSqlParserImplTest" time="0.001"/>
  <testcase name="testDescribeStatement" classname="org.apache.flink.sql.parser.hive.FlinkHiveSqlParserImplTest" time="0">
    <skipped/>
  </testcase>
  <testcase name="testAlterTableRename" classname="org.apache.flink.sql.parser.hive.FlinkHiveSqlParserImplTest" time="0.002"/>
  <testcase name="testRemoveJar" classname="org.apache.flink.sql.parser.hive.FlinkHiveSqlParserImplTest" time="0.003"/>
  <testcase name="testExplainUpsert" classname="org.apache.flink.sql.parser.hive.FlinkHiveSqlParserImplTest" time="0.003"/>
  <testcase name="testConstraints" classname="org.apache.flink.sql.parser.hive.FlinkHiveSqlParserImplTest" time="0.016"/>
</testsuite>