<?xml version="1.0" encoding="UTF-8"?>
<testsuite xmlns:xsi="http://www.w3.org/2001/XMLSchema-instance" xsi:noNamespaceSchemaLocation="https://maven.apache.org/surefire/maven-surefire-plugin/xsd/surefire-test-report.xsd" name="org.apache.flink.sql.parser.FlinkDDLDataTypeTest" time="1.143" tests="231" errors="0" skipped="0" failures="0">
  <properties>
[...]
</properties>
  <testcase name="testDataTypeUnparsing[0: CHAR]" classname="org.apache.flink.sql.parser.FlinkDDLDataTypeTest" time="0.291"/>
  <testcase name="testThrowsError[0: CHAR]" classname="org.apache.flink.sql.parser.FlinkDDLDataTypeTest" time="0.002"/>
  <testcase name="testDataTypeParsing[0: CHAR]" classname="org.apache.flink.sql.parser.FlinkDDLDataTypeTest" time="0.096"/>
  <testcase name="testDataTypeUnparsing[1: CHAR NOT NULL]" classname="org.apache.flink.sql.parser.FlinkDDLDataTypeTest" time="0.001"/>
  <testcase name="testThrowsError[1: CHAR NOT NULL]" classname="org.apache.flink.sql.parser.FlinkDDLDataTypeTest" time="0.001"/>
  <testcase name="testDataTypeParsing[1: CHAR NOT NULL]" classname="org.apache.flink.sql.parser.FlinkDDLDataTypeTest" time="0.004"/>
  <testcase name="testDataTypeUnparsing[2: CHAR   NOT 	&#10;NULL]" classname="org.apache.flink.sql.parser.FlinkDDLDataTypeTest" time="0.003"/>
  <testcase name="testThrowsError[2: CHAR   NOT 	&#10;NULL]" classname="org.apache.flink.sql.parser.FlinkDDLDataTypeTest" time="0.001"/>
  <testcase name="testDataTypeParsing[2: CHAR   NOT 	&#10;NULL]" classname="org.apache.flink.sql.parser.FlinkDDLDataTypeTest" time="0.004"/>
  <testcase name="testDataTypeUnparsing[3: char not null]" classname="org.apache.flink.sql.parser.FlinkDDLDataTypeTest" time="0.003"/>
  <testcase name="testThrowsError[3: char not null]" classname="org.apache.flink.sql.parser.FlinkDDLDataTypeTest" time="0"/>
  <testcase name="testDataTypeParsing[3: char not null]" classname="org.apache.flink.sql.parser.FlinkDDLDataTypeTest" time="0.004"/>
  <testcase name="testDataTypeUnparsing[4: CHAR NULL]" classname="org.apache.flink.sql.parser.FlinkDDLDataTypeTest" time="0.003"/>
  <testcase name="testThrowsError[4: CHAR NULL]" classname="org.apache.flink.sql.parser.FlinkDDLDataTypeTest" time="0.005"/>
  <testcase name="testDataTypeParsing[4: CHAR NULL]" classname="org.apache.flink.sql.parser.FlinkDDLDataTypeTest" time="0.014"/>
  <testcase name="testDataTypeUnparsing[5: CHAR{33}]" classname="org.apache.flink.sql.parser.FlinkDDLDataTypeTest" time="0.014"/>
  <testcase name="testThrowsError[5: CHAR{33}]" classname="org.apache.flink.sql.parser.FlinkDDLDataTypeTest" time="0"/>
  <testcase name="testDataTypeParsing[5: CHAR{33}]" classname="org.apache.flink.sql.parser.FlinkDDLDataTypeTest" time="0.006"/>
  <testcase name="testDataTypeUnparsing[6: VARCHAR]" classname="org.apache.flink.sql.parser.FlinkDDLDataTypeTest" time="0.01"/>
  <testcase name="testThrowsError[6: VARCHAR]" classname="org.apache.flink.sql.parser.FlinkDDLDataTypeTest" time="0.001"/>
  <testcase name="testDataTypeParsing[6: VARCHAR]" classname="org.apache.flink.sql.parser.FlinkDDLDataTypeTest" time="0.007"/>
  <testcase name="testDataTypeUnparsing[7: VARCHAR{33}]" classname="org.apache.flink.sql.parser.FlinkDDLDataTypeTest" time="0.004"/>
  <testcase name="testThrowsError[7: VARCHAR{33}]" classname="org.apache.flink.sql.parser.FlinkDDLDataTypeTest" time="0"/>
  <testcase name="testDataTypeParsing[7: VARCHAR{33}]" classname="org.apache.flink.sql.parser.FlinkDDLDataTypeTest" time="0.004"/>
  <testcase name="testDataTypeUnparsing[8: STRING]" classname="org.apache.flink.sql.parser.FlinkDDLDataTypeTest" time="0.002"/>
  <testcase name="testThrowsError[8: STRING]" classname="org.apache.flink.sql.parser.FlinkDDLDataTypeTest" time="0.001"/>
  <testcase name="testDataTypeParsing[8: STRING]" classname="org.apache.flink.sql.parser.FlinkDDLDataTypeTest" time="0.004"/>
  <testcase name="testDataTypeUnparsing[9: BOOLEAN]" classname="org.apache.flink.sql.parser.FlinkDDLDataTypeTest" time="0.003"/>
  <testcase name="testThrowsError[9: BOOLEAN]" classname="org.apache.flink.sql.parser.FlinkDDLDataTypeTest" time="0.001"/>
  <testcase name="testDataTypeParsing[9: BOOLEAN]" classname="org.apache.flink.sql.parser.FlinkDDLDataTypeTest" time="0.001"/>
  <testcase name="testDataTypeUnparsing[10: BINARY]" classname="org.apache.flink.sql.parser.FlinkDDLDataTypeTest" time="0.003"/>
  <testcase name="testThrowsError[10: BINARY]" classname="org.apache.flink.sql.parser.FlinkDDLDataTypeTest" time="0"/>
  <testcase name="testDataTypeParsing[10: BINARY]" classname="org.apache.flink.sql.parser.FlinkDDLDataTypeTest" time="0.002"/>
  <testcase name="testDataTypeUnparsing[11: BINARY{33}]" classname="org.apache.flink.sql.parser.FlinkDDLDataTypeTest" time="0.004"/>
  <testcase name="testThrowsError[11: BINARY{33}]" classname="org.apache.flink.sql.parser.FlinkDDLDataTypeTest" time="0.001"/>
  <testcase name="testDataTypeParsing[11: BINARY{33}]" classname="org.apache.flink.sql.parser.FlinkDDLDataTypeTest" time="0.004"/>
  <testcase name="testDataTypeUnparsing[12: VARBINARY]" classname="org.apache.flink.sql.parser.FlinkDDLDataTypeTest" time="0.004"/>
  <testcase name="testThrowsError[12: VARBINARY]" classname="org.apache.flink.sql.parser.FlinkDDLDataTypeTest" time="0.002"/>
  <testcase name="testDataTypeParsing[12: VARBINARY]" classname="org.apache.flink.sql.parser.FlinkDDLDataTypeTest" time="0.008"/>
  <testcase name="testDataTypeUnparsing[13: VARBINARY{33}]" classname="org.apache.flink.sql.parser.FlinkDDLDataTypeTest" time="0.006"/>
  <testcase name="testThrowsError[13: VARBINARY{33}]" classname="org.apache.flink.sql.parser.FlinkDDLDataTypeTest" time="0"/>
  <testcase name="testDataTypeParsing[13: VARBINARY{33}]" classname="org.apache.flink.sql.parser.FlinkDDLDataTypeTest" time="0.003"/>
  <testcase name="testDataTypeUnparsing[14: BYTES]" classname="org.apache.flink.sql.parser.FlinkDDLDataTypeTest" time="0.004"/>
  <testcase name="testThrowsError[14: BYTES]" classname="org.apache.flink.sql.parser.FlinkDDLDataTypeTest" time="0"/>
  <testcase name="testDataTypeParsing[14: BYTES]" classname="org.apache.flink.sql.parser.FlinkDDLDataTypeTest" time="0.006"/>
  <testcase name="testDataTypeUnparsing[15: DECIMAL]" classname="org.apache.flink.sql.parser.FlinkDDLDataTypeTest" time="0.016"/>
  <testcase name="testThrowsError[15: DECIMAL]" classname="org.apache.flink.sql.parser.FlinkDDLDataTypeTest" time="0.004"/>
  <testcase name="testDataTypeParsing[15: DECIMAL]" classname="org.apache.flink.sql.parser.FlinkDDLDataTypeTest" time="0.002"/>
  <testcase name="testDataTypeUnparsing[16: DEC]" classname="org.apache.flink.sql.parser.FlinkDDLDataTypeTest" time="0.001"/>
  <testcase name="testThrowsError[16: DEC]" classname="org.apache.flink.sql.parser.FlinkDDLDataTypeTest" time="0.001"/>
  <testcase name="testDataTypeParsing[16: DEC]" classname="org.apache.flink.sql.parser.FlinkDDLDataTypeTest" time="0.001"/>
  <testcase name="testDataTypeUnparsing[17: NUMERIC]" classname="org.apache.flink.sql.parser.FlinkDDLDataTypeTest" time="0.003"/>
  <testcase name="testThrowsError[17: NUMERIC]" classname="org.apache.flink.sql.parser.FlinkDDLDataTypeTest" time="0"/>
  <testcase name="testDataTypeParsing[17: NUMERIC]" classname="org.apache.flink.sql.parser.FlinkDDLDataTypeTest" time="0.001"/>
  <testcase name="testDataTypeUnparsing[18: DECIMAL{10}]" classname="org.apache.flink.sql.parser.FlinkDDLDataTypeTest" time="0.001"/>
  <testcase name="testThrowsError[18: DECIMAL{10}]" classname="org.apache.flink.sql.parser.FlinkDDLDataTypeTest" time="0"/>
  <testcase name="testDataTypeParsing[18: DECIMAL{10}]" classname="org.apache.flink.sql.parser.FlinkDDLDataTypeTest" time="0.003"/>
  <testcase name="testDataTypeUnparsing[19: DEC{10}]" classname="org.apache.flink.sql.parser.FlinkDDLDataTypeTest" time="0.001"/>
  <testcase name="testThrowsError[19: DEC{10}]" classname="org.apache.flink.sql.parser.FlinkDDLDataTypeTest" time="0"/>
  <testcase name="testDataTypeParsing[19: DEC{10}]" classname="org.apache.flink.sql.parser.FlinkDDLDataTypeTest" time="0"/>
  <testcase name="testDataTypeUnparsing[20: NUMERIC{10}]" classname="org.apache.flink.sql.parser.FlinkDDLDataTypeTest" time="0.001"/>
  <testcase name="testThrowsError[20: NUMERIC{10}]" classname="org.apache.flink.sql.parser.FlinkDDLDataTypeTest" time="0"/>
  <testcase name="testDataTypeParsing[20: NUMERIC{10}]" classname="org.apache.flink.sql.parser.FlinkDDLDataTypeTest" time="0.001"/>
  <testcase name="testDataTypeUnparsing[21: DECIMAL{10, 3}]" classname="org.apache.flink.sql.parser.FlinkDDLDataTypeTest" time="0"/>
  <testcase name="testThrowsError[21: DECIMAL{10, 3}]" classname="org.apache.flink.sql.parser.FlinkDDLDataTypeTest" time="0"/>
  <testcase name="testDataTypeParsing[21: DECIMAL{10, 3}]" classname="org.apache.flink.sql.parser.FlinkDDLDataTypeTest" time="0"/>
  <testcase name="testDataTypeUnparsing[22: DEC{10, 3}]" classname="org.apache.flink.sql.parser.FlinkDDLDataTypeTest" time="0.001"/>
  <testcase name="testThrowsError[22: DEC{10, 3}]" classname="org.apache.flink.sql.parser.FlinkDDLDataTypeTest" time="0"/>
  <testcase name="testDataTypeParsing[22: DEC{10, 3}]" classname="org.apache.flink.sql.parser.FlinkDDLDataTypeTest" time="0.001"/>
  <testcase name="testDataTypeUnparsing[23: NUMERIC{10, 3}]" classname="org.apache.flink.sql.parser.FlinkDDLDataTypeTest" time="0"/>
  <testcase name="testThrowsError[23: NUMERIC{10, 3}]" classname="org.apache.flink.sql.parser.FlinkDDLDataTypeTest" time="0.001"/>
  <testcase name="testDataTypeParsing[23: NUMERIC{10, 3}]" classname="org.apache.flink.sql.parser.FlinkDDLDataTypeTest" time="0.001"/>
  <testcase name="testDataTypeUnparsing[24: TINYINT]" classname="org.apache.flink.sql.parser.FlinkDDLDataTypeTest" time="0"/>
  <testcase name="testThrowsError[24: TINYINT]" classname="org.apache.flink.sql.parser.FlinkDDLDataTypeTest" time="0"/>
  <testcase name="testDataTypeParsing[24: TINYINT]" classname="org.apache.flink.sql.parser.FlinkDDLDataTypeTest" time="0"/>
  <testcase name="testDataTypeUnparsing[25: SMALLINT]" classname="org.apache.flink.sql.parser.FlinkDDLDataTypeTest" time="0.001"/>
  <testcase name="testThrowsError[25: SMALLINT]" classname="org.apache.flink.sql.parser.FlinkDDLDataTypeTest" time="0"/>
  <testcase name="testDataTypeParsing[25: SMALLINT]" classname="org.apache.flink.sql.parser.FlinkDDLDataTypeTest" time="0.001"/>
  <testcase name="testDataTypeUnparsing[26: INTEGER]" classname="org.apache.flink.sql.parser.FlinkDDLDataTypeTest" time="0.001"/>
  <testcase name="testThrowsError[26: INTEGER]" classname="org.apache.flink.sql.parser.FlinkDDLDataTypeTest" time="0"/>
  <testcase name="testDataTypeParsing[26: INTEGER]" classname="org.apache.flink.sql.parser.FlinkDDLDataTypeTest" time="0.002"/>
  <testcase name="testDataTypeUnparsing[27: INT]" classname="org.apache.flink.sql.parser.FlinkDDLDataTypeTest" time="0.001"/>
  <testcase name="testThrowsError[27: INT]" classname="org.apache.flink.sql.parser.FlinkDDLDataTypeTest" time="0"/>
  <testcase name="testDataTypeParsing[27: INT]" classname="org.apache.flink.sql.parser.FlinkDDLDataTypeTest" time="0.001"/>
  <testcase name="testDataTypeUnparsing[28: BIGINT]" classname="org.apache.flink.sql.parser.FlinkDDLDataTypeTest" time="0.001"/>
  <testcase name="testThrowsError[28: BIGINT]" classname="org.apache.flink.sql.parser.FlinkDDLDataTypeTest" time="0"/>
  <testcase name="testDataTypeParsing[28: BIGINT]" classname="org.apache.flink.sql.parser.FlinkDDLDataTypeTest" time="0.002"/>
  <testcase name="testDataTypeUnparsing[29: FLOAT]" classname="org.apache.flink.sql.parser.FlinkDDLDataTypeTest" time="0.003"/>
  <testcase name="testThrowsError[29: FLOAT]" classname="org.apache.flink.sql.parser.FlinkDDLDataTypeTest" time="0"/>
  <testcase name="testDataTypeParsing[29: FLOAT]" classname="org.apache.flink.sql.parser.FlinkDDLDataTypeTest" time="0.006"/>
  <testcase name="testDataTypeUnparsing[30: DOUBLE]" classname="org.apache.flink.sql.parser.FlinkDDLDataTypeTest" time="0.005"/>
  <testcase name="testThrowsError[30: DOUBLE]" classname="org.apache.flink.sql.parser.FlinkDDLDataTypeTest" time="0"/>
  <testcase name="testDataTypeParsing[30: DOUBLE]" classname="org.apache.flink.sql.parser.FlinkDDLDataTypeTest" time="0.005"/>
  <testcase name="testDataTypeUnparsing[31: DOUBLE PRECISION]" classname="org.apache.flink.sql.parser.FlinkDDLDataTypeTest" time="0.005"/>
  <testcase name="testThrowsError[31: DOUBLE PRECISION]" classname="org.apache.flink.sql.parser.FlinkDDLDataTypeTest" time="0"/>
  <testcase name="testDataTypeParsing[31: DOUBLE PRECISION]" classname="org.apache.flink.sql.parser.FlinkDDLDataTypeTest" time="0.003"/>
  <testcase name="testDataTypeUnparsing[32: DATE]" classname="org.apache.flink.sql.parser.FlinkDDLDataTypeTest" time="0.001"/>
  <testcase name="testThrowsError[32: DATE]" classname="org.apache.flink.sql.parser.FlinkDDLDataTypeTest" time="0"/>
  <testcase name="testDataTypeParsing[32: DATE]" classname="org.apache.flink.sql.parser.FlinkDDLDataTypeTest" time="0.004"/>
  <testcase name="testDataTypeUnparsing[33: TIME]" classname="org.apache.flink.sql.parser.FlinkDDLDataTypeTest" time="0.004"/>
  <testcase name="testThrowsError[33: TIME]" classname="org.apache.flink.sql.parser.FlinkDDLDataTypeTest" time="0"/>
  <testcase name="testDataTypeParsing[33: TIME]" classname="org.apache.flink.sql.parser.FlinkDDLDataTypeTest" time="0.003"/>
  <testcase name="testDataTypeUnparsing[34: TIME WITHOUT TIME ZONE]" classname="org.apache.flink.sql.parser.FlinkDDLDataTypeTest" time="0.003"/>
  <testcase name="testThrowsError[34: TIME WITHOUT TIME ZONE]" classname="org.apache.flink.sql.parser.FlinkDDLDataTypeTest" time="0"/>
  <testcase name="testDataTypeParsing[34: TIME WITHOUT TIME ZONE]" classname="org.apache.flink.sql.parser.FlinkDDLDataTypeTest" time="0.001"/>
  <testcase name="testDataTypeUnparsing[35: TIME{3}]" classname="org.apache.flink.sql.parser.FlinkDDLDataTypeTest" time="0.001"/>
  <testcase name="testThrowsError[35: TIME{3}]" classname="org.apache.flink.sql.parser.FlinkDDLDataTypeTest" time="0"/>
  <testcase name="testDataTypeParsing[35: TIME{3}]" classname="org.apache.flink.sql.parser.FlinkDDLDataTypeTest" time="0"/>
  <testcase name="testDataTypeUnparsing[36: TIME{3} WITHOUT TIME ZONE]" classname="org.apache.flink.sql.parser.FlinkDDLDataTypeTest" time="0"/>
  <testcase name="testThrowsError[36: TIME{3} WITHOUT TIME ZONE]" classname="org.apache.flink.sql.parser.FlinkDDLDataTypeTest" time="0"/>
  <testcase name="testDataTypeParsing[36: TIME{3} WITHOUT TIME ZONE]" classname="org.apache.flink.sql.parser.FlinkDDLDataTypeTest" time="0.001"/>
  <testcase name="testDataTypeUnparsing[37: TIMESTAMP]" classname="org.apache.flink.sql.parser.FlinkDDLDataTypeTest" time="0.003"/>
  <testcase name="testThrowsError[37: TIMESTAMP]" classname="org.apache.flink.sql.parser.FlinkDDLDataTypeTest" time="0"/>
  <testcase name="testDataTypeParsing[37: TIMESTAMP]" classname="org.apache.flink.sql.parser.FlinkDDLDataTypeTest" time="0.001"/>
  <testcase name="testDataTypeUnparsing[38: TIMESTAMP WITHOUT TIME ZONE]" classname="org.apache.flink.sql.parser.FlinkDDLDataTypeTest" time="0.001"/>
  <testcase name="testThrowsError[38: TIMESTAMP WITHOUT TIME ZONE]" classname="org.apache.flink.sql.parser.FlinkDDLDataTypeTest" time="0"/>
  <testcase name="testDataTypeParsing[38: TIMESTAMP WITHOUT TIME ZONE]" classname="org.apache.flink.sql.parser.FlinkDDLDataTypeTest" time="0.001"/>
  <testcase name="testDataTypeUnparsing[39: TIMESTAMP{3}]" classname="org.apache.flink.sql.parser.FlinkDDLDataTypeTest" time="0"/>
  <testcase name="testThrowsError[39: TIMESTAMP{3}]" classname="org.apache.flink.sql.parser.FlinkDDLDataTypeTest" time="0"/>
  <testcase name="testDataTypeParsing[39: TIMESTAMP{3}]" classname="org.apache.flink.sql.parser.FlinkDDLDataTypeTest" time="0"/>
  <testcase name="testDataTypeUnparsing[40: TIMESTAMP{3} WITHOUT TIME ZONE]" classname="org.apache.flink.sql.parser.FlinkDDLDataTypeTest" time="0.001"/>
  <testcase name="testThrowsError[40: TIMESTAMP{3} WITHOUT TIME ZONE]" classname="org.apache.flink.sql.parser.FlinkDDLDataTypeTest" time="0.001"/>
  <testcase name="testDataTypeParsing[40: TIMESTAMP{3} WITHOUT TIME ZONE]" classname="org.apache.flink.sql.parser.FlinkDDLDataTypeTest" time="0.003"/>
  <testcase name="testDataTypeUnparsing[41: TIMESTAMP WITH LOCAL TIME ZONE]" classname="org.apache.flink.sql.parser.FlinkDDLDataTypeTest" time="0.012"/>
  <testcase name="testThrowsError[41: TIMESTAMP WITH LOCAL TIME ZONE]" classname="org.apache.flink.sql.parser.FlinkDDLDataTypeTest" time="0"/>
  <testcase name="testDataTypeParsing[41: TIMESTAMP WITH LOCAL TIME ZONE]" classname="org.apache.flink.sql.parser.FlinkDDLDataTypeTest" time="0.004"/>
  <testcase name="testDataTypeUnparsing[42: TIMESTAMP_LTZ]" classname="org.apache.flink.sql.parser.FlinkDDLDataTypeTest" time="0.005"/>
  <testcase name="testThrowsError[42: TIMESTAMP_LTZ]" classname="org.apache.flink.sql.parser.FlinkDDLDataTypeTest" time="0.001"/>
  <testcase name="testDataTypeParsing[42: TIMESTAMP_LTZ]" classname="org.apache.flink.sql.parser.FlinkDDLDataTypeTest" time="0"/>
  <testcase name="testDataTypeUnparsing[43: TIMESTAMP{3} WITH LOCAL TIME ZONE]" classname="org.apache.flink.sql.parser.FlinkDDLDataTypeTest" time="0.001"/>
  <testcase name="testThrowsError[43: TIMESTAMP{3} WITH LOCAL TIME ZONE]" classname="org.apache.flink.sql.parser.FlinkDDLDataTypeTest" time="0"/>
  <testcase name="testDataTypeParsing[43: TIMESTAMP{3} WITH LOCAL TIME ZONE]" classname="org.apache.flink.sql.parser.FlinkDDLDataTypeTest" time="0.004"/>
  <testcase name="testDataTypeUnparsing[44: TIMESTAMP_LTZ{3}]" classname="org.apache.flink.sql.parser.FlinkDDLDataTypeTest" time="0.002"/>
  <testcase name="testThrowsError[44: TIMESTAMP_LTZ{3}]" classname="org.apache.flink.sql.parser.FlinkDDLDataTypeTest" time="0"/>
  <testcase name="testDataTypeParsing[44: TIMESTAMP_LTZ{3}]" classname="org.apache.flink.sql.parser.FlinkDDLDataTypeTest" time="0.002"/>
  <testcase name="testDataTypeUnparsing[45: ARRAY&lt;TIMESTAMP{3} WITH LOCAL TIME ZONE&gt;]" classname="org.apache.flink.sql.parser.FlinkDDLDataTypeTest" time="0.005"/>
  <testcase name="testThrowsError[45: ARRAY&lt;TIMESTAMP{3} WITH LOCAL TIME ZONE&gt;]" classname="org.apache.flink.sql.parser.FlinkDDLDataTypeTest" time="0.001"/>
  <testcase name="testDataTypeParsing[45: ARRAY&lt;TIMESTAMP{3} WITH LOCAL TIME ZONE&gt;]" classname="org.apache.flink.sql.parser.FlinkDDLDataTypeTest" time="0.01"/>
  <testcase name="testDataTypeUnparsing[46: ARRAY&lt;TIMESTAMP_LTZ{3}&gt;]" classname="org.apache.flink.sql.parser.FlinkDDLDataTypeTest" time="0.001"/>
  <testcase name="testThrowsError[46: ARRAY&lt;TIMESTAMP_LTZ{3}&gt;]" classname="org.apache.flink.sql.parser.FlinkDDLDataTypeTest" time="0"/>
  <testcase name="testDataTypeParsing[46: ARRAY&lt;TIMESTAMP_LTZ{3}&gt;]" classname="org.apache.flink.sql.parser.FlinkDDLDataTypeTest" time="0.001"/>
  <testcase name="testDataTypeUnparsing[47: ARRAY&lt;INT NOT NULL&gt;]" classname="org.apache.flink.sql.parser.FlinkDDLDataTypeTest" time="0.007"/>
  <testcase name="testThrowsError[47: ARRAY&lt;INT NOT NULL&gt;]" classname="org.apache.flink.sql.parser.FlinkDDLDataTypeTest" time="0.004"/>
  <testcase name="testDataTypeParsing[47: ARRAY&lt;INT NOT NULL&gt;]" classname="org.apache.flink.sql.parser.FlinkDDLDataTypeTest" time="0.001"/>
  <testcase name="testDataTypeUnparsing[48: INT ARRAY]" classname="org.apache.flink.sql.parser.FlinkDDLDataTypeTest" time="0.004"/>
  <testcase name="testThrowsError[48: INT ARRAY]" classname="org.apache.flink.sql.parser.FlinkDDLDataTypeTest" time="0.001"/>
  <testcase name="testDataTypeParsing[48: INT ARRAY]" classname="org.apache.flink.sql.parser.FlinkDDLDataTypeTest" time="0.001"/>
  <testcase name="testDataTypeUnparsing[49: INT NOT NULL ARRAY]" classname="org.apache.flink.sql.parser.FlinkDDLDataTypeTest" time="0.001"/>
  <testcase name="testThrowsError[49: INT NOT NULL ARRAY]" classname="org.apache.flink.sql.parser.FlinkDDLDataTypeTest" time="0"/>
  <testcase name="testDataTypeParsing[49: INT NOT NULL ARRAY]" classname="org.apache.flink.sql.parser.FlinkDDLDataTypeTest" time="0.003"/>
  <testcase name="testDataTypeUnparsing[50: INT ARRAY NOT NULL]" classname="org.apache.flink.sql.parser.FlinkDDLDataTypeTest" time="0.001"/>
  <testcase name="testThrowsError[50: INT ARRAY NOT NULL]" classname="org.apache.flink.sql.parser.FlinkDDLDataTypeTest" time="0"/>
  <testcase name="testDataTypeParsing[50: INT ARRAY NOT NULL]" classname="org.apache.flink.sql.parser.FlinkDDLDataTypeTest" time="0"/>
  <testcase name="testDataTypeUnparsing[51: MULTISET&lt;INT NOT NULL&gt;]" classname="org.apache.flink.sql.parser.FlinkDDLDataTypeTest" time="0.001"/>
  <testcase name="testThrowsError[51: MULTISET&lt;INT NOT NULL&gt;]" classname="org.apache.flink.sql.parser.FlinkDDLDataTypeTest" time="0"/>
  <testcase name="testDataTypeParsing[51: MULTISET&lt;INT NOT NULL&gt;]" classname="org.apache.flink.sql.parser.FlinkDDLDataTypeTest" time="0.001"/>
  <testcase name="testDataTypeUnparsing[52: INT MULTISET]" classname="org.apache.flink.sql.parser.FlinkDDLDataTypeTest" time="0"/>
  <testcase name="testThrowsError[52: INT MULTISET]" classname="org.apache.flink.sql.parser.FlinkDDLDataTypeTest" time="0"/>
  <testcase name="testDataTypeParsing[52: INT MULTISET]" classname="org.apache.flink.sql.parser.FlinkDDLDataTypeTest" time="0"/>
  <testcase name="testDataTypeUnparsing[53: INT NOT NULL MULTISET]" classname="org.apache.flink.sql.parser.FlinkDDLDataTypeTest" time="0.003"/>
  <testcase name="testThrowsError[53: INT NOT NULL MULTISET]" classname="org.apache.flink.sql.parser.FlinkDDLDataTypeTest" time="0"/>
  <testcase name="testDataTypeParsing[53: INT NOT NULL MULTISET]" classname="org.apache.flink.sql.parser.FlinkDDLDataTypeTest" time="0"/>
  <testcase name="testDataTypeUnparsing[54: INT MULTISET NOT NULL]" classname="org.apache.flink.sql.parser.FlinkDDLDataTypeTest" time="0"/>
  <testcase name="testThrowsError[54: INT MULTISET NOT NULL]" classname="org.apache.flink.sql.parser.FlinkDDLDataTypeTest" time="0"/>
  <testcase name="testDataTypeParsing[54: INT MULTISET NOT NULL]" classname="org.apache.flink.sql.parser.FlinkDDLDataTypeTest" time="0"/>
  <testcase name="testDataTypeUnparsing[55: MAP&lt;BIGINT, BOOLEAN&gt;]" classname="org.apache.flink.sql.parser.FlinkDDLDataTypeTest" time="0.004"/>
  <testcase name="testThrowsError[55: MAP&lt;BIGINT, BOOLEAN&gt;]" classname="org.apache.flink.sql.parser.FlinkDDLDataTypeTest" time="0"/>
  <testcase name="testDataTypeParsing[55: MAP&lt;BIGINT, BOOLEAN&gt;]" classname="org.apache.flink.sql.parser.FlinkDDLDataTypeTest" time="0.003"/>
  <testcase name="testDataTypeUnparsing[56: ROW&lt;f0 INT NOT NULL, f1 BOOLEAN&gt;]" classname="org.apache.flink.sql.parser.FlinkDDLDataTypeTest" time="0.013"/>
  <testcase name="testThrowsError[56: ROW&lt;f0 INT NOT NULL, f1 BOOLEAN&gt;]" classname="org.apache.flink.sql.parser.FlinkDDLDataTypeTest" time="0.001"/>
  <testcase name="testDataTypeParsing[56: ROW&lt;f0 INT NOT NULL, f1 BOOLEAN&gt;]" classname="org.apache.flink.sql.parser.FlinkDDLDataTypeTest" time="0.022"/>
  <testcase name="testDataTypeUnparsing[57: ROW{f0 INT NOT NULL, f1 BOOLEAN}]" classname="org.apache.flink.sql.parser.FlinkDDLDataTypeTest" time="0.002"/>
  <testcase name="testThrowsError[57: ROW{f0 INT NOT NULL, f1 BOOLEAN}]" classname="org.apache.flink.sql.parser.FlinkDDLDataTypeTest" time="0"/>
  <testcase name="testDataTypeParsing[57: ROW{f0 INT NOT NULL, f1 BOOLEAN}]" classname="org.apache.flink.sql.parser.FlinkDDLDataTypeTest" time="0.003"/>
  <testcase name="testDataTypeUnparsing[58: ROW&lt;`f0` INT&gt;]" classname="org.apache.flink.sql.parser.FlinkDDLDataTypeTest" time="0.004"/>
  <testcase name="testThrowsError[58: ROW&lt;`f0` INT&gt;]" classname="org.apache.flink.sql.parser.FlinkDDLDataTypeTest" time="0"/>
  <testcase name="testDataTypeParsing[58: ROW&lt;`f0` INT&gt;]" classname="org.apache.flink.sql.parser.FlinkDDLDataTypeTest" time="0.003"/>
  <testcase name="testDataTypeUnparsing[59: ROW{`f0` INT}]" classname="org.apache.flink.sql.parser.FlinkDDLDataTypeTest" time="0.004"/>
  <testcase name="testThrowsError[59: ROW{`f0` INT}]" classname="org.apache.flink.sql.parser.FlinkDDLDataTypeTest" time="0"/>
  <testcase name="testDataTypeParsing[59: ROW{`f0` INT}]" classname="org.apache.flink.sql.parser.FlinkDDLDataTypeTest" time="0.002"/>
  <testcase name="testDataTypeUnparsing[60: ROW&lt;&gt;]" classname="org.apache.flink.sql.parser.FlinkDDLDataTypeTest" time="0.001"/>
  <testcase name="testThrowsError[60: ROW&lt;&gt;]" classname="org.apache.flink.sql.parser.FlinkDDLDataTypeTest" time="0"/>
  <testcase name="testDataTypeParsing[60: ROW&lt;&gt;]" classname="org.apache.flink.sql.parser.FlinkDDLDataTypeTest" time="0.001"/>
  <testcase name="testDataTypeUnparsing[61: ROW]" classname="org.apache.flink.sql.parser.FlinkDDLDataTypeTest" time="0.001"/>
  <testcase name="testThrowsError[61: ROW]" classname="org.apache.flink.sql.parser.FlinkDDLDataTypeTest" time="0"/>
  <testcase name="testDataTypeParsing[61: ROW]" classname="org.apache.flink.sql.parser.FlinkDDLDataTypeTest" time="0"/>
  <testcase name="testDataTypeUnparsing[62: ROW&lt;f0 INT NOT NULL &apos;This is a comment.&apos;, f1 BOOLEAN &apos;This as well.&apos;&gt;]" classname="org.apache.flink.sql.parser.FlinkDDLDataTypeTest" time="0.007"/>
  <testcase name="testThrowsError[62: ROW&lt;f0 INT NOT NULL &apos;This is a comment.&apos;, f1 BOOLEAN &apos;This as well.&apos;&gt;]" classname="org.apache.flink.sql.parser.FlinkDDLDataTypeTest" time="0"/>
  <testcase name="testDataTypeParsing[62: ROW&lt;f0 INT NOT NULL &apos;This is a comment.&apos;, f1 BOOLEAN &apos;This as well.&apos;&gt;]" classname="org.apache.flink.sql.parser.FlinkDDLDataTypeTest" time="0.003"/>
  <testcase name="testDataTypeUnparsing[63: RAW{    &apos;java.lang.Integer&apos;   ,   &apos;&lt;Serializer Snapshot&gt;&apos;   }]" classname="org.apache.flink.sql.parser.FlinkDDLDataTypeTest" time="0.005"/>
  <testcase name="testThrowsError[63: RAW{    &apos;java.lang.Integer&apos;   ,   &apos;&lt;Serializer Snapshot&gt;&apos;   }]" classname="org.apache.flink.sql.parser.FlinkDDLDataTypeTest" time="0"/>
  <testcase name="testDataTypeParsing[63: RAW{    &apos;java.lang.Integer&apos;   ,   &apos;&lt;Serializer Snapshot&gt;&apos;   }]" classname="org.apache.flink.sql.parser.FlinkDDLDataTypeTest" time="0.002"/>
  <testcase name="testDataTypeUnparsing[64: RAW{&apos;java.lang.Integer&apos;, &apos;&lt;Serializer Snapshot&gt;&apos;} NOT NULL]" classname="org.apache.flink.sql.parser.FlinkDDLDataTypeTest" time="0"/>
  <testcase name="testThrowsError[64: RAW{&apos;java.lang.Integer&apos;, &apos;&lt;Serializer Snapshot&gt;&apos;} NOT NULL]" classname="org.apache.flink.sql.parser.FlinkDDLDataTypeTest" time="0"/>
  <testcase name="testDataTypeParsing[64: RAW{&apos;java.lang.Integer&apos;, &apos;&lt;Serializer Snapshot&gt;&apos;} NOT NULL]" classname="org.apache.flink.sql.parser.FlinkDDLDataTypeTest" time="0"/>
  <testcase name="testDataTypeUnparsing[65: RAW{&apos;java.lang.Integer&apos;, &apos;&lt;&apos; &apos;Serializer Snapshot&gt;&apos;} NOT NULL]" classname="org.apache.flink.sql.parser.FlinkDDLDataTypeTest" time="0.001"/>
  <testcase name="testThrowsError[65: RAW{&apos;java.lang.Integer&apos;, &apos;&lt;&apos; &apos;Serializer Snapshot&gt;&apos;} NOT NULL]" classname="org.apache.flink.sql.parser.FlinkDDLDataTypeTest" time="0"/>
  <testcase name="testDataTypeParsing[65: RAW{&apos;java.lang.Integer&apos;, &apos;&lt;&apos; &apos;Serializer Snapshot&gt;&apos;} NOT NULL]" classname="org.apache.flink.sql.parser.FlinkDDLDataTypeTest" time="0.018"/>
  <testcase name="testDataTypeUnparsing[66: TIMESTAMP WITH ^TIME^ ZONE]" classname="org.apache.flink.sql.parser.FlinkDDLDataTypeTest" time="0"/>
  <testcase name="testThrowsError[66: TIMESTAMP WITH ^TIME^ ZONE]" classname="org.apache.flink.sql.parser.FlinkDDLDataTypeTest" time="0.062"/>
  <testcase name="testDataTypeParsing[66: TIMESTAMP WITH ^TIME^ ZONE]" classname="org.apache.flink.sql.parser.FlinkDDLDataTypeTest" time="0"/>
  <testcase name="testDataTypeUnparsing[67: TIMESTAMP{3} WITH ^TIME^ ZONE]" classname="org.apache.flink.sql.parser.FlinkDDLDataTypeTest" time="0"/>
  <testcase name="testThrowsError[67: TIMESTAMP{3} WITH ^TIME^ ZONE]" classname="org.apache.flink.sql.parser.FlinkDDLDataTypeTest" time="0.004"/>
  <testcase name="testDataTypeParsing[67: TIMESTAMP{3} WITH ^TIME^ ZONE]" classname="org.apache.flink.sql.parser.FlinkDDLDataTypeTest" time="0"/>
  <testcase name="testDataTypeUnparsing[68: ^NULL^]" classname="org.apache.flink.sql.parser.FlinkDDLDataTypeTest" time="0"/>
  <testcase name="testThrowsError[68: ^NULL^]" classname="org.apache.flink.sql.parser.FlinkDDLDataTypeTest" time="0.026"/>
  <testcase name="testDataTypeParsing[68: ^NULL^]" classname="org.apache.flink.sql.parser.FlinkDDLDataTypeTest" time="0.001"/>
  <testcase name="testDataTypeUnparsing[69: cat.db.MyType]" classname="org.apache.flink.sql.parser.FlinkDDLDataTypeTest" time="0.017"/>
  <testcase name="testThrowsError[69: cat.db.MyType]" classname="org.apache.flink.sql.parser.FlinkDDLDataTypeTest" time="0"/>
  <testcase name="testDataTypeParsing[69: cat.db.MyType]" classname="org.apache.flink.sql.parser.FlinkDDLDataTypeTest" time="0"/>
  <testcase name="testDataTypeUnparsing[70: `db`.`MyType`]" classname="org.apache.flink.sql.parser.FlinkDDLDataTypeTest" time="0.004"/>
  <testcase name="testThrowsError[70: `db`.`MyType`]" classname="org.apache.flink.sql.parser.FlinkDDLDataTypeTest" time="0"/>
  <testcase name="testDataTypeParsing[70: `db`.`MyType`]" classname="org.apache.flink.sql.parser.FlinkDDLDataTypeTest" time="0"/>
  <testcase name="testDataTypeUnparsing[71: MyType]" classname="org.apache.flink.sql.parser.FlinkDDLDataTypeTest" time="0.001"/>
  <testcase name="testThrowsError[71: MyType]" classname="org.apache.flink.sql.parser.FlinkDDLDataTypeTest" time="0.001"/>
  <testcase name="testDataTypeParsing[71: MyType]" classname="org.apache.flink.sql.parser.FlinkDDLDataTypeTest" time="0"/>
  <testcase name="testDataTypeUnparsing[72: ARRAY&lt;MyType&gt;]" classname="org.apache.flink.sql.parser.FlinkDDLDataTypeTest" time="0.003"/>
  <testcase name="testThrowsError[72: ARRAY&lt;MyType&gt;]" classname="org.apache.flink.sql.parser.FlinkDDLDataTypeTest" time="0"/>
  <testcase name="testDataTypeParsing[72: ARRAY&lt;MyType&gt;]" classname="org.apache.flink.sql.parser.FlinkDDLDataTypeTest" time="0"/>
  <testcase name="testDataTypeUnparsing[73: ROW&lt;f0 MyType, f1 `c`.`d`.`t`&gt;]" classname="org.apache.flink.sql.parser.FlinkDDLDataTypeTest" time="0.002"/>
  <testcase name="testThrowsError[73: ROW&lt;f0 MyType, f1 `c`.`d`.`t`&gt;]" classname="org.apache.flink.sql.parser.FlinkDDLDataTypeTest" time="0.001"/>
  <testcase name="testDataTypeParsing[73: ROW&lt;f0 MyType, f1 `c`.`d`.`t`&gt;]" classname="org.apache.flink.sql.parser.FlinkDDLDataTypeTest" time="0.003"/>
  <testcase name="testDataTypeUnparsing[74: ^INTERVAL^ YEAR]" classname="org.apache.flink.sql.parser.FlinkDDLDataTypeTest" time="0.001"/>
  <testcase name="testThrowsError[74: ^INTERVAL^ YEAR]" classname="org.apache.flink.sql.parser.FlinkDDLDataTypeTest" time="0.013"/>
  <testcase name="testDataTypeParsing[74: ^INTERVAL^ YEAR]" classname="org.apache.flink.sql.parser.FlinkDDLDataTypeTest" time="0.001"/>
  <testcase name="testDataTypeUnparsing[75: RAW{^}^]" classname="org.apache.flink.sql.parser.FlinkDDLDataTypeTest" time="0"/>
  <testcase name="testThrowsError[75: RAW{^}^]" classname="org.apache.flink.sql.parser.FlinkDDLDataTypeTest" time="0.005"/>
  <testcase name="testDataTypeParsing[75: RAW{^}^]" classname="org.apache.flink.sql.parser.FlinkDDLDataTypeTest" time="0"/>
  <testcase name="testDataTypeUnparsing[76: RAW{&apos;java.lang.Integer&apos;, ^}^]" classname="org.apache.flink.sql.parser.FlinkDDLDataTypeTest" time="0.001"/>
  <testcase name="testThrowsError[76: RAW{&apos;java.lang.Integer&apos;, ^}^]" classname="org.apache.flink.sql.parser.FlinkDDLDataTypeTest" time="0.003"/>
  <testcase name="testDataTypeParsing[76: RAW{&apos;java.lang.Integer&apos;, ^}^]" classname="org.apache.flink.sql.parser.FlinkDDLDataTypeTest" time="0.001"/>
</testsuite>