<?xml version="1.0" encoding="UTF-8"?>
<testsuite xmlns:xsi="http://www.w3.org/2001/XMLSchema-instance" xsi:noNamespaceSchemaLocation="https://maven.apache.org/surefire/maven-surefire-plugin/xsd/surefire-test-report.xsd" name="org.apache.flink.table.catalog.hive.HiveCatalogHiveMetadataTest" time="26.44" tests="98" errors="0" skipped="1" failures="0">
  <properties>
[...]
</properties>
  <testcase name="testAlterTableColumnStatistics" classname="org.apache.flink.table.catalog.hive.HiveCatalogHiveMetadataTest" time="3.85"/>
  <testcase name="testCreateTable_StorageFormatSet" classname="org.apache.flink.table.catalog.hive.HiveCatalogHiveMetadataTest" time="0.804"/>
  <testcase name="testAlterPartition" classname="org.apache.flink.table.catalog.hive.HiveCatalogHiveMetadataTest" time="1.154"/>
  <testcase name="testHiveStatistics" classname="org.apache.flink.table.catalog.hive.HiveCatalogHiveMetadataTest" time="0.665"/>
  <testcase name="testCreateTableWithConstraints" classname="org.apache.flink.table.catalog.hive.HiveCatalogHiveMetadataTest" time="0">
    <skipped message="got: &lt;false&gt;, expected: is &lt;true&gt;" type="org.junit.AssumptionViolatedException"><![CDATA[org.junit.AssumptionViolatedException: got: <false>, expected: is <true>
	at org.junit.Assume.assumeThat(Assume.java:106)
	at org.junit.Assume.assumeTrue(Assume.java:50)
	at org.apache.flink.table.catalog.hive.HiveCatalogHiveMetadataTest.testCreateTableWithConstraints(HiveCatalogHiveMetadataTest.java:258)
	at sun.reflect.NativeMethodAccessorImpl.invoke0(Native Method)
	at sun.reflect.NativeMethodAccessorImpl.invoke(NativeMethodAccessorImpl.java:62)
	at sun.reflect.DelegatingMethodAccessorImpl.invoke(DelegatingMethodAccessorImpl.java:43)
	at java.lang.reflect.Method.invoke(Method.java:498)
	at org.junit.runners.model.FrameworkMethod$1.runReflectiveCall(FrameworkMethod.java:59)
	at org.junit.internal.runners.model.ReflectiveCallable.run(ReflectiveCallable.java:12)
	at org.junit.runners.model.FrameworkMethod.invokeExplosively(FrameworkMethod.java:56)
	at org.junit.internal.runners.statements.InvokeMethod.evaluate(InvokeMethod.java:17)
	at org.junit.internal.runners.statements.RunAfters.evaluate(RunAfters.java:27)
	at org.junit.rules.ExpectedException$ExpectedExceptionStatement.evaluate(ExpectedException.java:258)
	at org.junit.runners.ParentRunner$3.evaluate(ParentRunner.java:306)
	at org.junit.runners.BlockJUnit4ClassRunner$1.evaluate(BlockJUnit4ClassRunner.java:100)
	at org.junit.runners.ParentRunner.runLeaf(ParentRunner.java:366)
	at org.junit.runners.BlockJUnit4ClassRunner.runChild(BlockJUnit4ClassRunner.java:103)
	at org.junit.runners.BlockJUnit4ClassRunner.runChild(BlockJUnit4ClassRunner.java:63)
	at org.junit.runners.ParentRunner$4.run(ParentRunner.java:331)
	at org.junit.runners.ParentRunner$1.schedule(ParentRunner.java:79)
	at org.junit.runners.ParentRunner.runChildren(ParentRunner.java:329)
	at org.junit.runners.ParentRunner.access$100(ParentRunner.java:66)
	at org.junit.runners.ParentRunner$2.evaluate(ParentRunner.java:293)
	at org.junit.internal.runners.statements.RunBefores.evaluate(RunBefores.java:26)
	at org.junit.internal.runners.statements.RunAfters.evaluate(RunAfters.java:27)
	at org.junit.runners.ParentRunner$3.evaluate(ParentRunner.java:306)
	at org.junit.runners.ParentRunner.run(ParentRunner.java:413)
	at org.junit.runner.JUnitCore.run(JUnitCore.java:137)
	at org.junit.runner.JUnitCore.run(JUnitCore.java:115)
	at org.junit.vintage.engine.execution.RunnerExecutor.execute(RunnerExecutor.java:43)
	at java.util.stream.ForEachOps$ForEachOp$OfRef.accept(ForEachOps.java:184)
	at java.util.stream.ReferencePipeline$3$1.accept(ReferencePipeline.java:193)
	at java.util.Iterator.forEachRemaining(Iterator.java:116)
	at java.util.Spliterators$IteratorSpliterator.forEachRemaining(Spliterators.java:1801)
	at java.util.stream.AbstractPipeline.copyInto(AbstractPipeline.java:482)
	at java.util.stream.AbstractPipeline.wrapAndCopyInto(AbstractPipeline.java:472)
	at java.util.stream.ForEachOps$ForEachOp.evaluateSequential(ForEachOps.java:151)
	at java.util.stream.ForEachOps$ForEachOp$OfRef.evaluateSequential(ForEachOps.java:174)
	at java.util.stream.AbstractPipeline.evaluate(AbstractPipeline.java:234)
	at java.util.stream.ReferencePipeline.forEach(ReferencePipeline.java:418)
	at org.junit.vintage.engine.VintageTestEngine.executeAllChildren(VintageTestEngine.java:82)
	at org.junit.vintage.engine.VintageTestEngine.execute(VintageTestEngine.java:73)
	at org.junit.platform.launcher.core.DefaultLauncher.execute(DefaultLauncher.java:220)
	at org.junit.platform.launcher.core.DefaultLauncher.lambda$execute$6(DefaultLauncher.java:188)
	at org.junit.platform.launcher.core.DefaultLauncher.withInterceptedStreams(DefaultLauncher.java:202)
	at org.junit.platform.launcher.core.DefaultLauncher.execute(DefaultLauncher.java:181)
	at org.junit.platform.launcher.core.DefaultLauncher.execute(DefaultLauncher.java:128)
	at org.apache.maven.surefire.junitplatform.JUnitPlatformProvider.invokeAllTests(JUnitPlatformProvider.java:150)
	at org.apache.maven.surefire.junitplatform.JUnitPlatformProvider.invoke(JUnitPlatformProvider.java:120)
	at org.apache.maven.surefire.booter.ForkedBooter.invokeProviderInSameClassLoader(ForkedBooter.java:384)
	at org.apache.maven.surefire.booter.ForkedBooter.runSuitesInProcess(ForkedBooter.java:345)
	at org.apache.maven.surefire.booter.ForkedBooter.execute(ForkedBooter.java:126)
	at org.apache.maven.surefire.booter.ForkedBooter.main(ForkedBooter.java:418)
]]></skipped>
  </testcase>
  <testcase name="testViewCompatibility" classname="org.apache.flink.table.catalog.hive.HiveCatalogHiveMetadataTest" time="0.405"/>
  <testcase name="testAlterPartitionColumnStatistics" classname="org.apache.flink.table.catalog.hive.HiveCatalogHiveMetadataTest" time="1.007"/>
  <testcase name="testAlterTableStats" classname="org.apache.flink.table.catalog.hive.HiveCatalogHiveMetadataTest" time="0.405"/>
  <testcase name="testCreateFunctionCaseInsensitive" classname="org.apache.flink.table.catalog.hive.HiveCatalogHiveMetadataTest" time="0.177"/>
  <testcase name="testDropPartition" classname="org.apache.flink.table.catalog.hive.HiveCatalogHiveMetadataTest" time="0.462"/>
  <testcase name="testDropDb_DatabaseNotEmptyException" classname="org.apache.flink.table.catalog.hive.HiveCatalogHiveMetadataTest" time="0.142"/>
  <testcase name="testRenameView" classname="org.apache.flink.table.catalog.hive.HiveCatalogHiveMetadataTest" time="0.184"/>
  <testcase name="testDropDb_DatabaseNotExist_Ignore" classname="org.apache.flink.table.catalog.hive.HiveCatalogHiveMetadataTest" time="0.004"/>
  <testcase name="testDropPartition_PartitionSpecInvalid" classname="org.apache.flink.table.catalog.hive.HiveCatalogHiveMetadataTest" time="0.111"/>
  <testcase name="testCreatePartition_PartitionAlreadyExists_ignored" classname="org.apache.flink.table.catalog.hive.HiveCatalogHiveMetadataTest" time="0.347"/>
  <testcase name="testCreateDb" classname="org.apache.flink.table.catalog.hive.HiveCatalogHiveMetadataTest" time="0.054"/>
  <testcase name="testAlterTable_TableNotExistException" classname="org.apache.flink.table.catalog.hive.HiveCatalogHiveMetadataTest" time="0.006"/>
  <testcase name="testDropPartition_TableNotExist" classname="org.apache.flink.table.catalog.hive.HiveCatalogHiveMetadataTest" time="0.082"/>
  <testcase name="testAlterTableStats_TableNotExistException" classname="org.apache.flink.table.catalog.hive.HiveCatalogHiveMetadataTest" time="0.006"/>
  <testcase name="testCreateTable_Streaming" classname="org.apache.flink.table.catalog.hive.HiveCatalogHiveMetadataTest" time="0.004"/>
  <testcase name="testGetFunction_FunctionNotExistException_NoDb" classname="org.apache.flink.table.catalog.hive.HiveCatalogHiveMetadataTest" time="0.005"/>
  <testcase name="testAlterTable" classname="org.apache.flink.table.catalog.hive.HiveCatalogHiveMetadataTest" time="0.538"/>
  <testcase name="testCreateView_TableAlreadyExistException" classname="org.apache.flink.table.catalog.hive.HiveCatalogHiveMetadataTest" time="0.15"/>
  <testcase name="testDropFunction" classname="org.apache.flink.table.catalog.hive.HiveCatalogHiveMetadataTest" time="0.183"/>
  <testcase name="testAlterPartitionedTable" classname="org.apache.flink.table.catalog.hive.HiveCatalogHiveMetadataTest" time="0.205"/>
  <testcase name="testCreateDb_DatabaseAlreadyExistException" classname="org.apache.flink.table.catalog.hive.HiveCatalogHiveMetadataTest" time="0.045"/>
  <testcase name="testAlterDb" classname="org.apache.flink.table.catalog.hive.HiveCatalogHiveMetadataTest" time="0.089"/>
  <testcase name="testGetPartition_PartitionSpecInvalid_sizeNotEqual" classname="org.apache.flink.table.catalog.hive.HiveCatalogHiveMetadataTest" time="0.11"/>
  <testcase name="testCreateDb_DatabaseAlreadyExist_ignored" classname="org.apache.flink.table.catalog.hive.HiveCatalogHiveMetadataTest" time="0.06"/>
  <testcase name="testAlterView_TableNotExist_ignored" classname="org.apache.flink.table.catalog.hive.HiveCatalogHiveMetadataTest" time="0.04"/>
  <testcase name="testRenameTable_nonPartitionedTable" classname="org.apache.flink.table.catalog.hive.HiveCatalogHiveMetadataTest" time="0.188"/>
  <testcase name="testCreateTable_DatabaseNotExistException" classname="org.apache.flink.table.catalog.hive.HiveCatalogHiveMetadataTest" time="0.006"/>
  <testcase name="testDropFunction_FunctionNotExistException" classname="org.apache.flink.table.catalog.hive.HiveCatalogHiveMetadataTest" time="0.009"/>
  <testcase name="testCreateTable_Batch" classname="org.apache.flink.table.catalog.hive.HiveCatalogHiveMetadataTest" time="0.286"/>
  <testcase name="testCreateTable_TableAlreadyExist_ignored" classname="org.apache.flink.table.catalog.hive.HiveCatalogHiveMetadataTest" time="0.151"/>
  <testcase name="testCreatePartition_PartitionSpecInvalidException" classname="org.apache.flink.table.catalog.hive.HiveCatalogHiveMetadataTest" time="0.148"/>
  <testcase name="testRenameTable_TableNotExistException_ignored" classname="org.apache.flink.table.catalog.hive.HiveCatalogHiveMetadataTest" time="0.043"/>
  <testcase name="testCreatePartition_TableNotExistException" classname="org.apache.flink.table.catalog.hive.HiveCatalogHiveMetadataTest" time="0.053"/>
  <testcase name="testTableExists" classname="org.apache.flink.table.catalog.hive.HiveCatalogHiveMetadataTest" time="0.129"/>
  <testcase name="testAlterFunction_FunctionNotExistException" classname="org.apache.flink.table.catalog.hive.HiveCatalogHiveMetadataTest" time="0.003"/>
  <testcase name="testAlterView" classname="org.apache.flink.table.catalog.hive.HiveCatalogHiveMetadataTest" time="0.164"/>
  <testcase name="testCreatePythonFunction" classname="org.apache.flink.table.catalog.hive.HiveCatalogHiveMetadataTest" time="0.056"/>
  <testcase name="testAlterDb_DatabaseNotExistException" classname="org.apache.flink.table.catalog.hive.HiveCatalogHiveMetadataTest" time="0.003"/>
  <testcase name="testAlterTable_TableNotExist_ignored" classname="org.apache.flink.table.catalog.hive.HiveCatalogHiveMetadataTest" time="0.053"/>
  <testcase name="testAlterTableStats_partitionedTable" classname="org.apache.flink.table.catalog.hive.HiveCatalogHiveMetadataTest" time="0.152"/>
  <testcase name="testListTables" classname="org.apache.flink.table.catalog.hive.HiveCatalogHiveMetadataTest" time="0.223"/>
  <testcase name="testCreateView_DatabaseNotExistException" classname="org.apache.flink.table.catalog.hive.HiveCatalogHiveMetadataTest" time="0.005"/>
  <testcase name="testListFunctions_DatabaseNotExistException" classname="org.apache.flink.table.catalog.hive.HiveCatalogHiveMetadataTest" time="0.002"/>
  <testcase name="testDropTable_TableNotExist_ignored" classname="org.apache.flink.table.catalog.hive.HiveCatalogHiveMetadataTest" time="0.043"/>
  <testcase name="testGetPartition_TableNotPartitioned" classname="org.apache.flink.table.catalog.hive.HiveCatalogHiveMetadataTest" time="0.12"/>
  <testcase name="testDropTable_TableNotExistException" classname="org.apache.flink.table.catalog.hive.HiveCatalogHiveMetadataTest" time="0.003"/>
  <testcase name="testCreateView_TableAlreadyExist_ignored" classname="org.apache.flink.table.catalog.hive.HiveCatalogHiveMetadataTest" time="0.099"/>
  <testcase name="testAlterTableStats_TableNotExistException_ignore" classname="org.apache.flink.table.catalog.hive.HiveCatalogHiveMetadataTest" time="0.001"/>
  <testcase name="testCreateTable_TableAlreadyExistException" classname="org.apache.flink.table.catalog.hive.HiveCatalogHiveMetadataTest" time="0.097"/>
  <testcase name="testAlterPartition_PartitionNotExist_ignored" classname="org.apache.flink.table.catalog.hive.HiveCatalogHiveMetadataTest" time="0.109"/>
  <testcase name="testGetPartition_PartitionNotExist" classname="org.apache.flink.table.catalog.hive.HiveCatalogHiveMetadataTest" time="0.111"/>
  <testcase name="testGetTableStats_TableNotExistException" classname="org.apache.flink.table.catalog.hive.HiveCatalogHiveMetadataTest" time="0.041"/>
  <testcase name="testDropPartition_TableNotPartitioned" classname="org.apache.flink.table.catalog.hive.HiveCatalogHiveMetadataTest" time="0.096"/>
  <testcase name="testDropTable_nonPartitionedTable" classname="org.apache.flink.table.catalog.hive.HiveCatalogHiveMetadataTest" time="0.104"/>
  <testcase name="testAlterView_TableNotExistException" classname="org.apache.flink.table.catalog.hive.HiveCatalogHiveMetadataTest" time="0.002"/>
  <testcase name="testDropView" classname="org.apache.flink.table.catalog.hive.HiveCatalogHiveMetadataTest" time="0.079"/>
  <testcase name="testCreateFunction_DatabaseNotExistException" classname="org.apache.flink.table.catalog.hive.HiveCatalogHiveMetadataTest" time="0.005"/>
  <testcase name="testAlterPartition_TableNotExist" classname="org.apache.flink.table.catalog.hive.HiveCatalogHiveMetadataTest" time="0.04"/>
  <testcase name="testRenameTable_TableAlreadyExistException" classname="org.apache.flink.table.catalog.hive.HiveCatalogHiveMetadataTest" time="0.277"/>
  <testcase name="testGetFunction_FunctionNotExistException" classname="org.apache.flink.table.catalog.hive.HiveCatalogHiveMetadataTest" time="0.045"/>
  <testcase name="testCreatePartition_TableNotPartitionedException" classname="org.apache.flink.table.catalog.hive.HiveCatalogHiveMetadataTest" time="0.094"/>
  <testcase name="testGetTable_TableNotExistException" classname="org.apache.flink.table.catalog.hive.HiveCatalogHiveMetadataTest" time="0.044"/>
  <testcase name="testCreateView" classname="org.apache.flink.table.catalog.hive.HiveCatalogHiveMetadataTest" time="0.083"/>
  <testcase name="testGetPartition_PartitionSpecInvalid_invalidPartitionSpec" classname="org.apache.flink.table.catalog.hive.HiveCatalogHiveMetadataTest" time="0.094"/>
  <testcase name="testAlterPartitionTableStats" classname="org.apache.flink.table.catalog.hive.HiveCatalogHiveMetadataTest" time="0.349"/>
  <testcase name="testGetPartitionStats" classname="org.apache.flink.table.catalog.hive.HiveCatalogHiveMetadataTest" time="0.435"/>
  <testcase name="testAlterFunction_FunctionNotExist_ignored" classname="org.apache.flink.table.catalog.hive.HiveCatalogHiveMetadataTest" time="0.122"/>
  <testcase name="testGetPartition_TableNotExist" classname="org.apache.flink.table.catalog.hive.HiveCatalogHiveMetadataTest" time="0.002"/>
  <testcase name="testCreatePartition" classname="org.apache.flink.table.catalog.hive.HiveCatalogHiveMetadataTest" time="0.736"/>
  <testcase name="testDropPartition_PartitionNotExist_ignored" classname="org.apache.flink.table.catalog.hive.HiveCatalogHiveMetadataTest" time="0.191"/>
  <testcase name="testAlterTable_differentTypedTable" classname="org.apache.flink.table.catalog.hive.HiveCatalogHiveMetadataTest" time="0.119"/>
  <testcase name="testDropDb_DatabaseNotExistException" classname="org.apache.flink.table.catalog.hive.HiveCatalogHiveMetadataTest" time="0.002"/>
  <testcase name="testListFunctions" classname="org.apache.flink.table.catalog.hive.HiveCatalogHiveMetadataTest" time="0.084"/>
  <testcase name="testCreateFunction" classname="org.apache.flink.table.catalog.hive.HiveCatalogHiveMetadataTest" time="0.049"/>
  <testcase name="testAlterFunction" classname="org.apache.flink.table.catalog.hive.HiveCatalogHiveMetadataTest" time="0.081"/>
  <testcase name="testAlterPythonFunction" classname="org.apache.flink.table.catalog.hive.HiveCatalogHiveMetadataTest" time="0.051"/>
  <testcase name="testCreateFunction_FunctionAlreadyExistException" classname="org.apache.flink.table.catalog.hive.HiveCatalogHiveMetadataTest" time="0.054"/>
  <testcase name="testCreatePartitionedTable_Batch" classname="org.apache.flink.table.catalog.hive.HiveCatalogHiveMetadataTest" time="0.123"/>
  <testcase name="testDropDb" classname="org.apache.flink.table.catalog.hive.HiveCatalogHiveMetadataTest" time="0.055"/>
  <testcase name="testCreatePartition_PartitionAlreadyExistsException" classname="org.apache.flink.table.catalog.hive.HiveCatalogHiveMetadataTest" time="0.627"/>
  <testcase name="testRenameTable_TableNotExistException" classname="org.apache.flink.table.catalog.hive.HiveCatalogHiveMetadataTest" time="0.04"/>
  <testcase name="testGetTable_TableNotExistException_NoDb" classname="org.apache.flink.table.catalog.hive.HiveCatalogHiveMetadataTest" time="0.002"/>
  <testcase name="testAlterPartition_PartitionSpecInvalid" classname="org.apache.flink.table.catalog.hive.HiveCatalogHiveMetadataTest" time="0.128"/>
  <testcase name="testAlterDb_DatabaseNotExist_ignored" classname="org.apache.flink.table.catalog.hive.HiveCatalogHiveMetadataTest" time="0.003"/>
  <testcase name="testAlterPartition_PartitionNotExist" classname="org.apache.flink.table.catalog.hive.HiveCatalogHiveMetadataTest" time="0.098"/>
  <testcase name="testGetDb_DatabaseNotExistException" classname="org.apache.flink.table.catalog.hive.HiveCatalogHiveMetadataTest" time="0.002"/>
  <testcase name="testPartitionExists" classname="org.apache.flink.table.catalog.hive.HiveCatalogHiveMetadataTest" time="0.348"/>
  <testcase name="testListPartitionPartialSpec" classname="org.apache.flink.table.catalog.hive.HiveCatalogHiveMetadataTest" time="0.508"/>
  <testcase name="testAlterPartition_TableNotPartitioned" classname="org.apache.flink.table.catalog.hive.HiveCatalogHiveMetadataTest" time="0.143"/>
  <testcase name="testDropFunction_FunctionNotExist_ignored" classname="org.apache.flink.table.catalog.hive.HiveCatalogHiveMetadataTest" time="0.04"/>
  <testcase name="testListView" classname="org.apache.flink.table.catalog.hive.HiveCatalogHiveMetadataTest" time="0.152"/>
  <testcase name="testDbExists" classname="org.apache.flink.table.catalog.hive.HiveCatalogHiveMetadataTest" time="0.065"/>
  <testcase name="testDropPartition_PartitionNotExist" classname="org.apache.flink.table.catalog.hive.HiveCatalogHiveMetadataTest" time="0.189"/>
</testsuite>