<?xml version="1.0" encoding="UTF-8"?>
<testsuite xmlns:xsi="http://www.w3.org/2001/XMLSchema-instance" xsi:noNamespaceSchemaLocation="https://maven.apache.org/surefire/maven-surefire-plugin/xsd/surefire-test-report.xsd" name="org.apache.flink.fs.s3.common.S3EntropyFsFactoryTest" time="1.736" tests="2" errors="0" skipped="0" failures="0">
  <properties>
[...]
</properties>
  <testcase name="testEntropyInjectionConfig" classname="org.apache.flink.fs.s3.common.S3EntropyFsFactoryTest" time="1.725"/>
  <testcase name="testMultipleTempDirsConfig" classname="org.apache.flink.fs.s3.common.S3EntropyFsFactoryTest" time="0.002"/>
</testsuite>