<?xml version="1.0" encoding="UTF-8"?>
<testsuite xmlns:xsi="http://www.w3.org/2001/XMLSchema-instance" xsi:noNamespaceSchemaLocation="https://maven.apache.org/surefire/maven-surefire-plugin/xsd/surefire-test-report.xsd" name="org.apache.flink.contrib.streaming.state.EmbeddedRocksDBStateBackendTest" time="69.847" tests="150" errors="0" skipped="0" failures="0">
  <properties>
[...]
</properties>
  <testcase name="testCompletingSnapshot[0]" classname="org.apache.flink.contrib.streaming.state.EmbeddedRocksDBStateBackendTest" time="1.073"/>
  <testcase name="testCancelRunningSnapshot[0]" classname="org.apache.flink.contrib.streaming.state.EmbeddedRocksDBStateBackendTest" time="0.096"/>
  <testcase name="testReleasingSnapshotAfterBackendClosed[0]" classname="org.apache.flink.contrib.streaming.state.EmbeddedRocksDBStateBackendTest" time="0.07"/>
  <testcase name="testCorrectMergeOperatorSet[0]" classname="org.apache.flink.contrib.streaming.state.EmbeddedRocksDBStateBackendTest" time="0.521"/>
  <testcase name="testDisposeDeletesAllDirectories[0]" classname="org.apache.flink.contrib.streaming.state.EmbeddedRocksDBStateBackendTest" time="0.058"/>
  <testcase name="testDismissingSnapshot[0]" classname="org.apache.flink.contrib.streaming.state.EmbeddedRocksDBStateBackendTest" time="0.041"/>
  <testcase name="testSharedIncrementalStateDeRegistration[0]" classname="org.apache.flink.contrib.streaming.state.EmbeddedRocksDBStateBackendTest" time="0.151"/>
  <testcase name="testDismissingSnapshotNotRunnable[0]" classname="org.apache.flink.contrib.streaming.state.EmbeddedRocksDBStateBackendTest" time="0.038"/>
  <testcase name="testKryoRegisteringRestoreResilienceWithDefaultSerializer[0]" classname="org.apache.flink.contrib.streaming.state.EmbeddedRocksDBStateBackendTest" time="0.386"/>
  <testcase name="testReducingStateRestoreWithWrongSerializers[0]" classname="org.apache.flink.contrib.streaming.state.EmbeddedRocksDBStateBackendTest" time="0.101"/>
  <testcase name="testListStateDefaultValue[0]" classname="org.apache.flink.contrib.streaming.state.EmbeddedRocksDBStateBackendTest" time="0.045"/>
  <testcase name="testMapStateGetKeysAndNamespaces[0]" classname="org.apache.flink.contrib.streaming.state.EmbeddedRocksDBStateBackendTest" time="0.103"/>
  <testcase name="testValueStateRestoreWithWrongSerializers[0]" classname="org.apache.flink.contrib.streaming.state.EmbeddedRocksDBStateBackendTest" time="0.094"/>
  <testcase name="testKryoRegisteringRestoreResilienceWithRegisteredType[0]" classname="org.apache.flink.contrib.streaming.state.EmbeddedRocksDBStateBackendTest" time="0.124"/>
  <testcase name="testListStateMerging[0]" classname="org.apache.flink.contrib.streaming.state.EmbeddedRocksDBStateBackendTest" time="0.044"/>
  <testcase name="testBackendUsesRegisteredKryoSerializerUsingGetOrCreate[0]" classname="org.apache.flink.contrib.streaming.state.EmbeddedRocksDBStateBackendTest" time="0.058"/>
  <testcase name="testReducingStateDefaultValue[0]" classname="org.apache.flink.contrib.streaming.state.EmbeddedRocksDBStateBackendTest" time="0.036"/>
  <testcase name="testMapStateRestoreWithWrongSerializers[0]" classname="org.apache.flink.contrib.streaming.state.EmbeddedRocksDBStateBackendTest" time="0.106"/>
  <testcase name="testMultipleValueStates[0]" classname="org.apache.flink.contrib.streaming.state.EmbeddedRocksDBStateBackendTest" time="0.119"/>
  <testcase name="testKeyGroupsSnapshotRestoreScaleDownUnEvenDistribute[0]" classname="org.apache.flink.contrib.streaming.state.EmbeddedRocksDBStateBackendTest" time="7.906"/>
  <testcase name="testEmptyStateCheckpointing[0]" classname="org.apache.flink.contrib.streaming.state.EmbeddedRocksDBStateBackendTest" time="0.095"/>
  <testcase name="testParallelAsyncSnapshots[0]" classname="org.apache.flink.contrib.streaming.state.EmbeddedRocksDBStateBackendTest" time="0.093"/>
  <testcase name="testAsyncSnapshotCancellation[0]" classname="org.apache.flink.contrib.streaming.state.EmbeddedRocksDBStateBackendTest" time="0.062"/>
  <testcase name="testMapStateIsEmpty[0]" classname="org.apache.flink.contrib.streaming.state.EmbeddedRocksDBStateBackendTest" time="0.182"/>
  <testcase name="testAggregatingStateAddAndGetWithImmutableAccumulator[0]" classname="org.apache.flink.contrib.streaming.state.EmbeddedRocksDBStateBackendTest" time="0.038"/>
  <testcase name="testBackendUsesRegisteredKryoSerializer[0]" classname="org.apache.flink.contrib.streaming.state.EmbeddedRocksDBStateBackendTest" time="0.063"/>
  <testcase name="testListStateAPIs[0]" classname="org.apache.flink.contrib.streaming.state.EmbeddedRocksDBStateBackendTest" time="0.041"/>
  <testcase name="testValueStateDefaultValue[0]" classname="org.apache.flink.contrib.streaming.state.EmbeddedRocksDBStateBackendTest" time="0.101"/>
  <testcase name="testRequireNonNullNamespace[0]" classname="org.apache.flink.contrib.streaming.state.EmbeddedRocksDBStateBackendTest" time="0.046"/>
  <testcase name="testValueStateRace[0]" classname="org.apache.flink.contrib.streaming.state.EmbeddedRocksDBStateBackendTest" time="0.179"/>
  <testcase name="testListStateUpdateNullEntries[0]" classname="org.apache.flink.contrib.streaming.state.EmbeddedRocksDBStateBackendTest" time="0.07"/>
  <testcase name="testNonConcurrentSnapshotTransformerAccess[0]" classname="org.apache.flink.contrib.streaming.state.EmbeddedRocksDBStateBackendTest" time="0.157"/>
  <testcase name="testListState[0]" classname="org.apache.flink.contrib.streaming.state.EmbeddedRocksDBStateBackendTest" time="0.18"/>
  <testcase name="testReducingState[0]" classname="org.apache.flink.contrib.streaming.state.EmbeddedRocksDBStateBackendTest" time="0.166"/>
  <testcase name="testGetKeys[0]" classname="org.apache.flink.contrib.streaming.state.EmbeddedRocksDBStateBackendTest" time="0.075"/>
  <testcase name="testKeyGroupedInternalPriorityQueueAddAll[0]" classname="org.apache.flink.contrib.streaming.state.EmbeddedRocksDBStateBackendTest" time="0.042"/>
  <testcase name="testKeyGroupedInternalPriorityQueue[0]" classname="org.apache.flink.contrib.streaming.state.EmbeddedRocksDBStateBackendTest" time="0.036"/>
  <testcase name="testListStateUpdateNull[0]" classname="org.apache.flink.contrib.streaming.state.EmbeddedRocksDBStateBackendTest" time="0.032"/>
  <testcase name="testConcurrentModificationWithApplyToAllKeys[0]" classname="org.apache.flink.contrib.streaming.state.EmbeddedRocksDBStateBackendTest" time="0.038"/>
  <testcase name="testMapStateDefaultValue[0]" classname="org.apache.flink.contrib.streaming.state.EmbeddedRocksDBStateBackendTest" time="0.038"/>
  <testcase name="testKryoRestoreResilienceWithDifferentRegistrationOrder[0]" classname="org.apache.flink.contrib.streaming.state.EmbeddedRocksDBStateBackendTest" time="0.137"/>
  <testcase name="testReducingStateAddAndGet[0]" classname="org.apache.flink.contrib.streaming.state.EmbeddedRocksDBStateBackendTest" time="0.039"/>
  <testcase name="testKryoRegisteringRestoreResilienceWithRegisteredSerializer[0]" classname="org.apache.flink.contrib.streaming.state.EmbeddedRocksDBStateBackendTest" time="0.18"/>
  <testcase name="testSnapshotNonAccessedState[0]" classname="org.apache.flink.contrib.streaming.state.EmbeddedRocksDBStateBackendTest" time="0.159"/>
  <testcase name="testReducingStateMerging[0]" classname="org.apache.flink.contrib.streaming.state.EmbeddedRocksDBStateBackendTest" time="0.039"/>
  <testcase name="testAsyncSnapshot[0]" classname="org.apache.flink.contrib.streaming.state.EmbeddedRocksDBStateBackendTest" time="0.103"/>
  <testcase name="testAggregatingStateAddAndGetWithMutableAccumulator[0]" classname="org.apache.flink.contrib.streaming.state.EmbeddedRocksDBStateBackendTest" time="0.045"/>
  <testcase name="testNumStateEntries[0]" classname="org.apache.flink.contrib.streaming.state.EmbeddedRocksDBStateBackendTest" time="0.036"/>
  <testcase name="testListStateRestoreWithWrongSerializers[0]" classname="org.apache.flink.contrib.streaming.state.EmbeddedRocksDBStateBackendTest" time="0.097"/>
  <testcase name="testRestoreWithWrongKeySerializer[0]" classname="org.apache.flink.contrib.streaming.state.EmbeddedRocksDBStateBackendTest" time="0.063"/>
  <testcase name="testKeyGroupsSnapshotRestoreNoRescale[0]" classname="org.apache.flink.contrib.streaming.state.EmbeddedRocksDBStateBackendTest" time="3.664"/>
  <testcase name="testListStateAddNull[0]" classname="org.apache.flink.contrib.streaming.state.EmbeddedRocksDBStateBackendTest" time="0.051"/>
  <testcase name="testValueStateNullUpdate[0]" classname="org.apache.flink.contrib.streaming.state.EmbeddedRocksDBStateBackendTest" time="0.105"/>
  <testcase name="testGetKeysAndNamespaces[0]" classname="org.apache.flink.contrib.streaming.state.EmbeddedRocksDBStateBackendTest" time="0.057"/>
  <testcase name="testQueryableStateRegistration[0]" classname="org.apache.flink.contrib.streaming.state.EmbeddedRocksDBStateBackendTest" time="0.174"/>
  <testcase name="testKeyGroupSnapshotRestoreScaleDown[0]" classname="org.apache.flink.contrib.streaming.state.EmbeddedRocksDBStateBackendTest" time="4.057"/>
  <testcase name="testEnableStateLatencyTracking[0]" classname="org.apache.flink.contrib.streaming.state.EmbeddedRocksDBStateBackendTest" time="0.037"/>
  <testcase name="testMapState[0]" classname="org.apache.flink.contrib.streaming.state.EmbeddedRocksDBStateBackendTest" time="0.179"/>
  <testcase name="testMapStateGetKeys[0]" classname="org.apache.flink.contrib.streaming.state.EmbeddedRocksDBStateBackendTest" time="0.053"/>
  <testcase name="testListStateAddAllNull[0]" classname="org.apache.flink.contrib.streaming.state.EmbeddedRocksDBStateBackendTest" time="0.035"/>
  <testcase name="testCheckConcurrencyProblemWhenPerformingCheckpointAsync[0]" classname="org.apache.flink.contrib.streaming.state.EmbeddedRocksDBStateBackendTest" time="0.241"/>
  <testcase name="testAggregatingStateMergingWithMutableAccumulator[0]" classname="org.apache.flink.contrib.streaming.state.EmbeddedRocksDBStateBackendTest" time="0.051"/>
  <testcase name="testValueStateWorkWithTtl[0]" classname="org.apache.flink.contrib.streaming.state.EmbeddedRocksDBStateBackendTest" time="0.053"/>
  <testcase name="testKeyGroupsSnapshotRestoreScaleUpUnEvenDistribute[0]" classname="org.apache.flink.contrib.streaming.state.EmbeddedRocksDBStateBackendTest" time="14.591"/>
  <testcase name="testApplyToAllKeysLambdaFunction[0]" classname="org.apache.flink.contrib.streaming.state.EmbeddedRocksDBStateBackendTest" time="0.054"/>
  <testcase name="testValueState[0]" classname="org.apache.flink.contrib.streaming.state.EmbeddedRocksDBStateBackendTest" time="0.176"/>
  <testcase name="testValueStateNullAsDefaultValue[0]" classname="org.apache.flink.contrib.streaming.state.EmbeddedRocksDBStateBackendTest" time="0.035"/>
  <testcase name="testMapStateIteratorArbitraryAccess[0]" classname="org.apache.flink.contrib.streaming.state.EmbeddedRocksDBStateBackendTest" time="0.065"/>
  <testcase name="testBackendUsesRegisteredKryoDefaultSerializerUsingGetOrCreate[0]" classname="org.apache.flink.contrib.streaming.state.EmbeddedRocksDBStateBackendTest" time="0.061"/>
  <testcase name="testBackendUsesRegisteredKryoDefaultSerializer[0]" classname="org.apache.flink.contrib.streaming.state.EmbeddedRocksDBStateBackendTest" time="0.046"/>
  <testcase name="testCopyDefaultValue[0]" classname="org.apache.flink.contrib.streaming.state.EmbeddedRocksDBStateBackendTest" time="0.034"/>
  <testcase name="testAggregatingStateMergingWithImmutableAccumulator[0]" classname="org.apache.flink.contrib.streaming.state.EmbeddedRocksDBStateBackendTest" time="0.038"/>
  <testcase name="testPojoRestoreResilienceWithDifferentRegistrationOrder[0]" classname="org.apache.flink.contrib.streaming.state.EmbeddedRocksDBStateBackendTest" time="0.137"/>
  <testcase name="testKeyGroupSnapshotRestoreScaleUp[0]" classname="org.apache.flink.contrib.streaming.state.EmbeddedRocksDBStateBackendTest" time="7.756"/>
  <testcase name="testListStateAddAllNullEntries[0]" classname="org.apache.flink.contrib.streaming.state.EmbeddedRocksDBStateBackendTest" time="0.041"/>
  <testcase name="testCompletingSnapshot[1]" classname="org.apache.flink.contrib.streaming.state.EmbeddedRocksDBStateBackendTest" time="0.263"/>
  <testcase name="testCancelRunningSnapshot[1]" classname="org.apache.flink.contrib.streaming.state.EmbeddedRocksDBStateBackendTest" time="0.094"/>
  <testcase name="testReleasingSnapshotAfterBackendClosed[1]" classname="org.apache.flink.contrib.streaming.state.EmbeddedRocksDBStateBackendTest" time="0.046"/>
  <testcase name="testCorrectMergeOperatorSet[1]" classname="org.apache.flink.contrib.streaming.state.EmbeddedRocksDBStateBackendTest" time="0.021"/>
  <testcase name="testDisposeDeletesAllDirectories[1]" classname="org.apache.flink.contrib.streaming.state.EmbeddedRocksDBStateBackendTest" time="0.039"/>
  <testcase name="testDismissingSnapshot[1]" classname="org.apache.flink.contrib.streaming.state.EmbeddedRocksDBStateBackendTest" time="0.035"/>
  <testcase name="testSharedIncrementalStateDeRegistration[1]" classname="org.apache.flink.contrib.streaming.state.EmbeddedRocksDBStateBackendTest" time="0.005"/>
  <testcase name="testDismissingSnapshotNotRunnable[1]" classname="org.apache.flink.contrib.streaming.state.EmbeddedRocksDBStateBackendTest" time="0.026"/>
  <testcase name="testKryoRegisteringRestoreResilienceWithDefaultSerializer[1]" classname="org.apache.flink.contrib.streaming.state.EmbeddedRocksDBStateBackendTest" time="0.127"/>
  <testcase name="testReducingStateRestoreWithWrongSerializers[1]" classname="org.apache.flink.contrib.streaming.state.EmbeddedRocksDBStateBackendTest" time="0.066"/>
  <testcase name="testListStateDefaultValue[1]" classname="org.apache.flink.contrib.streaming.state.EmbeddedRocksDBStateBackendTest" time="0.035"/>
  <testcase name="testMapStateGetKeysAndNamespaces[1]" classname="org.apache.flink.contrib.streaming.state.EmbeddedRocksDBStateBackendTest" time="0.094"/>
  <testcase name="testValueStateRestoreWithWrongSerializers[1]" classname="org.apache.flink.contrib.streaming.state.EmbeddedRocksDBStateBackendTest" time="0.099"/>
  <testcase name="testKryoRegisteringRestoreResilienceWithRegisteredType[1]" classname="org.apache.flink.contrib.streaming.state.EmbeddedRocksDBStateBackendTest" time="0.077"/>
  <testcase name="testListStateMerging[1]" classname="org.apache.flink.contrib.streaming.state.EmbeddedRocksDBStateBackendTest" time="0.036"/>
  <testcase name="testBackendUsesRegisteredKryoSerializerUsingGetOrCreate[1]" classname="org.apache.flink.contrib.streaming.state.EmbeddedRocksDBStateBackendTest" time="0.038"/>
  <testcase name="testReducingStateDefaultValue[1]" classname="org.apache.flink.contrib.streaming.state.EmbeddedRocksDBStateBackendTest" time="0.034"/>
  <testcase name="testMapStateRestoreWithWrongSerializers[1]" classname="org.apache.flink.contrib.streaming.state.EmbeddedRocksDBStateBackendTest" time="0.067"/>
  <testcase name="testMultipleValueStates[1]" classname="org.apache.flink.contrib.streaming.state.EmbeddedRocksDBStateBackendTest" time="0.069"/>
  <testcase name="testKeyGroupsSnapshotRestoreScaleDownUnEvenDistribute[1]" classname="org.apache.flink.contrib.streaming.state.EmbeddedRocksDBStateBackendTest" time="3.47"/>
  <testcase name="testEmptyStateCheckpointing[1]" classname="org.apache.flink.contrib.streaming.state.EmbeddedRocksDBStateBackendTest" time="0.079"/>
  <testcase name="testParallelAsyncSnapshots[1]" classname="org.apache.flink.contrib.streaming.state.EmbeddedRocksDBStateBackendTest" time="0.045"/>
  <testcase name="testAsyncSnapshotCancellation[1]" classname="org.apache.flink.contrib.streaming.state.EmbeddedRocksDBStateBackendTest" time="0.039"/>
  <testcase name="testMapStateIsEmpty[1]" classname="org.apache.flink.contrib.streaming.state.EmbeddedRocksDBStateBackendTest" time="0.193"/>
  <testcase name="testAggregatingStateAddAndGetWithImmutableAccumulator[1]" classname="org.apache.flink.contrib.streaming.state.EmbeddedRocksDBStateBackendTest" time="0.046"/>
  <testcase name="testBackendUsesRegisteredKryoSerializer[1]" classname="org.apache.flink.contrib.streaming.state.EmbeddedRocksDBStateBackendTest" time="0.064"/>
  <testcase name="testListStateAPIs[1]" classname="org.apache.flink.contrib.streaming.state.EmbeddedRocksDBStateBackendTest" time="0.139"/>
  <testcase name="testValueStateDefaultValue[1]" classname="org.apache.flink.contrib.streaming.state.EmbeddedRocksDBStateBackendTest" time="0.083"/>
  <testcase name="testRequireNonNullNamespace[1]" classname="org.apache.flink.contrib.streaming.state.EmbeddedRocksDBStateBackendTest" time="0.032"/>
  <testcase name="testValueStateRace[1]" classname="org.apache.flink.contrib.streaming.state.EmbeddedRocksDBStateBackendTest" time="0.151"/>
  <testcase name="testListStateUpdateNullEntries[1]" classname="org.apache.flink.contrib.streaming.state.EmbeddedRocksDBStateBackendTest" time="0.035"/>
  <testcase name="testNonConcurrentSnapshotTransformerAccess[1]" classname="org.apache.flink.contrib.streaming.state.EmbeddedRocksDBStateBackendTest" time="0.103"/>
  <testcase name="testListState[1]" classname="org.apache.flink.contrib.streaming.state.EmbeddedRocksDBStateBackendTest" time="0.109"/>
  <testcase name="testReducingState[1]" classname="org.apache.flink.contrib.streaming.state.EmbeddedRocksDBStateBackendTest" time="0.096"/>
  <testcase name="testGetKeys[1]" classname="org.apache.flink.contrib.streaming.state.EmbeddedRocksDBStateBackendTest" time="0.054"/>
  <testcase name="testKeyGroupedInternalPriorityQueueAddAll[1]" classname="org.apache.flink.contrib.streaming.state.EmbeddedRocksDBStateBackendTest" time="0.048"/>
  <testcase name="testKeyGroupedInternalPriorityQueue[1]" classname="org.apache.flink.contrib.streaming.state.EmbeddedRocksDBStateBackendTest" time="0.045"/>
  <testcase name="testListStateUpdateNull[1]" classname="org.apache.flink.contrib.streaming.state.EmbeddedRocksDBStateBackendTest" time="0.033"/>
  <testcase name="testConcurrentModificationWithApplyToAllKeys[1]" classname="org.apache.flink.contrib.streaming.state.EmbeddedRocksDBStateBackendTest" time="0.036"/>
  <testcase name="testMapStateDefaultValue[1]" classname="org.apache.flink.contrib.streaming.state.EmbeddedRocksDBStateBackendTest" time="0.033"/>
  <testcase name="testKryoRestoreResilienceWithDifferentRegistrationOrder[1]" classname="org.apache.flink.contrib.streaming.state.EmbeddedRocksDBStateBackendTest" time="0.081"/>
  <testcase name="testReducingStateAddAndGet[1]" classname="org.apache.flink.contrib.streaming.state.EmbeddedRocksDBStateBackendTest" time="0.035"/>
  <testcase name="testKryoRegisteringRestoreResilienceWithRegisteredSerializer[1]" classname="org.apache.flink.contrib.streaming.state.EmbeddedRocksDBStateBackendTest" time="0.104"/>
  <testcase name="testSnapshotNonAccessedState[1]" classname="org.apache.flink.contrib.streaming.state.EmbeddedRocksDBStateBackendTest" time="0.097"/>
  <testcase name="testReducingStateMerging[1]" classname="org.apache.flink.contrib.streaming.state.EmbeddedRocksDBStateBackendTest" time="0.034"/>
  <testcase name="testAsyncSnapshot[1]" classname="org.apache.flink.contrib.streaming.state.EmbeddedRocksDBStateBackendTest" time="0.07"/>
  <testcase name="testAggregatingStateAddAndGetWithMutableAccumulator[1]" classname="org.apache.flink.contrib.streaming.state.EmbeddedRocksDBStateBackendTest" time="0.042"/>
  <testcase name="testNumStateEntries[1]" classname="org.apache.flink.contrib.streaming.state.EmbeddedRocksDBStateBackendTest" time="0.037"/>
  <testcase name="testListStateRestoreWithWrongSerializers[1]" classname="org.apache.flink.contrib.streaming.state.EmbeddedRocksDBStateBackendTest" time="0.065"/>
  <testcase name="testRestoreWithWrongKeySerializer[1]" classname="org.apache.flink.contrib.streaming.state.EmbeddedRocksDBStateBackendTest" time="0.095"/>
  <testcase name="testKeyGroupsSnapshotRestoreNoRescale[1]" classname="org.apache.flink.contrib.streaming.state.EmbeddedRocksDBStateBackendTest" time="3.444"/>
  <testcase name="testListStateAddNull[1]" classname="org.apache.flink.contrib.streaming.state.EmbeddedRocksDBStateBackendTest" time="0.034"/>
  <testcase name="testValueStateNullUpdate[1]" classname="org.apache.flink.contrib.streaming.state.EmbeddedRocksDBStateBackendTest" time="0.067"/>
  <testcase name="testGetKeysAndNamespaces[1]" classname="org.apache.flink.contrib.streaming.state.EmbeddedRocksDBStateBackendTest" time="0.045"/>
  <testcase name="testQueryableStateRegistration[1]" classname="org.apache.flink.contrib.streaming.state.EmbeddedRocksDBStateBackendTest" time="0.065"/>
  <testcase name="testKeyGroupSnapshotRestoreScaleDown[1]" classname="org.apache.flink.contrib.streaming.state.EmbeddedRocksDBStateBackendTest" time="2.764"/>
  <testcase name="testEnableStateLatencyTracking[1]" classname="org.apache.flink.contrib.streaming.state.EmbeddedRocksDBStateBackendTest" time="0.029"/>
  <testcase name="testMapState[1]" classname="org.apache.flink.contrib.streaming.state.EmbeddedRocksDBStateBackendTest" time="0.102"/>
  <testcase name="testMapStateGetKeys[1]" classname="org.apache.flink.contrib.streaming.state.EmbeddedRocksDBStateBackendTest" time="0.05"/>
  <testcase name="testListStateAddAllNull[1]" classname="org.apache.flink.contrib.streaming.state.EmbeddedRocksDBStateBackendTest" time="0.033"/>
  <testcase name="testCheckConcurrencyProblemWhenPerformingCheckpointAsync[1]" classname="org.apache.flink.contrib.streaming.state.EmbeddedRocksDBStateBackendTest" time="0.083"/>
  <testcase name="testAggregatingStateMergingWithMutableAccumulator[1]" classname="org.apache.flink.contrib.streaming.state.EmbeddedRocksDBStateBackendTest" time="0.041"/>
  <testcase name="testValueStateWorkWithTtl[1]" classname="org.apache.flink.contrib.streaming.state.EmbeddedRocksDBStateBackendTest" time="0.041"/>
  <testcase name="testKeyGroupsSnapshotRestoreScaleUpUnEvenDistribute[1]" classname="org.apache.flink.contrib.streaming.state.EmbeddedRocksDBStateBackendTest" time="5.053"/>
  <testcase name="testApplyToAllKeysLambdaFunction[1]" classname="org.apache.flink.contrib.streaming.state.EmbeddedRocksDBStateBackendTest" time="0.044"/>
  <testcase name="testValueState[1]" classname="org.apache.flink.contrib.streaming.state.EmbeddedRocksDBStateBackendTest" time="0.101"/>
  <testcase name="testValueStateNullAsDefaultValue[1]" classname="org.apache.flink.contrib.streaming.state.EmbeddedRocksDBStateBackendTest" time="0.034"/>
  <testcase name="testMapStateIteratorArbitraryAccess[1]" classname="org.apache.flink.contrib.streaming.state.EmbeddedRocksDBStateBackendTest" time="0.063"/>
  <testcase name="testBackendUsesRegisteredKryoDefaultSerializerUsingGetOrCreate[1]" classname="org.apache.flink.contrib.streaming.state.EmbeddedRocksDBStateBackendTest" time="0.047"/>
  <testcase name="testBackendUsesRegisteredKryoDefaultSerializer[1]" classname="org.apache.flink.contrib.streaming.state.EmbeddedRocksDBStateBackendTest" time="0.036"/>
  <testcase name="testCopyDefaultValue[1]" classname="org.apache.flink.contrib.streaming.state.EmbeddedRocksDBStateBackendTest" time="0.032"/>
  <testcase name="testAggregatingStateMergingWithImmutableAccumulator[1]" classname="org.apache.flink.contrib.streaming.state.EmbeddedRocksDBStateBackendTest" time="0.036"/>
  <testcase name="testPojoRestoreResilienceWithDifferentRegistrationOrder[1]" classname="org.apache.flink.contrib.streaming.state.EmbeddedRocksDBStateBackendTest" time="0.073"/>
  <testcase name="testKeyGroupSnapshotRestoreScaleUp[1]" classname="org.apache.flink.contrib.streaming.state.EmbeddedRocksDBStateBackendTest" time="4.929"/>
  <testcase name="testListStateAddAllNullEntries[1]" classname="org.apache.flink.contrib.streaming.state.EmbeddedRocksDBStateBackendTest" time="0.033"/>
</testsuite>